null
null
null
7 
null
20 
null
null
null
16 
null
null
7 
20 
null
null
20 
20 
2 12 
10 
null
10 
1 11 
20 
3 7 10 11 19 
null
3 
3 4 
3 9 
3 9 
null
5 
3 9 
3 6 7 19 
5 10 13 15 
3 6 7 11 19 
5 10 13 15 
3 6 11 19 
3 
3 
5 19 
7 19 20 
1 7 
5 10 13 15 
3 
3 5 13 16 
null
3 4 7 9 17 
2 10 12 17 19 
3 5 13 16 
2 10 12 17 19 
5 10 18 19 
1 7 
null
null
5 10 18 19 
null
2 10 12 17 19 
1 7 
5 10 11 13 15 
2 10 12 17 19 
1 7 17 
5 10 11 13 15 
1 12 
3 5 12 13 16 
5 9 10 11 12 13 15 
3 4 7 15 
3 5 12 13 16 
7 19 20 
3 5 12 13 16 
3 4 6 8 
7 19 20 
3 5 12 13 16 
7 19 20 
7 19 20 
1 7 10 17 
1 12 17 
3 4 7 15 
3 5 12 13 16 
1 7 10 17 
7 19 20 
1 4 5 8 18 19 
6 11 13 19 20 
3 5 12 13 16 
1 10 12 17 
1 10 12 17 
3 4 7 15 17 
1 4 5 8 18 19 
3 4 6 8 15 
3 5 12 13 14 16 
3 5 12 13 14 16 
5 9 10 11 12 13 
3 5 12 13 14 16 
3 4 7 15 17 
2 10 12 17 
5 9 10 11 12 13 
1 10 12 17 
5 9 10 11 12 13 
3 5 12 13 14 15 16 
3 5 12 13 14 15 16 
1 9 10 12 
2 4 6 8 10 11 15 
3 5 12 13 14 15 16 
6 9 11 13 19 20 
5 9 10 11 12 13 
2 12 17 
1 2 6 7 10 17 18 
3 4 7 15 17 19 
1 4 5 8 18 19 
3 4 7 12 15 17 19 
5 6 9 11 13 17 19 20 
7 9 16 19 
1 2 6 7 10 17 18 
5 6 9 13 17 19 20 
5 9 10 11 12 13 18 
1 9 10 12 
1 9 10 12 
1 9 10 12 
1 4 5 8 18 19 
3 4 7 12 15 17 19 
2 12 17 
5 6 8 9 13 17 19 20 
1 9 10 12 
3 4 7 12 15 19 20 
4 9 10 11 12 13 18 
3 4 7 12 13 15 19 20 
2 5 10 12 17 
5 6 8 9 13 15 17 19 20 
1 4 8 18 19 
3 4 5 7 12 13 15 19 20 
2 5 10 12 17 
4 6 8 11 18 
2 5 10 12 14 17 
4 6 8 11 18 
3 5 8 10 12 13 14 15 18 
1 7 9 12 16 19 
1 4 5 8 18 
1 9 10 11 12 
1 4 5 8 18 
1 7 9 12 16 19 
1 4 5 8 18 
1 4 5 8 18 
2 3 4 6 7 10 12 17 18 19 
3 5 8 10 12 13 14 15 18 
1 4 5 8 18 
5 8 10 12 13 14 15 18 19 
5 8 10 12 14 15 18 19 
6 7 8 9 13 14 15 19 20 
2 3 4 6 7 10 12 17 18 19 
1 9 10 11 12 
1 9 10 11 12 
5 8 10 12 14 15 18 19 
1 7 9 12 16 19 
1 7 9 12 16 19 
4 5 6 8 18 19 
3 6 7 8 10 13 14 15 19 20 
4 6 8 11 18 
4 6 8 11 18 
4 6 8 11 18 
1 7 9 12 16 19 
1 9 10 11 12 
2 3 4 6 7 10 17 18 19 
1 9 10 11 12 
4 6 8 11 15 16 18 
4 6 8 11 15 16 18 
2 3 6 7 10 17 18 19 
1 9 10 11 12 
3 6 7 8 10 13 14 15 18 19 20 
4 6 8 11 15 16 18 
3 6 7 8 10 14 15 18 19 20 
1 9 10 11 12 
4 6 8 11 15 16 18 
4 6 8 11 15 16 18 
4 5 7 8 18 19 
4 9 10 11 12 13 16 18 
5 7 8 10 14 15 18 19 
1 7 9 11 12 16 19 
4 9 10 11 12 13 16 18 
2 10 15 17 19 20 
5 7 8 10 14 15 18 19 
2 3 6 7 10 17 18 19 
3 4 5 6 7 12 13 15 19 20 
1 9 10 11 12 
2 3 6 7 10 17 18 19 
4 6 8 11 15 16 18 
2 3 6 7 10 17 18 19 
3 5 6 8 10 14 15 20 
4 5 7 8 18 19 
1 9 10 11 12 
4 6 9 10 11 12 13 16 18 
1 7 9 11 12 15 16 19 
3 4 5 6 7 12 13 15 19 20 
3 5 6 8 10 14 15 20 
3 5 6 8 10 14 15 20 
3 5 6 8 10 14 15 20 
2 3 6 7 10 13 17 18 19 
3 5 7 9 10 14 18 19 
4 6 8 11 15 16 18 19 
3 5 7 9 10 14 18 19 
3 5 7 9 10 14 18 19 
4 6 8 11 15 16 18 19 
1 4 7 9 11 12 15 16 19 
1 4 7 9 11 12 15 16 19 
3 5 6 8 10 13 14 15 20 
4 5 7 8 18 19 
1 9 10 11 12 14 20 
3 5 7 9 10 14 18 19 
3 5 7 9 10 14 18 19 
1 4 7 9 11 12 15 16 19 
1 2 3 7 10 13 17 19 
4 5 7 8 18 19 
2 4 6 8 9 10 
1 4 7 9 11 12 15 16 19 
5 6 8 10 11 15 16 18 19 
5 6 8 10 11 15 16 18 19 
3 4 5 6 7 12 13 15 18 19 20 
2 10 11 12 14 2 10 11 12 14 20 
3 4 5 6 8 10 13 14 15 20 
3 4 5 6 8 10 13 14 15 20 
1 2 3 7 10 13 17 19 
5 6 7 8 10 11 15 16 18 19 
1 4 7 9 11 12 15 16 19 
1 2 3 7 10 13 17 19 
1 2 3 7 10 13 17 19 
2 4 6 8 9 10 17 17 
2 4 6 8 9 10 17 17 
3 4 5 6 8 10 13 14 15 20 
2 4 6 8 9 10 17 17 
1 2 3 7 10 13 17 19 
2 4 6 8 9 10 16 17 16 17 
3 4 5 6 7 11 12 13 15 18 19 20 
3 4 5 6 8 10 13 14 15 20 
2 4 6 8 9 10 16 17 16 17 
3 4 5 6 7 11 12 13 15 18 19 20 
10 15 16 17 19 20 
2 10 11 12 14 2 20 
2 4 6 8 9 10 14 16 17 14 16 17 
3 4 5 6 8 10 13 14 15 20 
5 6 7 8 10 11 13 15 16 17 19 
3 4 5 6 7 11 12 13 15 18 19 20 
4 5 6 7 8 10 11 13 15 16 17 19 
4 5 6 7 8 10 11 13 15 16 17 19 
1 3 5 8 16 17 18 19 20 
2 4 6 7 8 9 10 14 16 17 14 16 17 
3 4 5 6 7 11 12 13 15 18 19 20 
1 2 3 7 8 10 13 14 17 
3 5 6 7 9 10 14 19 
3 4 5 6 8 10 13 14 15 18 20 
3 5 6 7 9 10 14 19 
3 4 5 6 8 10 13 14 15 18 20 
1 4 7 9 11 12 15 16 19 
1 2 3 7 8 13 14 17 
1 3 5 6 7 9 10 14 19 
3 4 5 6 8 10 13 14 15 18 20 
2 4 6 7 8 9 10 14 16 17 14 16 17 
4 5 6 7 8 10 11 13 15 16 17 19 20 
1 3 5 6 7 9 10 14 19 
10 15 16 17 19 20 
2 4 6 7 8 9 10 14 16 17 14 16 17 
1 2 3 7 8 13 14 17 
1 3 5 8 11 16 17 18 19 20 
2 4 6 7 8 9 10 14 16 17 14 16 17 
2 19 10 11 12 14 2 19 20 
2 4 6 7 8 9 10 14 16 17 14 16 17 
1 3 5 6 7 9 10 14 18 19 
2 4 6 7 8 9 10 14 16 17 14 16 17 
1 4 7 9 11 12 15 16 
1 4 7 9 11 12 15 16 
3 4 5 6 7 8 10 13 14 15 17 18 20 
4 5 6 7 8 10 11 13 15 16 17 19 20 
1 4 7 9 11 12 15 16 
9 10 13 15 16 17 18 19 20 
1 3 5 6 7 9 10 14 18 19 
3 4 5 6 7 8 10 11 13 14 15 17 18 20 
2 4 6 7 8 9 10 14 15 16 17 14 15 16 17 
2 8 17 19 10 11 12 14 2 8 17 19 20 
1 4 5 6 7 9 11 12 13 15 18 19 20 
2 8 17 19 10 11 12 14 2 8 17 19 20 
4 7 9 11 12 15 16 
1 2 8 17 19 10 11 12 14 1 2 8 17 19 20 
4 7 9 11 12 15 16 
1 3 4 5 6 7 8 11 15 16 17 18 20 
1 3 4 5 6 7 8 11 15 16 17 18 20 
4 5 7 9 11 12 15 16 
1 4 5 6 7 9 11 12 13 15 18 19 20 
3 4 5 6 7 8 10 11 13 14 15 17 18 20 
1 10 13 10 11 12 14 8 12 17 19 1 10 13 20 
4 5 6 7 8 10 11 13 15 16 17 19 20 
1 3 4 5 6 7 8 11 15 16 17 18 20 
9 10 13 14 15 16 17 18 19 20 
6 9 10 13 14 15 16 17 18 19 20 
1 3 4 5 6 7 8 11 15 16 17 18 20 
2 4 7 8 9 10 11 14 15 16 17 18 14 15 16 17 18 
4 5 6 7 8 10 11 15 16 17 19 20 
1 2 3 8 11 14 15 17 
4 7 9 11 12 15 
3 4 5 6 7 8 10 11 13 15 16 17 18 20 
4 7 9 11 12 15 
1 4 5 6 7 11 12 13 15 18 19 
3 4 5 6 7 8 10 13 15 17 18 
1 4 5 6 7 11 12 13 15 18 19 
1 2 3 8 11 14 15 17 
4 7 9 10 11 12 
1 4 5 6 7 11 12 13 15 18 19 
2 4 7 8 9 10 11 14 15 16 17 18 14 15 16 17 18 
6 9 10 13 14 15 16 17 18 19 20 
1 3 5 8 10 13 10 11 12 14 8 12 17 19 20 
3 5 6 7 14 18 19 
3 5 6 7 14 18 19 
3 4 5 7 8 10 13 15 17 18 
4 5 6 7 8 10 11 15 16 17 19 20 
1 3 4 5 6 7 8 11 14 15 16 17 18 20 
1 2 3 8 11 14 15 17 
2 4 7 8 9 10 14 15 16 17 18 20 14 15 16 17 18 20 
1 3 4 5 7 8 11 14 15 16 17 18 20 
1 3 4 5 7 8 11 14 15 16 17 18 20 
4 7 9 10 11 12 13 19 
1 4 6 7 11 12 13 15 16 18 19 
18 1 3 5 8 10 13 10 11 12 14 8 12 17 19 18 20 
3 4 5 7 8 10 13 15 17 18 
1 4 6 7 11 12 13 15 16 18 19 
6 9 10 13 14 15 16 18 19 20 
1 3 4 5 7 8 11 14 15 16 17 18 20 
1 2 3 8 14 15 17 
3 4 5 7 8 10 13 15 17 18 
