null
6 
3 7 14 
6 19 
3 7 14 
null
null
3 7 14 
null
null
7 9 10 12 16 
null
7 9 10 12 16 
3 7 14 
null
null
9 
7 9 10 12 16 20 
3 7 14 
6 19 
15 
3 7 16 
15 20 
15 20 
15 20 
15 20 
1 5 9 20 
15 20 
6 9 19 
15 20 
1 5 9 20 
1 2 5 9 15 20 
1 2 5 9 15 20 
1 2 5 9 15 20 
2 7 9 10 12 15 20 
3 6 9 19 
3 6 7 13 19 
1 2 5 9 15 20 
1 2 5 9 15 20 
2 6 11 15 17 20 
7 9 10 12 15 20 
3 6 7 13 19 
7 9 10 12 15 20 
1 2 5 15 20 
3 6 9 17 19 
3 6 9 17 19 
3 6 9 17 19 
3 6 9 17 19 
3 6 13 18 19 
2 5 6 11 15 20 
1 2 13 15 17 20 
1 2 8 13 15 17 20 
3 6 9 17 18 19 
3 5 6 9 16 17 18 19 
3 5 6 9 16 17 18 19 
2 10 11 13 15 20 
2 10 11 13 15 20 
2 5 6 11 15 20 
2 3 5 6 11 15 19 20 
3 5 6 8 9 16 17 18 19 
2 10 11 13 15 20 
2 3 5 6 11 15 19 20 
1 2 8 13 15 17 20 
3 6 13 15 16 18 19 
3 5 6 8 9 11 13 16 18 19 
2 10 11 13 15 20 
5 6 8 9 10 11 13 16 18 19 
3 5 6 11 12 13 15 17 19 20 
3 5 6 11 12 13 15 17 19 20 
3 6 13 15 16 17 18 
3 6 13 15 16 17 18 
3 6 13 15 16 17 18 
5 6 8 9 10 11 13 16 18 19 
1 2 8 13 15 17 20 
3 5 6 11 12 13 15 17 19 20 
2 10 11 13 20 
5 6 8 9 10 11 13 16 18 19 
3 6 13 15 16 17 18 19 
3 6 13 15 16 17 18 19 
3 5 6 11 12 13 15 17 19 20 
2 3 10 11 13 20 
5 6 8 9 10 11 13 16 18 19 
1 2 8 13 15 17 20 
2 3 6 10 11 13 20 
3 6 11 12 13 17 19 20 
1 2 8 13 15 17 20 
5 6 8 9 10 11 13 17 18 19 
3 6 8 13 15 16 17 19 
1 2 8 15 17 20 
3 6 8 13 15 16 17 19 
3 6 8 13 15 16 17 19 
2 3 5 6 7 10 11 13 20 
2 3 5 6 7 10 11 13 20 
2 3 5 6 7 10 11 13 20 
3 6 9 11 12 13 14 17 19 20 
2 3 5 6 7 10 11 13 20 
3 6 9 11 12 13 14 17 19 20 
1 2 8 15 17 20 
2 3 5 6 7 10 11 13 20 
1 2 8 15 17 20 
3 6 8 13 14 15 16 17 19 
2 3 5 6 7 10 11 13 14 20 
1 2 8 14 15 20 
1 3 6 11 12 13 14 17 19 20 
1 3 6 11 12 13 14 17 19 20 
5 6 8 9 10 11 17 18 19 
3 6 8 13 14 15 16 17 19 
1 2 8 14 15 20 
3 6 8 13 14 15 16 17 19 
2 3 5 6 7 10 11 13 14 15 20 
5 6 8 9 10 11 17 18 19 
1 3 6 8 13 14 15 16 17 19 
1 3 4 6 11 12 13 14 15 17 19 20 
1 3 6 8 13 14 15 16 17 19 
5 6 8 9 10 11 16 17 19 
1 2 8 14 15 20 
5 6 8 9 10 11 16 17 19 
1 3 6 8 13 14 15 16 17 19 
1 2 8 14 15 20 
1 3 6 8 13 14 15 16 17 19 
5 6 8 9 10 11 16 17 19 20 
1 2 8 14 15 20 
5 6 8 9 10 11 16 17 19 20 
1 2 8 14 15 20 
1 3 6 8 13 14 15 16 17 19 
5 6 8 9 10 11 16 17 19 20 
1 2 3 6 8 13 14 15 16 17 19 
1 2 3 4 6 11 12 13 14 15 17 19 
1 2 3 4 11 12 13 14 15 17 19 
2 3 5 6 7 10 11 13 14 16 19 20 
1 2 3 4 11 12 13 14 15 17 19 
1 2 3 6 8 13 14 15 16 17 19 20 
5 6 8 9 10 11 13 16 17 
1 2 7 14 15 20 
2 3 5 6 7 10 11 13 14 16 19 20 
5 6 9 10 11 13 16 17 
1 2 3 6 8 12 13 14 15 16 17 19 20 
1 2 3 6 8 12 13 14 15 16 17 19 20 
2 3 5 6 7 10 11 13 14 19 20 
4 5 6 8 9 10 11 13 16 17 
1 2 3 4 11 12 13 14 17 19 
1 2 3 7 13 14 15 20 
5 6 8 9 10 11 13 14 16 17 
3 5 6 7 10 11 13 14 19 20 
1 2 3 4 11 12 13 14 17 19 
1 2 3 7 13 14 15 20 
1 2 3 4 11 12 13 14 17 19 
1 2 3 8 12 13 14 15 16 17 19 20 
1 2 3 8 12 13 14 15 16 17 19 20 
1 2 3 7 13 14 15 20 
3 4 5 6 7 10 11 13 19 20 
5 6 8 9 10 13 14 16 17 18 
3 4 5 6 7 10 11 13 19 20 
5 6 8 9 10 13 14 16 17 18 
3 4 5 6 7 10 11 13 16 19 20 
5 8 9 10 13 14 16 17 18 
1 2 3 7 13 14 17 20 
5 8 9 10 13 14 16 17 18 
3 4 5 6 7 9 10 11 13 16 19 20 
1 2 3 4 11 12 13 14 17 19 
1 2 3 4 11 12 13 14 17 19 
1 2 3 4 11 12 13 14 17 19 
3 4 5 6 7 9 11 13 16 18 19 20 
1 2 3 7 13 14 20 
3 4 5 6 7 9 11 13 16 18 19 20 
1 2 3 4 12 13 14 17 19 
1 5 8 9 10 13 14 16 17 18 
1 2 3 11 12 13 14 15 16 19 20 
1 2 7 13 14 20 
1 5 8 9 10 13 14 16 17 18 
1 5 8 9 10 13 14 16 17 18 
1 5 8 9 10 13 14 16 17 18 
