null
null
null
null
50 
null
null
null
null
null
null
null
35 
34 
null
5 
5 12 28 42 
null
17 23 
null
48 
44 
null
null
17 18 23 
38 
null
null
17 18 23 
49 
1 5 
25 
44 48 
17 36 50 
17 36 50 
25 
17 18 23 30 
5 12 28 42 
4 
null
null
49 
23 25 
null
44 48 
38 42 
39 
5 12 28 42 
7 11 44 
49 
13 39 
49 
7 8 15 25 26 
6 19 49 
13 39 
13 39 
11 44 48 49 
null
7 8 11 35 
8 11 32 34 
17 18 20 23 30 32 45 
6 19 49 
7 8 15 25 26 
3 22 23 25 
null
25 34 44 
7 8 15 25 26 
8 11 32 34 
7 11 44 
17 36 47 50 
7 11 44 
12 41 
3 5 12 28 42 
null
6 19 49 
7 11 44 
36 
25 34 44 
1 3 22 23 25 32 46 
6 19 49 
6 19 49 
6 19 49 
6 19 49 
7 8 11 35 
17 18 20 21 23 30 32 44 45 49 
7 8 19 25 26 
11 44 48 49 
50 
20 35 38 42 
8 11 32 34 
25 34 44 
20 35 38 42 
9 25 36 
40 
3 5 12 26 28 42 
1 17 20 36 38 47 50 
4 8 20 25 
13 39 43 
25 34 44 
6 19 41 49 
8 11 32 34 49 
1 49 
1 11 26 27 44 48 49 
1 3 16 22 23 25 32 46 
8 11 32 34 49 
7 8 12 19 25 26 
7 8 12 19 25 26 
7 11 44 
7 8 12 19 25 26 
1 16 17 20 36 38 47 50 
27 40 50 
20 35 37 38 42 
7 8 12 19 25 26 
3 5 12 26 28 42 
7 8 11 21 35 
6 19 35 41 49 
20 35 37 38 42 
19 50 
6 19 35 41 49 
13 39 40 43 45 
1 16 17 20 36 38 47 50 
9 25 27 36 50 
25 34 44 
17 18 20 21 23 30 32 44 45 49 
6 19 35 41 49 
17 18 20 21 23 30 32 44 45 49 
7 11 21 44 
9 12 14 25 41 
25 34 44 
25 34 44 
8 11 32 34 49 
7 8 11 21 33 35 
25 34 44 
7 8 12 19 25 26 
1 16 17 20 36 38 47 50 
8 11 32 34 49 
5 29 44 
18 19 20 21 23 30 44 45 49 
7 8 12 19 25 26 
3 12 26 28 36 42 
1 3 16 22 23 25 32 33 39 43 46 
4 8 20 25 32 
7 11 21 44 
7 8 12 19 25 26 
1 6 7 
4 8 20 25 31 32 
20 32 33 35 37 38 42 49 
6 19 35 41 49 
5 29 44 48 
20 32 33 35 37 38 42 49 
1 6 7 
3 12 26 28 36 42 
3 20 32 33 35 37 38 42 49 
13 39 40 43 45 
1 6 7 
5 9 29 44 48 
1 16 17 20 36 38 47 50 
1 17 26 27 33 44 48 49 
3 20 32 33 35 37 38 42 49 
4 7 8 12 19 25 26 48 
25 34 44 50 
9 12 14 17 20 25 30 38 41 
18 19 20 21 23 30 44 45 
25 34 44 50 
1 6 7 
3 12 26 28 29 36 42 
2 19 30 36 50 
7 8 11 21 33 35 48 
7 8 11 21 33 35 48 
2 19 30 36 50 
6 13 19 35 41 46 49 50 
7 8 11 21 33 35 48 
19 21 22 27 34 37 40 50 
2 19 30 36 
6 7 11 21 44 49 
8 20 25 31 32 45 
4 7 8 12 19 25 26 48 
1 17 27 33 44 48 49 
18 19 20 21 23 30 44 45 
3 20 32 33 35 37 38 42 49 
1 16 17 20 36 38 47 50 
19 21 22 27 34 37 40 50 
1 17 27 33 44 48 49 
1 8 9 10 11 32 34 44 49 
1 6 7 
1 3 5 16 22 23 25 26 32 33 39 43 46 
1 6 7 
1 6 7 
18 19 20 21 23 30 44 45 
9 12 14 17 20 25 30 38 41 
13 27 29 39 40 43 45 
2 19 30 36 
6 7 9 11 21 44 49 
3 20 32 33 35 38 42 49 
13 27 29 39 40 43 45 
2 19 30 36 
25 30 34 36 44 50 
4 7 8 12 19 25 26 48 
13 27 29 39 40 43 45 
1 17 27 33 44 48 49 
3 12 26 28 29 36 42 
1 6 7 35 
4 7 8 12 19 25 26 48 
8 20 25 31 32 45 
7 8 11 21 30 33 35 48 
18 19 20 21 23 30 41 44 
18 19 20 21 23 30 41 44 
18 19 20 21 23 30 41 44 
9 16 25 30 34 36 44 50 
1 3 5 16 17 22 23 25 26 32 33 39 43 46 
1 9 27 29 50 
1 9 27 29 50 
13 27 29 39 40 45 
7 8 11 21 29 30 33 35 48 
18 19 20 21 23 30 41 44 
1 3 5 16 17 19 22 23 25 26 32 33 39 43 46 
5 9 29 31 32 44 48 
8 20 25 31 32 45 
1 6 7 31 35 
4 7 8 12 19 25 26 44 48 
6 10 13 19 35 40 41 46 49 50 
1 6 7 31 35 
3 4 12 26 28 29 36 37 42 46 
1 8 9 10 11 32 34 44 49 
13 27 29 39 40 45 
1 8 9 10 11 32 34 44 49 
9 16 25 30 34 36 44 50 
8 20 25 31 32 45 
1 9 18 27 29 35 50 
1 3 4 5 16 17 19 22 23 25 26 32 33 39 43 46 
18 19 20 21 23 30 41 44 
1 8 9 10 11 32 34 44 49 
1 17 33 44 49 50 
1 8 9 10 11 32 34 44 49 
18 19 20 21 23 30 31 41 44 
2 19 30 33 35 36 37 
5 9 12 14 17 20 25 30 38 41 
1 16 17 20 32 33 36 38 47 50 
1 6 7 31 35 
1 17 33 44 49 50 
9 16 25 30 34 44 50 
1 3 4 5 16 17 19 22 23 25 26 32 33 39 43 46 
13 27 29 35 39 40 45 
8 20 25 31 32 45 
8 20 25 31 32 45 
9 16 25 30 34 44 50 
5 9 29 31 32 40 44 48 
8 20 25 31 32 45 
10 13 19 35 38 40 41 46 49 50 
1 9 18 27 29 35 50 
1 6 7 31 35 38 
5 9 12 14 17 20 25 27 30 38 41 
1 16 17 20 32 33 34 36 38 47 50 
18 19 20 21 23 30 31 41 44 
1 8 9 10 11 32 34 44 49 
1 6 7 9 11 18 21 40 42 44 49 
13 27 29 35 39 40 41 45 
8 20 25 31 32 45 
5 9 29 31 32 35 40 44 48 
2 19 30 33 35 36 37 39 
9 16 25 30 34 44 50 
10 13 19 30 35 38 40 41 44 46 49 50 
3 20 32 33 35 38 39 42 49 
13 27 29 35 39 40 41 45 
1 6 7 31 35 38 
1 3 4 5 14 17 19 22 23 25 26 32 33 43 46 
1 17 33 44 49 50 
2 8 11 19 21 22 27 30 33 34 36 37 40 50 
1 17 33 44 49 50 
9 16 25 30 34 44 50 
3 20 32 33 35 38 39 42 45 49 
1 6 7 31 35 38 
18 19 20 21 23 30 31 38 41 44 
1 8 9 10 11 32 34 44 49 
1 8 9 10 11 32 34 44 49 
18 19 20 21 23 30 31 38 41 44 
1 9 18 27 29 35 50 
3 4 5 10 12 18 23 26 27 28 29 30 33 36 37 46 
8 20 24 25 31 32 45 
13 27 29 35 39 40 41 45 
5 9 12 13 14 17 20 25 27 38 41 44 47 
9 16 25 30 34 44 50 
4 7 8 12 17 19 25 26 34 44 48 49 
3 4 5 10 12 18 23 26 27 28 29 30 33 36 37 46 
1 9 18 27 29 35 50 
9 16 25 30 34 39 44 50 
8 20 24 25 31 32 45 
1 6 7 9 11 18 21 40 42 44 49 
1 17 33 44 49 50 
1 8 9 10 11 32 34 43 44 49 
4 7 8 12 17 19 25 26 34 44 48 49 
1 6 7 9 11 18 21 40 42 44 49 
1 6 7 9 11 18 21 40 42 44 49 
1 5 14 17 19 22 23 25 26 32 33 43 46 
1 8 9 10 11 32 34 43 44 49 
1 17 33 44 49 50 
8 12 13 18 19 20 21 23 30 31 33 38 41 44 
1 6 7 31 35 38 44 
1 5 14 17 19 22 23 25 26 32 33 43 46 
5 9 12 13 14 17 20 25 27 38 41 44 45 47 
8 12 13 18 19 20 21 23 30 31 33 38 41 44 
1 9 18 20 27 35 50 
1 7 10 13 30 35 38 40 41 46 49 50 
1 8 9 10 11 32 34 43 44 49 
7 8 11 19 21 29 30 33 34 35 
1 3 11 16 17 20 32 33 34 35 47 50 
2 3 4 5 10 12 18 23 26 27 28 29 30 33 36 37 43 46 
1 7 31 35 37 38 44 
4 7 8 12 17 19 25 26 34 44 48 49 
3 8 12 13 18 19 20 21 23 30 31 33 38 41 44 
3 20 32 33 35 38 39 45 49 
2 3 4 5 10 12 18 23 26 27 28 29 30 33 36 37 43 46 
19 30 33 35 36 37 39 40 
13 27 29 34 35 39 40 41 45 48 
1 9 18 20 27 35 38 50 
1 7 31 35 37 38 44 
5 9 12 13 14 17 20 25 27 38 41 44 45 47 
2 19 21 22 27 30 34 36 37 40 50 
3 20 32 33 35 38 39 45 49 
7 8 11 19 21 29 30 33 34 35 
7 8 11 19 21 29 30 33 34 35 
2 19 21 22 27 30 34 36 37 40 50 
2 3 4 5 10 12 18 23 26 27 28 29 30 33 36 37 43 46 
1 5 14 17 19 22 23 25 26 33 43 46 
3 8 12 13 18 19 20 21 23 30 31 33 38 41 44 
1 3 11 16 17 20 33 34 35 47 50 
1 8 9 10 11 25 32 34 44 49 
19 30 33 36 37 39 40 46 
9 16 19 25 30 34 39 44 50 
9 16 19 25 30 34 39 44 50 
1 3 11 16 17 20 33 34 35 47 50 
4 7 8 12 17 19 25 26 32 34 41 44 48 49 
2 3 4 5 10 12 18 23 26 27 28 29 30 33 37 43 46 
8 20 24 25 27 31 32 45 47 
19 30 33 36 37 39 40 46 
9 16 19 25 30 34 39 44 50 
1 9 18 20 27 35 38 50 
1 7 10 13 30 35 41 46 49 50 
3 8 12 13 18 19 20 21 23 30 31 33 38 41 44 
1 9 18 20 27 35 38 50 
1 3 10 11 16 17 20 33 34 35 47 50 
3 8 12 13 14 18 19 20 21 23 30 31 33 38 41 44 
19 21 22 27 30 34 37 40 50 
13 22 27 29 35 39 40 41 45 48 
5 9 14 27 29 31 32 35 40 44 45 48 
1 6 7 9 10 11 18 21 36 40 42 44 49 
4 7 8 12 17 19 25 26 32 34 41 44 45 48 49 
3 7 8 20 23 24 27 31 32 45 47 
1 6 7 9 10 11 18 21 36 40 42 44 49 
1 8 9 10 11 14 18 25 32 34 44 49 
3 8 12 13 14 18 19 20 21 23 30 31 33 38 41 44 
19 21 22 27 30 34 37 40 50 
7 8 9 11 14 19 21 29 30 33 34 35 
1 8 9 10 11 14 18 25 32 34 44 49 
1 6 7 9 10 11 18 21 36 40 42 44 49 
2 3 4 5 10 12 18 23 26 27 28 29 30 33 37 43 
4 7 8 17 19 25 26 32 34 41 44 45 48 49 
3 7 8 20 23 24 27 31 32 45 47 
3 20 32 33 35 38 39 45 49 
2 3 4 5 10 12 18 23 26 27 28 29 30 33 37 43 
2 3 4 5 10 12 18 23 26 27 28 29 30 33 37 43 
1 17 31 33 38 44 48 49 50 
5 6 9 12 13 14 17 20 25 26 27 38 41 44 45 47 
1 8 9 10 11 14 18 25 32 34 44 49 
5 6 9 12 13 14 17 20 25 26 27 38 41 44 45 47 
13 22 27 29 35 39 40 41 45 48 
1 7 10 13 17 30 33 35 41 46 49 
3 20 32 33 35 38 39 45 49 
13 22 27 29 35 39 40 41 45 48 
3 8 12 13 14 18 19 20 21 23 30 31 33 38 41 44 
1 7 10 15 18 26 27 30 31 35 37 38 44 
1 7 10 13 17 30 33 35 41 46 49 
3 7 8 20 23 24 27 31 32 39 45 47 
1 7 10 15 18 26 27 30 31 35 37 38 44 
3 7 8 20 23 24 27 31 32 39 45 47 
1 3 10 11 16 17 20 29 33 34 35 47 50 
4 7 19 29 30 33 35 36 37 39 40 46 
2 3 4 5 10 12 18 23 26 27 28 29 30 33 37 43 
2 3 4 5 10 12 18 23 26 27 28 29 30 33 37 43 
1 3 10 11 16 17 20 29 33 34 35 47 50 
3 8 12 13 14 18 19 20 21 23 30 31 33 38 41 44 
13 22 27 29 35 39 40 41 45 48 
4 7 8 17 18 19 25 26 32 34 41 44 45 48 49 
4 7 8 17 18 19 25 26 32 34 41 44 45 48 49 
19 21 22 27 30 33 34 37 40 42 50 
4 7 19 29 30 33 35 36 37 39 40 46 
1 3 10 11 16 17 20 29 33 34 35 47 50 
7 8 9 11 14 19 21 23 29 30 33 34 35 47 
3 7 20 28 32 35 38 39 45 49 
1 6 9 18 20 27 35 38 50 
9 10 16 19 25 30 34 39 44 50 
3 8 12 13 14 18 19 20 21 23 30 31 33 38 41 44 
1 3 10 11 16 17 20 29 33 34 35 47 50 
9 10 16 19 25 30 34 39 44 47 50 
1 6 7 9 10 11 18 21 36 40 42 44 49 
1 7 10 13 17 29 30 33 35 41 45 46 49 
13 15 22 27 29 35 39 40 41 45 48 
2 3 4 5 10 12 18 23 26 27 28 29 31 33 37 43 46 
1 7 10 15 18 26 27 30 35 37 38 44 
1 17 31 33 36 38 44 48 49 50 
1 2 3 5 8 9 10 11 14 18 25 28 32 44 49 
1 5 14 17 19 22 23 25 26 29 33 43 46 50 
1 2 3 5 8 9 10 11 14 18 25 28 32 44 49 
1 6 9 18 20 27 35 38 45 50 
1 17 31 33 36 38 44 48 49 50 
1 6 9 18 20 27 35 38 45 50 
2 3 4 5 10 12 18 23 26 27 28 29 31 33 37 43 46 
1 7 10 13 17 22 29 30 33 35 41 45 46 49 
2 3 4 5 10 12 18 23 26 27 28 29 31 33 37 43 46 
3 7 8 17 20 23 24 25 27 31 32 39 45 47 
7 8 9 11 14 19 21 29 30 33 34 35 47 
1 2 3 5 8 9 10 11 14 18 25 28 32 44 49 
1 7 9 10 11 18 21 36 40 42 44 49 
19 21 22 27 30 33 34 37 40 42 50 
1 2 3 5 8 9 10 11 14 18 25 28 32 44 49 
2 3 4 5 10 12 18 23 26 27 28 29 31 33 37 43 46 
19 21 22 27 30 33 34 37 40 42 50 
1 17 31 33 36 38 44 48 49 50 
1 7 9 10 11 18 21 36 40 42 44 49 
1 3 10 11 16 17 20 29 33 34 35 50 
2 3 4 5 10 12 18 23 26 27 28 29 31 33 37 43 46 
4 7 8 10 18 19 25 26 32 34 41 44 45 48 49 
5 9 25 29 31 35 40 44 45 48 
1 7 10 13 15 17 22 29 30 33 35 41 45 46 49 
9 10 16 19 25 30 34 39 44 47 50 
1 7 10 15 18 26 27 30 35 37 38 44 
3 7 8 17 20 23 24 25 27 31 32 39 45 47 
13 15 22 27 29 35 39 40 41 45 48 
1 17 31 33 36 38 44 48 49 50 
4 7 8 10 18 19 25 26 32 34 41 44 45 48 49 
4 7 18 19 29 30 33 35 36 37 39 40 46 
5 9 25 29 31 35 40 44 45 48 
3 5 8 12 13 14 18 19 20 21 23 30 31 33 38 41 44 
5 9 25 29 31 35 40 44 45 48 
1 7 10 15 18 26 27 30 35 37 38 40 44 49 
4 7 8 10 18 19 25 26 32 34 41 44 45 48 49 
5 9 25 29 31 35 40 44 45 48 
3 7 20 24 25 28 32 35 38 39 45 49 
5 9 25 29 31 35 40 44 45 48 
1 6 9 18 20 27 35 38 45 50 
3 7 8 17 20 23 24 25 27 31 32 39 45 47 
1 7 9 10 11 18 21 36 40 42 44 49 
1 5 14 17 19 22 23 25 26 29 33 37 43 50 
1 2 3 5 8 9 10 11 14 18 25 26 28 32 44 46 49 
2 3 4 5 10 12 18 23 26 27 28 29 31 33 37 43 46 
1 3 10 11 16 17 20 29 33 34 35 42 50 
5 6 8 9 12 13 14 17 20 25 26 27 37 38 41 44 45 47 
5 9 25 29 31 35 40 44 45 48 
1 17 31 33 36 38 44 48 49 50 
1 17 31 33 36 38 44 48 49 50 
2 3 4 5 10 12 18 23 26 27 28 29 31 33 37 43 46 
5 9 25 29 31 35 40 44 45 48 
1 6 9 18 20 27 35 38 45 50 
7 8 9 11 14 19 29 30 33 34 35 47 
14 19 21 22 25 27 30 34 37 42 50 
7 14 20 24 25 32 35 38 39 45 49 
3 7 8 17 20 23 24 25 27 31 32 39 45 47 
2 3 4 5 10 12 18 23 26 27 28 29 31 33 37 43 46 
1 2 3 5 8 10 11 14 18 25 26 28 32 44 46 49 
14 19 21 22 25 27 30 34 37 42 50 
1 17 31 33 36 38 44 48 49 50 
1 17 31 33 36 38 44 48 49 50 
1 7 9 10 11 18 21 36 40 42 44 49 
5 9 25 29 31 35 40 44 45 48 
1 7 10 13 15 17 22 29 30 31 33 34 41 45 46 49 
1 17 31 33 36 38 44 48 49 50 
1 7 9 10 11 18 21 36 40 42 44 49 
1 6 9 18 20 27 30 35 38 45 50 
1 17 31 33 36 38 44 48 49 50 
19 21 22 25 27 30 34 37 50 
2 3 4 5 10 12 18 23 26 27 28 29 31 33 37 43 46 
2 3 4 5 10 12 18 23 26 27 28 29 31 33 37 43 46 
3 13 22 27 29 35 39 40 41 45 48 
7 14 20 24 25 32 35 38 39 45 49 
5 6 8 9 12 13 14 16 17 20 21 25 26 27 28 37 38 41 45 47 49 
1 3 10 11 16 17 20 28 29 33 34 35 42 50 
5 9 25 29 31 35 40 44 45 48 
1 2 3 5 8 10 11 14 16 18 25 26 28 32 40 44 46 49 
19 21 22 25 27 30 34 37 40 50 
3 5 8 11 12 13 14 16 17 18 19 20 21 23 30 31 33 38 41 44 
3 7 8 17 20 23 24 25 27 29 31 32 39 45 47 
4 7 8 18 19 25 26 32 34 41 44 45 48 49 
1 17 31 33 36 44 48 49 50 
5 9 25 29 31 35 40 44 45 48 
1 5 14 17 19 22 23 25 26 29 33 37 43 45 50 
7 8 9 11 14 19 29 31 33 34 35 47 
5 9 25 29 31 35 40 44 45 48 
7 9 10 13 15 17 22 29 30 31 33 34 41 45 46 49 
7 9 10 13 15 17 22 29 30 31 33 34 41 45 46 49 
1 5 14 17 19 22 23 25 26 29 33 37 43 45 50 
7 9 10 13 15 17 22 29 30 31 33 34 41 45 46 49 
1 2 3 5 8 10 11 14 16 18 25 26 28 30 32 40 44 46 49 
3 7 8 17 20 23 24 25 27 29 31 32 39 45 47 
2 3 4 5 10 12 23 26 27 28 29 31 33 37 43 46 
3 7 8 17 20 23 24 25 27 29 31 32 39 45 47 
4 7 8 18 19 25 26 32 34 41 44 45 48 49 
1 7 9 10 11 18 21 25 36 40 42 44 49 
2 4 7 14 18 19 28 29 30 33 35 36 37 39 40 46 
7 14 20 24 25 32 35 38 39 45 49 
19 21 22 24 25 27 30 34 37 40 50 
1 5 14 17 19 22 23 25 26 29 33 37 43 45 50 
5 6 7 8 9 12 13 14 16 17 20 21 25 26 27 28 37 38 39 41 43 45 47 49 
1 5 14 17 19 22 23 25 26 29 33 37 43 45 50 
4 7 8 18 19 25 26 32 34 41 44 45 48 49 
1 7 9 10 11 18 21 25 36 40 42 44 49 
3 13 22 29 35 39 40 41 45 48 50 
1 2 3 5 8 10 11 14 16 18 25 26 28 30 32 40 44 46 49 
1 17 21 22 31 35 36 44 48 49 50 
7 9 10 13 15 17 22 29 30 31 33 34 41 45 46 49 
7 8 9 11 14 19 29 31 33 34 35 41 47 
1 7 10 15 18 26 27 30 32 35 36 37 38 40 44 
19 21 22 24 25 27 30 34 37 40 50 
7 14 20 24 25 27 32 38 39 45 49 
1 7 10 15 18 26 27 30 32 35 36 37 38 40 44 
1 5 14 17 19 22 23 25 26 27 29 33 37 43 45 50 
5 9 25 29 31 40 44 45 48 
1 2 3 5 8 10 11 14 16 18 25 26 28 30 32 40 44 46 49 
1 7 10 15 18 26 27 30 32 35 36 37 38 40 44 
4 7 8 18 19 25 26 32 34 40 41 44 45 48 49 
7 9 10 13 15 17 22 29 30 31 33 34 41 45 46 49 
7 8 9 11 14 19 29 31 33 34 35 38 41 47 
1 7 9 10 11 18 21 25 36 40 42 44 49 
7 8 9 11 14 19 29 31 33 34 35 38 41 47 
1 7 9 10 11 18 21 25 36 40 42 44 49 
1 3 10 11 16 17 20 25 28 29 33 34 35 41 42 50 
5 6 7 8 9 12 13 14 16 17 20 21 25 27 28 37 38 39 41 43 45 47 49 
3 13 17 22 29 35 39 40 41 44 48 50 
3 13 17 22 29 35 39 40 41 44 48 50 
1 7 10 15 18 26 27 30 32 35 36 37 38 40 44 
5 6 7 8 9 12 13 14 16 17 20 21 25 27 28 37 38 39 41 43 45 47 
3 13 17 22 29 35 39 40 41 44 48 50 
1 2 3 5 10 11 14 16 18 25 26 28 30 32 40 44 46 49 
4 7 8 18 19 25 26 32 34 40 41 44 45 48 49 
5 9 25 29 40 44 45 46 48 
2 4 7 14 18 19 29 30 33 35 36 37 39 40 46 
3 13 17 22 29 35 39 40 41 44 48 50 
19 21 22 24 25 27 29 30 34 37 40 48 50 
5 6 7 8 9 12 13 14 16 17 20 21 25 27 28 37 38 39 41 43 45 47 
5 9 25 29 40 44 45 46 48 
2 4 7 14 18 19 30 33 35 36 37 39 40 46 
3 5 8 11 12 13 14 16 17 18 19 20 21 23 26 28 29 30 31 33 34 38 41 44 
1 6 9 18 20 26 27 30 35 38 39 42 45 50 
1 5 14 17 19 22 23 25 26 27 29 33 37 43 45 50 
1 8 9 10 11 16 19 25 30 34 37 39 44 47 49 50 
5 9 25 29 40 44 45 46 48 
1 7 10 15 18 26 27 30 32 35 36 37 38 40 41 44 
1 6 9 18 20 26 27 30 35 38 39 42 45 50 
7 9 10 13 15 17 18 22 29 30 31 33 34 41 45 46 49 
1 3 10 11 16 17 20 25 28 29 33 34 35 41 42 50 
19 21 22 24 25 27 29 30 34 37 40 48 50 
1 17 21 22 31 35 36 48 49 50 
1 7 10 15 18 26 27 30 32 35 36 37 38 40 41 44 
7 8 9 11 14 17 19 29 31 33 34 35 38 41 47 
1 17 21 22 31 35 36 48 49 50 
1 7 9 10 11 18 21 25 36 40 42 44 49 
3 5 8 11 12 13 14 16 17 18 19 20 21 23 26 28 29 30 31 33 38 41 44 
1 3 10 11 16 17 20 25 28 29 33 34 35 41 42 50 
7 8 11 14 17 19 29 31 33 34 35 38 41 47 
7 8 11 14 17 19 29 31 33 34 35 38 41 47 
19 21 22 24 25 27 29 30 34 37 40 48 50 
1 2 3 4 5 8 10 12 23 26 27 28 29 31 33 37 43 46 
7 9 10 13 15 17 18 22 29 30 31 33 34 41 45 46 49 
7 20 24 25 27 28 32 39 45 49 
7 9 10 13 15 17 18 22 29 30 31 33 34 41 45 46 49 
1 2 3 4 5 8 10 12 23 26 27 28 29 31 33 37 43 46 
3 13 17 22 29 35 39 40 41 44 48 50 
1 8 9 10 11 16 19 25 30 34 37 39 44 47 49 50 
7 9 10 13 15 17 18 22 29 30 31 33 34 41 45 46 49 
5 9 25 29 35 40 44 45 46 48 
3 5 8 11 12 13 14 16 17 18 19 20 21 23 26 28 29 30 31 32 33 38 41 44 47 
1 2 3 4 5 8 10 12 23 26 27 28 29 31 33 37 43 46 
1 3 10 11 16 17 20 25 28 29 33 34 35 41 42 50 
1 7 9 10 11 18 21 25 35 36 40 42 44 49 
1 3 10 11 16 17 20 25 28 29 33 34 35 41 42 50 
1 6 9 18 20 26 27 35 38 39 45 50 
3 5 8 11 12 13 14 15 16 17 18 19 20 21 23 26 28 29 30 31 32 33 38 41 44 47 
7 13 20 24 25 27 28 32 39 45 49 
19 21 22 24 25 27 29 30 34 40 48 50 
19 21 22 24 25 27 29 30 34 40 48 50 
6 7 8 11 14 17 19 29 31 33 34 35 38 41 47 
3 7 8 13 17 23 24 25 27 29 30 31 32 39 44 45 47 
3 7 8 13 17 23 24 25 27 29 30 31 32 39 44 45 47 
2 4 5 7 14 18 30 33 34 35 36 37 39 40 46 
3 7 8 13 17 23 24 25 27 29 30 31 32 39 44 45 47 
7 10 15 18 26 27 30 32 36 37 38 40 41 44 
1 6 9 18 20 26 27 35 38 39 45 50 
7 13 20 24 25 27 28 32 39 45 49 
1 7 9 10 11 18 21 25 35 36 40 42 44 49 
1 15 17 21 22 31 35 36 48 49 50 
7 10 15 18 26 27 30 32 36 37 38 40 41 44 
5 9 25 29 35 40 44 45 46 48 
1 2 3 5 10 11 14 16 25 26 28 30 32 35 40 44 46 49 
1 5 14 17 19 22 23 25 26 29 30 34 37 43 45 50 
1 3 10 11 16 17 20 25 28 29 30 33 34 35 41 42 50 
1 3 10 11 16 17 20 25 28 29 30 33 34 35 41 42 50 
1 3 10 11 16 17 20 25 28 29 30 33 34 35 41 42 50 
1 2 3 5 10 11 14 16 25 26 28 30 32 35 40 44 46 49 
6 7 10 15 18 26 27 29 30 32 36 37 38 40 41 44 
9 25 29 35 40 44 45 46 48 
3 5 8 11 12 13 14 15 16 17 18 19 20 21 23 26 28 29 30 31 32 33 38 41 44 47 
2 7 9 10 13 15 17 18 22 29 30 31 33 34 40 41 45 46 49 
3 5 8 11 12 13 14 15 16 17 18 19 20 21 23 26 28 29 30 31 32 33 38 41 44 47 
5 6 7 8 9 12 14 16 17 20 21 25 27 28 31 37 38 39 41 43 47 
2 4 5 7 14 18 27 30 33 34 35 36 37 39 46 
6 7 10 15 18 26 27 29 30 32 36 37 38 40 41 44 
6 7 10 15 18 26 27 29 30 32 36 37 38 40 41 44 
1 2 6 9 18 20 26 27 29 35 38 39 45 
1 2 3 5 10 11 14 16 24 25 26 28 30 32 35 39 40 44 46 49 
1 2 6 9 12 18 20 26 27 29 35 38 39 45 
1 3 7 8 13 23 24 25 27 29 30 31 32 39 44 45 47 
1 2 3 4 5 8 10 12 13 23 26 27 28 31 33 37 43 46 
1 2 3 5 10 11 14 16 24 25 26 28 30 32 35 39 40 44 46 49 
2 3 13 17 29 33 35 39 40 41 44 48 50 
1 3 7 8 13 23 24 25 27 29 30 31 32 39 44 45 47 
2 4 5 7 14 18 27 30 33 34 35 36 37 39 46 
9 12 25 29 35 40 44 45 46 48 
1 2 3 4 5 8 10 12 13 23 26 27 28 31 33 37 43 46 
1 5 14 17 19 22 23 25 26 27 29 30 34 37 43 45 50 
6 7 8 11 14 17 19 27 29 31 33 34 35 38 41 47 
1 10 19 21 22 24 25 27 29 30 34 40 48 50 
1 3 5 6 7 8 9 14 16 17 20 25 27 28 31 33 37 38 39 41 43 47 
1 2 6 9 12 18 20 26 27 29 35 38 39 45 
1 3 5 6 7 8 9 14 16 17 20 25 27 28 31 33 37 38 39 41 43 47 
2 4 5 7 14 18 27 30 33 34 35 36 37 39 46 
1 2 3 4 5 8 10 12 13 23 26 27 28 31 33 37 43 46 
6 7 8 11 14 17 19 27 29 31 34 35 38 41 43 47 
1 2 3 4 5 8 10 12 13 23 26 27 28 31 33 37 43 46 
2 7 9 10 13 15 17 20 22 29 30 31 33 34 35 40 41 45 46 49 
1 3 15 17 21 22 31 35 36 48 49 50 
7 13 20 24 25 27 28 32 39 45 49 
2 7 9 10 13 15 17 20 22 29 30 31 33 34 35 40 41 45 46 49 
2 7 9 10 13 15 17 20 22 29 30 31 33 34 35 40 41 45 46 49 
2 4 5 7 14 18 23 27 30 33 34 35 36 37 39 46 
1 2 3 4 5 8 10 12 13 23 26 27 28 31 33 37 43 46 
1 10 19 21 22 24 25 27 29 30 34 40 44 48 50 
1 3 5 10 11 16 17 20 25 28 29 30 33 35 41 42 
1 10 19 21 22 24 25 27 29 30 34 40 44 48 50 
1 3 6 7 8 9 14 16 17 19 20 25 27 28 31 33 37 38 39 41 47 50 
1 2 3 5 10 11 14 16 24 25 26 28 30 32 35 39 40 44 46 49 
2 7 9 10 13 15 17 20 22 29 30 31 33 34 35 40 41 45 46 49 
6 7 10 14 18 26 27 29 30 31 36 37 38 40 41 44 48 
1 2 3 4 5 8 10 12 13 23 26 27 28 31 33 37 43 46 
1 5 14 17 19 22 23 25 26 27 29 30 34 37 45 50 
1 3 6 7 8 9 14 16 17 19 20 25 27 28 31 33 37 38 39 41 47 50 
4 7 8 15 18 19 25 26 31 32 34 39 40 41 45 48 49 
1 3 6 7 8 9 14 16 17 19 20 25 27 28 31 33 37 38 39 41 47 50 
1 2 3 5 10 11 14 16 24 26 28 30 32 35 39 40 44 46 49 
1 8 9 10 11 16 19 23 25 30 34 37 38 39 44 45 47 49 50 
1 3 7 8 11 13 23 25 27 28 29 30 32 39 44 45 47 
1 3 15 17 21 22 31 35 36 48 49 50 
6 7 10 14 18 26 27 29 30 31 36 37 38 40 41 42 44 48 
1 3 6 7 8 9 14 16 17 19 20 25 27 28 31 33 37 38 39 41 47 50 
3 8 11 12 13 14 15 16 17 18 19 20 23 26 28 29 30 31 32 33 37 38 41 44 
1 3 7 8 11 13 23 25 27 28 29 30 32 39 44 45 47 
1 10 21 22 24 25 27 29 30 34 35 40 44 45 48 49 50 
2 7 9 10 13 15 17 20 22 29 30 31 33 34 35 40 41 45 46 49 
1 5 14 17 19 22 23 25 26 27 29 30 34 37 40 45 50 
1 3 7 8 11 13 23 25 27 28 29 30 32 39 44 45 47 
1 7 9 10 11 18 21 22 25 27 35 36 40 41 42 44 49 
1 2 3 4 5 8 10 12 13 23 26 27 28 31 33 37 43 46 
1 2 3 5 10 11 14 16 24 26 28 30 32 35 36 39 40 44 46 49 
6 7 8 11 14 17 19 27 29 31 34 35 38 41 43 47 
6 7 10 14 18 22 26 27 29 30 31 36 37 38 40 41 42 44 48 
1 2 6 9 12 18 20 26 27 29 34 35 38 39 45 
1 10 21 22 24 25 27 29 30 34 35 40 44 45 48 49 50 
1 2 6 9 12 18 20 26 27 29 34 35 38 39 45 
1 2 3 4 5 8 10 12 13 23 26 27 28 31 33 37 43 46 
1 10 21 22 24 25 27 29 30 34 35 40 44 45 48 49 50 
1 10 21 22 24 25 27 29 30 34 35 40 44 45 48 49 50 
1 3 15 17 21 22 31 35 36 48 49 50 
2 5 7 14 18 23 27 30 33 34 35 36 37 39 46 
1 5 14 17 19 22 23 25 26 27 29 30 34 37 40 45 50 
1 3 15 17 21 22 31 35 36 48 49 50 
3 7 8 11 12 13 14 15 16 17 18 19 20 23 26 27 29 30 31 32 33 37 38 41 44 
3 7 8 11 12 13 14 15 16 17 18 19 20 23 26 27 29 30 31 32 33 37 38 41 44 
1 3 7 8 11 13 23 25 27 28 29 30 32 39 44 45 47 
7 13 20 23 24 25 27 28 32 39 41 49 
3 7 8 11 12 13 14 15 16 17 18 19 20 23 26 27 29 30 31 32 33 37 38 41 44 
2 9 10 13 15 16 17 20 22 29 30 31 33 34 35 40 41 45 46 49 
1 3 15 17 21 22 31 35 36 48 49 50 
1 8 9 10 11 16 19 23 25 30 34 37 38 39 44 45 47 49 50 
1 3 6 7 8 9 14 16 17 19 20 21 25 27 28 30 31 33 37 38 41 47 50 
2 3 13 15 17 27 33 34 35 39 40 41 44 48 50 
1 2 3 5 10 14 16 24 26 28 30 35 36 39 40 44 46 48 49 
1 2 3 5 10 14 16 24 26 28 30 35 36 39 40 44 46 48 49 
1 3 6 7 8 9 14 16 17 19 20 21 25 27 28 30 31 33 37 38 41 47 50 
9 11 12 17 29 31 35 40 41 44 45 46 48 
2 9 10 13 15 16 17 20 22 29 30 31 33 34 35 40 41 45 46 49 
1 3 6 7 8 9 14 16 17 19 20 21 25 27 28 30 31 33 37 38 41 47 50 
2 4 6 7 10 14 18 22 26 27 29 30 31 36 37 38 39 40 41 42 44 48 
4 7 8 15 18 19 25 26 28 32 34 39 40 41 45 48 49 
3 7 8 11 12 13 14 15 16 17 18 19 20 23 26 27 29 30 31 32 33 37 38 41 44 
1 3 4 5 10 11 14 16 17 20 28 29 30 33 35 41 42 
1 3 7 8 11 13 23 25 27 28 29 30 32 33 39 44 45 47 
2 5 7 14 18 23 27 30 33 34 35 36 37 39 43 46 
1 2 3 5 10 14 16 24 26 28 30 35 36 39 40 44 46 48 49 
1 10 21 22 24 25 27 29 30 34 35 40 42 44 45 48 49 50 
1 3 7 8 11 13 23 25 27 28 29 30 32 33 36 39 44 45 47 
1 3 15 17 21 22 31 35 36 48 49 50 
6 7 8 11 14 17 27 29 34 35 38 41 43 47 
4 7 8 15 18 19 25 26 28 32 34 39 40 41 45 48 49 
4 7 8 15 18 19 25 26 28 32 34 39 40 41 45 48 49 
3 7 8 11 12 13 14 15 16 17 18 19 20 23 24 26 27 29 30 31 32 33 37 38 41 44 
2 4 6 7 10 14 18 22 26 27 29 30 31 36 37 38 39 40 41 42 43 44 48 
2 5 7 14 18 23 27 30 33 34 35 36 37 39 43 46 
2 8 9 10 13 15 16 17 20 22 25 29 30 31 33 34 35 40 41 45 46 49 
1 8 9 10 11 16 19 23 25 30 32 34 37 38 39 44 45 47 49 50 
1 2 3 5 10 14 16 18 24 26 28 30 35 36 39 40 44 46 48 49 
1 3 4 6 7 8 9 14 16 17 19 20 21 27 28 30 31 33 37 38 41 46 47 50 
1 2 3 4 5 8 12 13 22 23 26 27 28 30 31 33 37 43 46 
2 5 7 14 18 23 27 30 33 34 35 36 37 39 43 46 
1 3 4 5 10 11 14 16 17 20 28 29 30 35 38 41 42 
1 2 6 9 12 18 20 25 26 27 29 34 35 38 39 45 
1 3 7 8 11 13 23 25 27 28 29 30 32 33 36 39 44 45 47 
1 3 4 6 7 8 9 14 16 17 19 20 21 27 28 30 31 33 37 38 41 46 47 50 
4 7 8 15 18 19 25 26 28 30 31 32 34 39 40 41 45 48 49 
1 5 11 13 14 17 19 22 23 25 26 27 29 30 34 37 40 45 50 
2 8 9 10 13 15 16 17 20 22 25 29 30 31 33 34 35 40 41 45 46 49 
4 7 8 15 18 19 25 26 28 30 31 32 34 39 40 41 45 48 49 
1 2 8 9 10 11 16 19 25 30 32 34 37 38 39 44 45 47 49 50 
9 11 12 17 29 31 35 39 40 41 45 46 48 
2 3 13 15 17 27 34 35 39 41 44 46 48 50 
2 4 7 10 14 22 26 27 29 30 31 36 37 38 39 40 41 42 43 44 46 48 
1 3 5 7 8 11 12 13 14 15 16 17 18 19 20 23 24 26 27 29 30 31 32 33 37 38 41 44 
6 7 8 11 14 17 19 27 34 35 38 41 43 47 
2 4 7 10 14 22 26 27 29 30 31 36 37 38 39 40 41 42 43 44 46 48 
3 10 21 22 24 25 27 29 30 34 35 40 42 44 45 49 50 
3 10 21 22 24 25 27 29 30 34 35 40 42 44 45 49 50 
2 5 7 9 14 18 23 30 33 34 35 36 37 39 43 46 
1 3 7 8 11 13 23 25 27 28 29 30 32 33 36 39 44 45 47 
1 3 4 5 10 11 14 16 17 20 25 28 29 30 35 38 41 42 
2 3 13 15 17 27 34 35 39 41 44 46 48 50 
1 2 3 4 5 8 9 12 13 20 22 23 26 27 28 30 31 33 37 43 46 
1 2 6 9 12 18 20 25 26 27 29 34 35 38 39 45 
3 10 21 22 24 25 27 29 30 34 35 40 42 44 45 49 50 
9 11 12 17 29 31 35 39 40 41 45 46 48 
1 3 4 6 7 8 9 14 16 17 19 20 21 28 30 31 33 37 38 41 46 47 49 50 
2 8 9 10 11 13 15 16 17 20 22 25 26 29 30 31 33 34 35 40 41 45 46 49 
1 3 7 8 11 13 23 25 27 28 29 30 32 33 36 39 44 45 47 
1 5 11 13 14 17 19 22 23 25 26 27 29 30 37 40 45 50 
1 2 3 4 5 10 11 14 16 17 20 25 28 29 30 35 38 41 42 
2 5 7 9 14 18 23 25 30 33 34 35 36 37 39 43 46 
1 2 3 4 5 10 11 14 16 17 20 25 28 29 30 35 38 41 42 
1 3 5 7 8 11 12 13 14 15 16 17 18 19 20 23 24 26 27 29 30 31 32 33 37 38 41 44 
6 7 8 11 14 17 19 27 34 35 38 43 47 
2 8 9 10 11 15 16 17 18 20 22 25 26 29 30 31 33 34 35 40 41 45 46 49 
2 8 9 10 11 15 16 17 18 20 22 25 26 29 30 31 33 34 35 40 41 45 46 49 
1 3 5 7 8 11 12 13 14 15 16 17 18 19 20 23 24 26 27 29 30 31 32 33 37 38 41 44 
1 2 3 13 15 17 27 39 41 44 46 48 50 
1 6 7 8 11 14 17 19 27 34 35 38 43 47 
1 2 3 4 5 10 11 14 16 17 20 25 28 29 30 35 38 41 42 
1 3 7 8 11 13 23 25 27 28 30 32 33 36 39 44 45 47 
1 2 8 9 10 11 16 19 25 30 32 34 37 38 44 45 49 50 
9 11 12 17 29 31 35 39 40 41 45 46 48 
1 3 5 7 8 11 12 13 14 15 16 17 18 19 20 23 24 26 27 29 30 31 32 33 37 38 41 44 
1 6 7 8 11 14 17 19 27 34 35 38 43 47 
1 6 7 8 11 14 17 19 27 34 35 38 43 47 
2 3 5 7 10 13 14 16 18 24 26 28 30 35 36 39 40 41 44 46 48 49 
1 6 7 8 11 14 17 19 27 34 35 38 43 47 
1 5 11 13 14 17 19 22 23 25 26 27 29 30 37 40 45 50 
1 3 7 8 11 13 23 25 27 28 30 32 33 36 39 44 45 47 
1 3 5 7 8 11 12 13 14 15 16 17 18 19 20 23 24 26 27 29 30 31 32 33 37 38 41 44 
2 8 9 10 11 15 16 17 18 20 22 25 26 29 30 31 33 34 35 40 41 45 46 49 
1 5 11 13 14 17 19 22 23 25 26 27 29 30 37 40 45 50 
9 11 12 17 29 31 35 39 40 41 45 48 
1 2 3 13 15 17 27 31 39 41 44 46 48 50 
1 2 6 9 12 18 20 25 26 27 29 34 35 37 38 39 40 45 
1 3 11 15 17 18 21 22 26 31 34 35 36 43 45 48 49 50 
1 3 5 7 8 11 12 13 14 15 16 17 18 19 20 23 24 26 27 29 30 31 32 33 37 38 41 44 
2 5 7 9 14 18 23 25 30 33 34 35 36 37 39 43 45 46 
2 8 9 10 11 15 16 17 18 20 22 25 26 29 30 31 33 34 35 40 41 45 46 49 50 
1 2 6 9 12 18 20 25 26 27 29 34 35 37 38 39 40 45 
1 3 6 7 8 11 14 17 19 27 34 35 38 43 47 
8 10 21 22 24 25 27 29 30 34 35 40 42 44 45 49 
2 8 9 10 11 15 16 17 18 20 22 25 26 29 30 31 33 34 35 40 41 45 46 49 50 
2 3 5 7 10 13 14 16 18 24 26 28 30 35 36 39 40 41 44 45 46 48 49 
2 5 7 9 14 18 23 25 30 33 34 35 36 37 39 43 45 46 
4 7 8 10 18 19 25 26 28 31 32 34 37 39 40 41 45 49 
1 2 3 4 5 8 9 13 22 23 26 27 28 30 31 33 37 43 46 
1 2 3 4 5 10 11 14 16 17 20 25 28 29 30 35 41 42 
2 4 7 10 14 22 26 27 28 29 30 31 36 37 38 39 40 41 42 43 44 46 48 
1 3 6 7 8 11 14 17 18 19 27 34 35 38 43 47 
4 7 8 10 18 19 25 26 28 31 32 34 37 39 40 41 45 49 
6 7 10 13 20 23 24 27 28 30 31 32 36 39 41 
1 2 6 9 12 18 20 25 26 27 29 34 35 37 38 39 40 45 49 
2 4 7 10 14 22 26 27 28 29 30 31 36 37 38 39 40 41 42 43 44 46 48 
1 2 3 4 5 8 9 13 22 23 26 27 28 30 31 33 37 43 46 
1 7 11 15 18 22 25 27 35 36 37 38 40 42 49 
1 3 11 15 17 18 26 31 34 35 36 43 45 48 49 50 
2 4 7 10 14 22 26 27 28 29 30 31 36 37 38 39 40 41 42 43 44 46 48 
6 7 10 13 20 23 24 27 28 30 31 32 36 39 41 
1 7 11 15 18 22 25 27 35 36 37 38 40 42 49 
4 7 8 10 18 19 25 26 28 32 34 37 39 40 41 45 49 
1 2 3 4 5 10 11 14 16 17 20 25 28 29 30 35 41 42 44 
2 5 7 9 14 18 23 25 30 33 34 35 36 37 39 43 45 46 
1 3 5 7 8 11 12 13 14 15 16 17 18 19 20 23 24 26 27 29 30 31 32 33 37 38 41 44 
1 2 3 4 5 8 9 13 22 23 26 27 28 30 31 33 37 43 46 
1 5 11 13 14 17 19 22 23 25 26 27 29 30 37 40 45 50 
6 7 10 13 20 23 24 27 28 30 31 32 36 39 41 
8 10 21 22 24 25 27 28 29 30 34 35 40 42 44 45 49 
1 2 3 4 5 8 9 13 22 23 26 27 28 30 31 33 37 43 46 
1 3 6 7 8 11 14 17 18 19 27 34 35 38 43 47 
8 10 21 22 24 25 27 28 29 30 34 35 40 42 44 45 49 
1 2 3 13 15 17 27 31 39 41 44 46 48 50 
1 3 5 7 8 11 12 13 14 15 16 17 18 19 20 23 24 26 27 29 30 31 32 33 37 38 41 44 
1 2 3 4 5 10 11 14 16 17 20 25 28 29 30 35 41 42 44 
1 2 3 4 5 8 9 13 22 23 26 27 28 30 31 33 37 43 46 
1 3 11 15 17 18 26 31 34 35 36 43 45 48 49 50 
1 5 11 13 14 17 19 22 23 25 26 27 29 30 37 40 50 
9 11 12 17 29 31 35 38 39 40 41 43 45 48 
2 3 4 5 7 10 11 13 14 16 18 24 26 28 30 35 36 39 40 41 44 45 46 48 49 
1 2 3 13 15 17 27 31 39 41 44 46 48 50 
1 2 3 4 5 10 11 14 16 17 20 25 28 29 30 35 41 42 44 
2 3 4 5 7 10 11 13 14 16 18 24 26 28 30 35 36 39 40 41 44 45 46 48 49 
1 5 11 13 14 17 19 22 23 25 26 27 30 37 40 50 
1 2 6 9 10 12 18 20 25 26 27 29 34 35 37 38 39 40 43 45 49 
4 7 8 10 18 19 25 26 28 32 34 37 39 40 41 45 49 
8 10 21 22 24 25 27 28 29 30 34 35 40 42 44 45 49 
1 5 11 13 14 17 19 22 23 25 26 27 30 37 40 50 
1 2 6 9 10 12 18 20 25 26 27 29 34 35 37 38 39 40 43 45 49 
1 3 6 7 8 11 14 17 18 19 27 34 35 38 43 47 
1 2 6 9 10 12 18 20 25 26 27 29 34 35 37 38 39 40 43 45 49 
1 3 6 7 8 11 14 17 18 19 27 34 35 38 43 47 
1 2 3 4 5 8 9 13 22 23 26 27 28 30 31 33 37 43 46 
1 3 6 7 8 11 14 17 18 19 27 34 35 38 43 47 
8 10 21 22 24 25 27 28 29 30 34 35 40 42 44 45 49 
6 7 10 13 20 23 24 27 28 30 31 32 36 39 41 
6 7 10 13 20 23 24 27 28 30 31 32 36 39 41 
1 2 8 9 10 11 14 16 19 20 25 30 32 34 37 38 44 45 48 49 
1 2 6 9 10 12 18 20 25 26 27 29 34 35 37 38 39 40 43 45 49 
1 3 6 7 8 11 14 17 18 19 27 34 35 38 43 47 
2 5 7 9 14 18 23 25 30 31 33 34 35 36 37 39 43 45 46 
1 2 3 7 11 13 23 24 27 28 30 32 33 36 39 44 45 47 
1 5 11 13 14 17 19 22 23 25 26 27 30 37 40 50 
1 7 11 15 18 22 25 27 34 35 36 37 38 40 42 49 50 
1 2 3 4 5 8 9 13 22 23 26 27 28 30 31 33 37 43 46 
1 2 6 9 10 12 18 20 25 26 27 29 34 35 37 38 39 40 43 45 49 
1 3 6 7 8 11 14 17 18 19 27 34 35 38 43 47 
2 4 7 10 14 22 26 27 28 29 30 31 36 37 38 39 40 41 42 43 44 46 48 
1 3 6 7 8 11 14 17 18 19 27 34 35 38 43 47 
8 10 21 22 24 25 27 28 29 30 34 35 40 42 44 45 49 
2 8 9 10 11 15 16 17 18 20 22 25 26 29 30 31 33 34 35 37 40 41 45 46 49 50 
1 7 11 15 18 22 25 27 28 34 35 36 37 38 40 42 49 50 
1 5 6 11 13 14 17 19 22 23 25 26 27 30 37 40 50 
2 3 4 5 7 10 11 13 14 16 24 26 28 30 36 38 39 40 41 44 45 46 48 49 
2 4 7 10 14 22 26 27 28 29 30 31 36 37 38 39 40 41 42 43 44 46 48 
6 7 10 13 20 23 24 27 28 30 31 32 36 39 41 50 
2 8 9 10 11 15 16 17 18 20 22 25 26 27 29 30 31 33 34 35 37 40 41 45 46 49 50 
2 8 9 10 11 15 16 17 18 19 20 22 25 26 27 29 30 31 33 34 35 37 40 41 45 46 49 50 
1 2 6 9 10 12 18 20 25 26 27 29 34 35 37 38 39 40 43 45 49 
2 8 9 10 11 15 16 17 18 19 20 22 25 26 27 29 30 31 33 34 35 37 40 41 45 46 49 50 
8 10 21 22 24 25 27 28 29 30 34 35 40 42 44 45 49 
1 7 11 15 18 22 25 27 28 34 35 36 37 38 40 42 49 50 
2 5 7 9 14 18 23 25 30 31 33 34 35 36 37 39 43 45 46 
6 9 11 12 14 17 29 31 33 35 38 39 40 41 43 45 48 
2 8 9 10 11 15 16 17 18 19 20 22 25 26 27 29 30 31 33 34 35 37 40 41 45 46 49 50 
6 9 11 12 14 17 29 31 33 35 38 39 40 41 43 45 48 
1 5 6 7 11 13 14 17 19 22 23 25 26 27 30 37 39 40 50 
2 5 7 9 14 18 23 25 30 31 33 34 35 36 37 39 43 45 46 
8 10 21 22 24 25 27 28 29 30 34 35 40 42 44 45 49 
1 2 3 4 5 8 9 13 22 23 26 27 28 30 33 37 39 43 46 
2 3 4 5 7 9 10 11 16 24 26 28 30 36 38 39 40 41 45 46 48 49 
1 2 8 9 10 11 14 16 19 20 25 30 32 34 37 38 44 45 48 49 
4 7 8 10 12 18 19 22 25 26 28 32 34 37 39 40 41 45 49 
1 5 6 7 11 13 14 17 19 22 23 25 26 27 30 37 39 40 50 
1 3 4 5 7 10 11 14 16 17 20 25 28 29 30 41 42 44 
6 7 10 13 20 23 24 27 28 30 31 32 36 39 41 50 
1 2 3 7 11 13 20 23 27 28 30 32 33 36 39 44 45 47 
1 7 11 15 18 22 25 27 28 34 35 36 37 38 40 42 49 50 
1 7 11 15 18 22 25 27 28 34 35 36 37 38 40 42 49 50 
2 5 7 9 14 18 23 25 30 31 33 34 35 36 37 39 43 45 46 
1 3 11 15 17 18 26 31 34 35 36 37 43 45 48 49 50 
2 8 9 10 11 15 16 17 18 19 20 22 25 26 27 29 30 31 33 34 35 37 40 41 45 46 49 50 
2 5 7 9 14 18 23 25 30 31 33 34 35 36 37 39 43 45 46 
1 3 5 7 8 9 11 12 13 14 15 16 17 18 19 20 21 23 24 26 27 29 30 31 32 33 37 38 44 46 
1 3 11 15 17 18 26 31 34 35 36 37 43 45 48 49 50 
1 5 6 7 11 13 14 17 19 22 23 25 26 27 30 37 39 40 50 
1 3 4 5 7 10 11 14 16 17 20 25 28 29 30 40 41 42 44 
1 2 3 7 11 13 20 23 27 28 30 32 33 36 39 44 45 47 
1 2 3 7 11 13 20 23 27 28 30 32 33 36 39 44 45 47 
1 2 3 4 5 8 9 13 22 23 26 27 28 30 33 37 39 43 46 
1 7 11 15 18 22 25 27 28 34 35 36 37 38 40 42 49 50 
6 9 11 12 14 17 29 31 33 35 38 39 40 41 43 45 48 
3 6 7 8 9 11 14 17 18 19 27 34 35 38 43 47 50 
1 2 3 4 5 8 9 13 22 23 26 27 28 30 33 37 39 43 46 
4 7 8 10 12 18 19 22 25 26 28 32 34 37 39 40 41 45 49 
1 3 4 6 7 8 9 14 16 17 20 24 27 28 29 30 31 32 33 37 38 41 46 47 49 50 
1 7 11 15 18 22 25 27 28 34 35 36 37 38 40 42 49 50 
6 9 11 12 14 17 24 29 31 33 35 38 39 40 41 43 45 48 
1 3 5 7 8 9 11 12 13 14 15 16 17 18 19 20 21 23 24 26 27 29 30 31 32 33 37 38 44 46 
1 2 3 11 15 17 18 26 31 33 34 35 36 37 43 45 48 49 50 
1 2 3 13 17 18 23 27 31 41 44 46 50 
1 3 4 6 7 8 9 14 16 17 20 24 27 28 29 30 31 32 33 37 38 41 46 47 49 50 
1 2 8 9 10 11 14 16 19 20 25 30 32 34 36 37 38 44 45 48 49 
3 6 7 8 9 11 14 17 18 19 27 34 35 38 43 47 50 
2 4 10 14 22 25 26 27 28 29 30 31 36 37 38 39 40 41 42 43 44 46 48 
1 3 4 5 7 10 11 14 16 17 20 25 28 29 30 40 41 42 44 
1 2 3 4 5 8 9 13 22 23 26 27 28 30 33 37 39 43 46 
4 7 8 10 12 18 19 22 25 26 28 32 34 39 40 41 45 49 
2 3 4 5 7 9 10 11 16 24 26 28 30 36 38 39 40 41 45 46 48 49 
1 2 3 4 5 8 9 13 22 23 26 27 28 30 33 37 39 43 46 
1 2 3 13 17 18 23 27 31 41 44 46 50 
1 5 6 7 11 13 14 17 19 22 23 25 26 27 30 34 37 39 40 50 
1 2 3 7 11 13 20 23 27 28 30 32 33 36 39 44 45 47 
1 2 3 4 5 8 9 13 22 23 26 27 28 30 33 37 39 43 46 
6 7 10 13 15 20 23 24 27 28 30 31 32 36 39 41 50 
1 2 3 7 11 13 20 23 27 28 30 32 33 36 39 44 45 47 
2 4 10 12 14 22 24 25 26 27 28 29 30 31 36 37 38 39 40 41 42 43 44 46 
2 5 7 9 14 16 18 23 25 30 31 33 34 35 36 37 38 39 43 45 46 48 
1 2 8 9 10 11 14 16 19 20 25 30 32 34 36 37 38 44 45 48 49 
2 8 9 10 11 15 16 17 18 19 20 22 25 26 27 29 30 31 32 33 34 35 37 40 41 45 46 49 50 
1 2 8 9 10 11 14 16 19 20 25 30 32 34 36 37 38 44 45 48 49 
3 6 7 8 9 11 14 17 18 19 27 34 35 38 43 47 50 
4 7 8 10 12 18 19 21 22 25 26 28 32 34 39 40 41 45 49 
2 8 9 10 11 15 16 17 18 19 20 22 25 26 27 29 30 31 32 33 34 35 37 40 41 45 46 49 50 
6 9 11 12 14 17 29 31 33 35 38 39 40 41 43 45 48 
1 5 6 7 11 13 14 17 19 22 23 25 26 27 30 34 37 39 40 50 
4 8 10 21 22 24 25 27 28 29 30 34 35 42 45 49 
1 7 11 15 18 22 25 27 28 34 35 36 37 38 40 42 49 50 
1 3 5 7 8 11 12 13 14 15 16 17 18 19 20 21 23 24 26 27 29 30 31 32 33 37 38 44 46 
1 3 4 5 7 10 11 14 16 17 20 25 28 29 30 38 40 41 42 44 
1 7 11 15 18 22 25 27 28 34 35 36 37 38 40 42 49 50 
4 7 8 10 12 18 19 21 22 25 26 28 32 34 39 40 41 45 49 
1 3 4 6 7 8 9 14 16 17 20 24 27 28 29 30 31 32 33 37 38 41 46 47 49 50 
1 5 6 7 11 13 14 17 19 22 23 25 26 27 30 34 37 39 40 50 
1 2 3 4 5 8 9 13 22 23 26 27 28 30 33 39 43 46 
2 5 7 9 14 16 23 25 30 31 33 34 35 36 37 39 43 45 46 48 50 
4 8 10 12 21 22 24 25 27 28 29 30 34 35 42 45 49 
2 3 4 5 7 9 10 11 12 16 24 26 28 30 36 38 39 40 41 45 48 49 
1 2 3 4 5 8 9 13 22 23 26 27 28 30 33 39 43 46 
1 3 4 6 7 8 9 14 16 17 20 24 27 28 29 30 31 32 33 37 38 41 46 47 49 50 
1 2 3 11 15 17 18 26 31 33 34 35 36 37 43 45 47 48 49 50 
2 4 10 12 14 16 21 22 24 25 27 28 29 30 31 36 37 38 39 40 41 42 43 44 46 
1 2 3 13 17 18 23 27 31 41 44 46 50 
1 2 3 7 11 13 20 23 27 28 30 32 33 36 39 44 45 47 
4 7 8 10 12 18 19 21 22 25 26 28 32 34 39 40 41 45 49 
1 2 6 10 12 17 18 20 26 27 29 34 35 37 38 39 40 43 45 49 50 
2 3 4 5 7 9 10 11 12 16 24 26 28 30 36 38 39 40 41 45 48 49 
4 7 8 10 12 18 19 21 22 25 26 28 32 34 39 40 41 45 49 
1 3 4 5 7 10 11 14 16 17 20 25 28 29 30 38 40 41 42 44 
3 6 7 8 9 11 14 17 18 19 27 34 35 36 38 43 47 50 
4 7 8 10 12 18 19 21 22 25 26 28 32 34 39 40 41 45 49 
2 4 10 12 14 16 21 22 24 25 27 28 29 30 31 36 37 38 39 40 41 42 43 44 46 49 
1 2 3 7 11 13 20 23 27 28 30 32 33 36 39 44 45 47 
1 2 6 10 12 17 18 20 26 27 29 34 35 37 38 39 40 43 45 49 50 
4 7 8 10 12 18 19 21 22 25 26 32 34 39 40 41 45 49 
2 5 7 9 14 16 23 25 30 31 33 34 35 36 37 39 43 45 46 48 50 
1 2 3 13 15 17 18 23 27 31 41 43 44 46 47 50 
1 2 3 11 15 17 18 26 31 33 34 35 36 37 43 45 47 48 49 50 
1 2 8 9 10 11 14 16 19 20 25 30 32 34 36 37 38 44 45 48 49 
2 5 7 9 14 16 23 25 30 31 33 34 35 36 37 39 43 45 46 48 50 
6 9 11 12 14 17 27 29 31 33 35 38 39 40 41 43 45 48 
4 7 8 10 12 18 19 21 22 25 26 32 34 39 40 41 45 49 
1 2 6 10 12 14 17 18 20 26 27 29 34 35 37 38 39 40 43 45 49 50 
2 8 9 10 11 14 16 19 20 25 30 32 34 36 37 38 44 45 48 49 
1 5 6 7 11 13 14 17 19 22 23 25 26 27 30 34 37 39 40 44 50 
6 9 11 12 14 17 27 29 31 33 35 38 39 40 41 43 45 48 
1 2 3 13 15 16 17 18 23 27 28 31 41 43 44 46 47 50 
2 8 9 10 11 14 16 19 20 25 30 32 34 36 37 38 44 45 48 49 
1 7 11 15 18 22 25 27 28 34 35 36 37 38 40 42 49 50 
1 2 3 6 10 12 14 17 18 20 26 27 29 34 35 37 38 39 40 43 45 49 50 
1 5 6 7 11 13 14 17 19 22 23 25 26 27 30 34 37 39 40 44 50 
2 8 9 10 11 14 16 19 20 25 32 34 36 37 38 44 45 48 49 
1 5 6 7 11 13 14 17 19 22 23 25 26 27 30 34 37 39 40 44 50 
5 6 7 10 13 15 16 20 23 24 27 28 30 31 32 36 39 41 42 50 
1 2 3 13 15 16 17 18 23 27 28 31 41 43 44 46 47 50 
6 8 9 11 12 14 17 27 29 31 33 35 38 39 40 41 43 45 48 
1 2 3 7 11 13 20 23 27 28 30 32 33 36 39 44 45 47 
6 8 9 11 12 14 17 27 29 31 33 35 38 39 40 41 43 45 48 
1 3 5 7 8 11 13 14 15 16 17 18 19 20 21 23 26 27 29 30 31 32 33 37 38 44 46 
3 6 7 8 9 11 14 17 18 19 26 27 34 35 36 43 47 48 50 
4 7 8 10 12 18 19 21 22 25 26 32 34 39 40 41 49 
2 8 9 10 11 14 16 19 20 25 32 34 36 37 38 44 45 48 49 
1 3 4 6 7 8 9 14 17 20 24 27 28 29 30 31 32 33 37 38 46 47 49 50 
1 2 3 4 8 9 13 22 23 26 27 28 30 39 43 46 
4 5 8 10 12 21 22 24 25 27 28 29 30 34 35 40 42 45 49 
5 6 7 10 13 15 16 20 23 24 27 28 30 31 32 36 39 41 50 
1 2 3 11 15 17 18 26 31 33 34 35 36 37 43 45 47 48 49 50 
1 7 11 15 18 21 22 25 27 28 34 35 36 37 38 40 42 49 50 
1 2 3 6 10 12 14 17 18 20 26 27 29 34 35 37 38 39 40 43 45 49 50 
1 3 4 6 7 8 9 14 17 20 24 27 28 29 30 31 32 33 37 38 46 47 49 50 
4 7 8 10 12 18 19 21 22 25 26 32 34 39 40 41 49 
4 5 8 10 12 21 22 24 25 27 28 29 30 34 35 40 42 45 46 49 
3 6 7 8 9 11 14 17 19 26 27 34 35 36 43 47 48 50 
3 6 7 8 9 11 14 17 19 26 27 34 35 36 43 47 48 50 
5 6 7 10 13 15 16 20 23 24 27 28 30 31 32 36 39 41 50 
1 2 3 11 13 15 16 17 18 23 26 27 28 31 35 41 43 44 46 47 50 
3 6 7 8 9 11 14 17 19 26 27 34 35 36 43 47 48 50 
4 7 8 10 12 18 19 21 22 25 26 32 34 39 40 41 49 
2 5 7 9 14 16 23 25 30 31 33 34 35 36 37 39 43 45 46 48 50 
1 2 3 7 11 13 20 23 27 28 30 32 33 36 39 44 45 47 
2 4 6 10 12 14 16 21 22 24 25 27 28 29 30 31 36 37 38 39 40 41 42 43 44 46 49 
4 7 8 10 12 18 19 21 22 25 26 32 34 39 40 41 49 
2 8 9 10 11 14 16 19 20 25 32 34 36 37 38 44 45 48 49 
1 2 3 7 11 13 20 23 27 28 30 32 33 36 37 39 44 45 47 
2 8 9 10 11 15 16 17 18 19 20 22 25 26 27 29 30 31 32 33 34 35 37 41 45 46 49 50 
2 8 9 10 11 15 16 17 18 19 20 22 25 26 27 29 30 31 32 33 34 35 37 41 45 46 49 50 
1 3 4 5 7 8 11 13 14 15 16 17 18 19 20 21 23 26 27 29 30 31 32 33 37 38 44 46 
2 8 9 10 11 14 16 19 20 25 32 34 36 37 38 44 45 48 49 
1 2 3 11 13 15 16 17 18 23 26 27 28 31 35 41 43 44 46 47 50 
6 8 9 11 12 14 17 20 25 27 31 33 35 38 39 40 41 43 45 48 50 
1 7 11 15 18 21 22 25 26 27 28 34 35 36 37 38 40 42 49 50 
1 2 3 4 11 15 17 18 26 31 33 34 35 36 37 43 45 47 48 49 50 
5 6 7 9 10 13 15 16 20 23 24 27 28 30 31 32 36 39 41 50 
1 3 4 7 8 9 14 17 20 24 27 28 29 30 31 32 33 37 38 46 47 50 
2 8 9 10 11 15 16 17 18 19 20 22 25 26 27 29 30 31 32 33 34 35 37 41 45 46 49 50 
2 3 4 5 9 10 11 12 16 26 28 30 32 36 37 38 39 40 41 45 48 49 
2 5 7 9 14 16 23 25 30 31 33 34 35 36 37 39 43 45 46 48 50 
2 8 9 10 11 14 16 19 20 25 32 34 36 37 38 44 45 48 49 
4 7 8 10 12 18 19 21 22 25 26 30 32 34 39 40 41 49 
1 2 3 6 10 12 14 17 18 20 27 29 30 34 35 37 38 39 40 43 45 49 50 
1 3 4 5 7 8 11 13 14 15 16 17 18 19 20 21 23 26 27 29 30 31 32 33 37 38 44 46 
4 7 8 10 12 18 19 21 22 25 26 30 32 34 39 40 41 49 
1 2 3 5 11 13 15 16 17 18 23 26 27 28 31 35 41 43 44 46 47 50 
1 5 6 7 11 13 14 17 18 19 20 22 23 25 26 27 28 30 34 37 39 40 44 50 
2 3 4 5 9 10 11 12 16 26 28 30 32 36 37 38 39 40 41 45 48 49 
2 5 7 9 14 16 23 25 30 31 33 34 35 36 37 39 43 45 46 48 50 
4 7 8 10 12 18 19 20 21 22 25 26 30 32 34 39 40 41 49 
2 4 6 8 10 12 14 16 21 22 24 25 27 28 29 30 31 35 36 37 38 39 40 41 42 43 44 46 49 
1 2 3 4 8 9 13 16 22 23 26 27 28 30 39 43 
1 2 3 7 11 13 20 23 25 27 28 30 32 33 36 37 39 44 45 47 
7 11 15 18 21 22 25 26 27 28 34 35 36 37 38 40 42 49 50 
1 2 6 10 12 14 17 18 20 27 29 30 34 35 37 38 39 40 43 45 49 50 
1 6 7 11 13 14 17 18 19 20 22 23 25 26 27 28 30 34 37 40 44 50 
1 3 4 7 8 9 14 17 20 24 27 28 29 30 31 32 33 37 38 40 46 47 50 
4 7 8 10 12 18 19 20 21 22 25 26 30 32 39 40 41 49 
5 6 7 8 9 10 13 15 16 20 23 24 27 28 30 31 32 36 39 41 50 
7 11 15 18 21 22 25 26 27 28 34 35 36 37 38 40 42 49 50 
1 2 6 10 12 14 17 18 20 27 29 30 34 35 37 38 39 40 43 45 49 50 
6 8 9 11 12 14 17 20 25 27 31 33 35 37 38 39 40 41 43 45 48 50 
1 2 3 4 11 15 17 18 26 31 33 34 35 36 37 43 45 47 48 49 50 
1 2 3 4 8 9 13 16 22 23 26 27 28 30 39 43 
1 3 4 5 7 8 11 13 14 15 16 17 18 19 20 21 23 26 27 29 30 31 32 33 37 38 44 46 
1 2 3 4 11 15 17 18 26 31 33 34 35 36 37 43 45 47 48 49 50 
5 6 7 9 10 13 15 16 20 23 24 27 28 30 31 32 36 39 40 41 50 
2 4 6 8 10 14 16 21 22 25 27 28 29 30 31 35 36 37 38 39 40 41 42 43 44 45 46 49 
1 2 3 4 8 9 13 16 22 23 26 27 28 30 39 43 
2 8 9 10 11 14 16 19 20 25 26 32 34 36 37 38 44 45 48 49 
1 3 4 7 8 9 14 17 20 24 27 28 29 30 31 32 33 37 38 40 44 46 47 50 
2 3 4 5 9 10 11 12 16 21 26 28 30 32 36 37 38 39 40 41 45 48 49 
4 7 8 10 18 19 20 21 22 25 26 30 32 39 40 41 49 
6 8 9 11 12 14 17 20 25 27 31 33 35 37 38 39 40 41 43 45 48 50 
3 4 5 7 10 11 16 17 20 25 29 30 36 40 41 42 44 48 
1 3 4 7 8 9 14 17 20 24 27 28 29 30 31 32 33 37 38 40 44 46 47 50 
5 7 8 11 15 18 21 22 25 26 27 28 31 34 35 36 37 40 42 48 49 50 
2 4 6 8 10 14 16 21 22 25 27 28 29 30 31 35 36 37 38 39 40 41 42 43 44 45 46 49 
5 7 8 11 15 18 21 22 25 26 27 28 31 34 35 36 37 40 42 48 49 50 
4 7 8 10 18 19 20 21 22 25 26 30 32 39 40 41 49 
3 7 8 9 14 17 19 20 24 26 27 31 34 35 36 37 43 46 47 48 50 
6 8 9 11 12 14 17 20 25 27 31 33 35 37 38 39 40 41 43 45 48 50 
2 3 4 5 9 10 11 12 16 21 26 28 30 32 36 37 38 39 40 41 45 48 49 
5 7 8 11 15 18 21 22 25 26 27 28 31 34 35 36 37 40 42 48 49 50 
1 2 3 4 11 15 17 18 26 31 33 34 35 36 37 43 45 47 48 49 50 
4 7 8 10 18 19 20 21 22 25 26 30 32 39 40 41 49 
1 2 6 7 9 10 12 14 17 18 20 22 27 29 30 34 35 37 38 39 40 43 45 49 50 
2 5 6 7 9 13 15 16 20 23 24 27 28 30 31 32 36 39 40 41 50 
1 2 6 7 9 10 12 14 17 18 20 22 27 29 30 34 35 37 38 39 40 43 44 45 49 50 
4 7 8 10 18 19 20 21 22 25 26 30 32 39 40 41 42 49 
2 8 10 11 14 16 19 20 25 26 32 34 36 37 38 44 45 48 49 
6 8 9 11 12 14 17 20 25 27 31 33 35 37 38 39 40 41 43 44 45 48 50 
1 2 3 4 11 15 17 18 26 31 33 34 35 36 37 43 45 47 48 49 50 
3 7 8 9 14 17 19 20 24 26 27 31 34 35 36 37 43 46 47 48 50 
6 8 9 11 12 14 17 20 25 27 31 33 35 37 38 39 40 41 43 44 45 48 50 
1 2 3 7 11 13 23 25 27 28 30 33 36 37 39 42 44 45 47 
5 7 8 11 15 18 21 22 25 26 27 28 31 34 35 36 37 40 42 48 49 50 
1 2 3 5 11 13 15 16 17 18 19 21 23 26 27 28 31 35 41 43 44 46 47 48 50 
1 2 3 8 9 13 16 22 23 26 27 28 30 39 43 
1 5 6 7 11 13 14 17 18 19 20 22 23 25 26 27 30 34 37 40 44 
1 3 4 7 8 9 14 17 20 24 27 28 29 31 32 33 37 38 40 44 46 47 50 
2 5 6 7 9 13 15 16 20 23 24 27 28 30 31 32 36 39 40 41 50 
1 2 3 8 9 13 16 22 23 26 27 28 30 39 43 47 
1 5 6 7 11 13 14 17 18 19 20 22 23 25 26 27 30 34 37 40 44 
2 8 9 10 11 12 15 16 17 18 19 20 22 25 26 27 29 30 31 32 35 37 41 45 50 
5 7 8 11 15 18 21 22 25 26 27 28 31 34 35 36 37 40 42 48 49 50 
3 4 5 7 10 11 16 17 20 25 29 30 36 40 41 42 44 48 
2 5 6 7 9 13 15 16 20 23 24 27 28 30 31 32 36 39 40 41 50 
1 5 6 7 11 13 14 17 18 19 20 22 23 25 26 27 30 34 37 40 44 
2 5 6 7 9 13 15 16 20 23 24 27 28 30 31 32 36 39 40 41 50 
2 5 9 12 14 16 23 25 30 31 33 34 35 36 37 39 43 45 46 48 50 
2 5 6 7 9 13 15 16 20 23 24 27 28 30 31 32 36 39 40 41 50 
2 5 9 12 14 16 23 25 30 31 33 34 35 36 37 39 43 45 46 48 50 
2 3 4 5 9 10 11 12 16 21 26 28 30 32 35 36 37 38 39 40 41 45 48 49 
2 5 9 12 14 16 23 25 30 31 33 34 35 36 37 39 43 45 46 48 50 
3 4 5 7 10 11 16 17 20 25 29 30 36 40 41 42 44 48 
1 3 4 5 7 8 14 17 20 24 27 28 29 31 32 33 37 38 40 44 46 47 50 
4 5 8 10 12 21 22 24 25 28 29 30 34 35 36 40 42 43 45 46 49 
2 5 6 7 9 13 15 20 23 24 27 28 30 31 32 36 39 40 41 50 
1 3 4 5 7 8 14 17 20 24 27 28 29 31 32 33 37 38 40 44 46 47 50 
2 3 4 5 9 10 11 12 16 21 26 28 30 32 35 36 37 38 39 40 41 42 45 48 49 
6 8 9 10 11 12 14 17 20 25 27 31 33 35 37 38 39 40 41 43 44 45 48 50 
2 4 8 10 14 16 21 22 25 27 28 29 30 31 35 37 38 39 40 41 42 43 44 45 46 47 49 
3 4 5 7 10 11 17 19 20 25 29 30 36 40 41 42 44 48 
1 5 6 7 11 13 14 17 18 19 20 22 23 25 26 27 30 34 37 40 44 47 
1 5 6 7 11 13 14 17 18 19 20 22 23 25 26 27 30 34 37 40 44 47 
2 5 9 12 14 16 23 25 30 31 33 34 35 36 37 39 43 45 48 50 
3 4 5 7 10 11 17 19 20 25 29 30 32 36 40 41 42 44 48 
3 4 5 7 10 11 17 19 20 25 29 30 32 36 40 41 42 44 48 
1 5 6 7 11 13 14 17 18 19 20 22 23 25 26 27 30 34 37 40 44 47 
1 3 4 5 7 8 14 17 20 24 27 28 29 31 32 33 37 38 40 44 46 50 
3 7 8 9 14 17 19 20 24 26 27 31 34 35 36 37 43 46 47 48 50 
2 5 6 7 9 13 15 20 23 24 27 28 30 31 32 36 39 40 41 50 
1 5 6 7 11 13 14 17 18 19 20 22 23 25 26 27 30 34 37 40 44 47 
4 7 8 10 13 18 19 21 22 25 26 30 32 39 40 41 42 44 49 
1 3 4 5 7 8 14 17 20 24 27 28 29 31 32 33 37 38 40 44 46 50 
2 3 4 5 9 10 11 12 16 21 26 28 30 32 35 36 37 38 39 40 41 45 48 49 
3 7 8 9 14 17 19 20 24 26 27 31 34 35 36 37 43 46 47 48 50 
3 7 8 9 14 17 19 20 24 26 27 31 34 35 36 37 43 46 47 48 50 
1 5 6 7 11 13 14 17 18 19 20 22 23 25 26 27 30 34 37 40 44 47 
5 7 8 11 12 15 17 18 21 22 25 26 28 31 34 35 36 37 40 42 48 49 50 
2 8 9 10 11 12 15 16 17 18 19 20 22 25 26 27 29 30 31 32 35 37 39 41 45 50 
2 8 10 11 13 14 16 17 19 20 25 26 32 34 36 38 44 45 48 49 
2 8 10 11 13 14 16 17 19 20 25 26 32 34 36 38 44 45 48 49 
4 5 8 10 12 18 21 22 24 25 28 29 30 34 35 36 40 42 43 45 46 49 
1 3 4 5 7 8 14 17 20 24 27 28 29 31 32 33 37 38 40 44 46 50 
1 5 6 7 11 13 14 17 18 19 20 22 23 25 26 27 30 34 36 37 40 44 47 
1 2 3 7 11 13 15 16 23 25 26 27 28 30 33 35 36 37 39 42 44 47 
1 3 4 5 7 8 14 17 20 24 27 28 29 31 32 33 37 38 40 44 46 50 
5 7 8 11 12 15 17 18 21 22 25 26 28 31 34 35 36 37 40 42 47 48 49 50 
1 2 6 7 9 10 12 14 17 18 21 22 27 29 30 31 34 35 36 37 39 40 43 44 45 48 49 50 
1 2 3 5 11 13 15 16 17 18 19 21 23 26 27 28 31 35 41 43 44 46 47 48 50 
3 4 5 7 8 10 11 13 14 16 17 18 19 20 21 23 26 30 31 32 33 37 38 40 43 44 45 46 49 
1 2 3 8 9 13 16 22 23 27 28 30 32 39 43 47 
2 4 8 10 11 14 16 21 22 25 27 28 29 30 31 35 37 38 39 40 41 42 43 44 45 46 47 
1 2 3 4 11 15 17 18 26 31 33 34 35 37 43 45 47 48 49 50 
4 7 8 13 17 18 19 21 22 25 26 30 32 33 39 40 42 44 49 
4 5 8 10 12 18 21 22 24 25 28 29 30 34 35 36 40 42 43 45 46 49 
1 3 4 6 7 8 14 17 20 24 27 28 29 31 32 33 37 38 40 44 46 50 
1 3 4 6 7 8 14 17 20 24 27 28 29 31 32 33 37 38 44 46 50 
1 5 6 7 11 13 14 17 18 19 20 22 23 25 26 27 30 34 36 37 40 44 47 
3 4 5 7 8 10 11 17 18 19 20 25 27 29 30 32 40 41 42 44 
1 2 3 5 11 13 15 16 17 18 19 21 23 26 27 28 31 41 43 44 46 47 48 50 
2 3 4 5 9 10 11 12 16 21 26 28 30 32 35 36 37 38 39 40 41 45 48 49 
3 4 5 7 8 10 11 13 14 16 17 18 19 20 21 23 26 30 31 32 33 37 40 43 44 45 46 49 
2 3 4 5 9 10 11 12 16 21 26 28 30 32 35 36 37 38 39 41 45 48 49 
2 3 7 8 9 14 17 19 20 24 25 26 27 31 34 35 36 37 43 46 47 48 50 
1 2 3 4 11 15 17 18 25 26 31 33 34 35 37 43 45 47 48 49 50 
1 2 3 4 11 15 17 18 25 26 31 33 34 35 37 43 45 47 48 49 50 
1 2 6 7 9 10 12 14 17 18 21 22 27 29 30 31 34 35 36 37 39 40 43 44 45 48 50 
2 4 9 10 11 12 15 16 17 18 19 20 22 25 26 27 28 29 30 31 32 35 37 39 41 45 50 
2 4 9 10 11 12 15 16 17 18 19 20 22 25 26 27 28 29 30 31 32 35 37 39 41 45 50 
2 3 7 8 9 14 17 19 20 24 25 26 27 31 34 35 36 37 43 46 47 48 50 
4 7 8 13 17 18 19 21 22 25 26 30 32 33 39 40 42 44 49 
1 2 3 4 11 15 17 18 25 26 31 33 34 35 37 43 45 47 48 49 50 
2 3 4 5 9 10 11 12 16 21 26 28 30 32 35 36 37 38 39 41 45 48 49 
4 7 8 13 17 18 19 21 22 25 26 30 32 33 39 42 44 49 
4 7 8 13 17 18 19 21 22 25 26 30 32 33 39 42 44 49 
2 3 4 9 10 11 12 16 21 26 28 30 32 35 36 37 38 39 41 45 48 49 
1 3 4 6 7 8 14 17 20 24 27 28 29 31 32 33 37 38 44 46 48 50 
5 8 10 12 18 21 22 24 25 28 29 30 34 35 36 38 40 42 43 45 46 49 
1 3 4 6 7 8 14 17 20 24 27 28 29 31 32 33 37 38 44 46 48 50 
1 2 3 5 7 11 13 15 23 25 26 27 28 30 33 35 36 37 39 42 44 47 
3 4 5 7 8 10 11 17 18 19 20 25 27 30 32 36 40 41 42 44 
4 7 8 13 17 18 19 21 22 25 26 30 32 33 39 42 44 49 
2 5 9 12 14 16 18 23 25 30 31 33 34 35 36 37 39 42 43 45 48 50 
2 3 4 9 10 11 12 16 21 26 28 30 32 35 36 37 38 39 41 45 48 49 
3 4 5 7 8 10 11 13 14 16 17 18 19 20 21 23 26 31 32 33 37 38 40 43 44 45 46 49 
3 4 5 7 8 10 11 17 18 19 20 25 27 30 32 36 40 41 42 44 
1 2 3 4 11 15 17 18 25 26 31 33 34 35 37 43 45 47 48 49 50 
2 5 7 9 13 15 17 20 23 24 27 28 30 31 32 36 40 41 47 50 
2 4 8 10 11 14 16 21 25 27 28 29 30 31 35 37 38 39 40 41 42 43 44 45 46 47 
4 7 8 13 17 18 19 21 22 25 26 30 32 33 39 42 44 49 
1 2 3 4 11 15 17 18 25 26 31 33 34 35 37 43 45 47 48 49 50 
2 3 4 9 10 11 12 16 21 26 28 30 32 35 36 37 38 39 41 45 48 49 
5 7 8 10 12 18 21 22 24 25 28 29 30 34 35 36 38 40 42 43 45 46 49 
2 5 7 9 13 15 17 20 23 24 27 28 30 31 32 36 40 41 47 50 
1 2 3 4 6 7 8 14 17 20 24 27 28 29 31 32 33 37 38 44 46 48 50 
2 3 7 8 9 14 17 19 20 24 25 26 27 31 34 35 36 37 43 46 47 48 50 
1 2 3 5 11 12 13 15 16 17 18 19 21 23 26 27 28 31 35 37 41 43 44 46 47 48 50 
1 2 3 4 11 15 17 18 25 26 31 33 34 35 37 43 45 47 48 49 50 
2 5 7 9 13 15 17 20 23 24 27 28 30 31 32 36 40 41 47 50 
6 8 9 10 11 12 14 17 20 25 31 33 35 36 37 38 39 40 41 43 44 45 47 48 50 
2 4 9 10 11 12 15 16 17 18 20 22 25 26 27 28 29 30 31 32 35 37 39 41 45 50 
1 2 3 4 11 15 17 18 25 26 31 33 34 35 37 43 45 47 48 49 50 
1 2 6 7 9 10 12 14 17 18 21 22 27 29 30 31 34 35 36 37 39 40 43 44 45 47 48 50 
2 5 9 12 14 16 18 23 25 30 31 33 34 35 36 37 39 40 42 43 45 48 50 
1 2 3 4 11 15 17 18 25 26 31 33 34 35 37 43 45 47 48 49 50 
1 2 3 9 13 14 16 22 23 26 27 28 30 32 39 47 48 49 
1 2 3 5 7 11 13 15 23 25 26 27 28 30 33 35 36 37 39 42 44 47 50 
2 3 4 9 10 11 12 16 21 26 28 30 32 35 36 37 38 39 41 45 48 49 
2 4 8 10 11 14 16 21 25 27 28 29 30 31 35 37 38 39 40 41 42 43 44 45 46 47 
2 3 5 7 9 13 15 17 19 20 23 24 27 28 30 31 32 34 36 40 41 47 50 
1 2 6 7 9 10 12 14 17 18 21 22 27 29 30 31 34 35 36 37 39 40 43 44 45 47 48 50 
5 7 8 10 12 18 21 22 24 25 28 29 30 34 35 36 38 40 42 43 45 46 49 
2 4 8 10 11 14 16 21 25 27 28 29 30 31 35 37 38 39 40 41 42 43 44 45 46 47 
2 4 9 10 11 12 15 16 17 18 20 22 25 26 27 28 29 30 31 32 35 37 38 39 41 45 50 
5 7 8 11 12 15 17 18 21 22 24 25 26 28 31 35 36 37 38 40 42 43 47 48 49 50 
1 2 3 4 5 11 14 15 17 18 24 25 26 31 33 34 35 37 43 45 47 48 49 50 
2 3 4 5 7 8 10 11 13 14 16 17 18 19 20 21 23 26 31 32 33 37 38 40 43 44 45 46 49 
3 8 9 10 11 13 14 16 17 18 20 25 26 34 38 44 45 48 49 
1 3 5 11 12 13 15 16 17 18 19 21 23 26 27 28 31 35 37 41 43 44 46 47 48 50 
2 4 9 10 11 12 15 16 17 18 20 22 25 26 27 28 29 30 31 32 35 38 39 41 45 50 
1 2 3 9 13 14 16 22 23 26 27 28 30 32 39 47 48 49 
6 8 9 10 11 12 14 17 20 25 31 33 35 36 37 38 40 41 43 44 45 47 48 50 
2 3 4 5 7 8 10 11 13 14 16 17 18 19 20 21 23 26 31 32 33 37 38 40 43 44 45 46 49 
3 8 9 10 11 13 14 16 17 18 20 25 26 34 38 44 45 48 49 
6 8 9 10 11 12 14 17 20 25 31 33 35 36 37 38 40 41 43 44 45 47 48 50 
1 2 3 4 7 8 9 11 14 17 19 20 24 25 27 28 29 31 32 33 38 44 46 48 50 
1 3 5 11 12 13 15 16 17 18 19 21 23 26 27 28 31 35 37 41 43 44 46 47 48 50 
2 3 5 7 9 13 15 19 20 23 24 27 28 30 31 32 34 36 40 41 47 50 
2 3 4 5 7 8 10 11 13 14 16 17 18 19 20 21 23 26 31 32 33 37 38 40 43 44 45 46 49 
2 3 4 5 7 8 10 11 13 14 16 17 18 19 20 21 23 26 31 32 33 37 38 40 43 44 45 46 49 
2 5 9 12 14 16 18 23 25 30 31 33 34 35 36 37 39 40 42 43 45 48 50 
2 3 7 8 9 14 17 19 20 25 26 27 31 34 35 36 37 43 46 47 48 50 
1 3 5 11 12 13 15 16 17 18 19 21 23 26 27 28 31 35 37 41 43 44 46 47 48 50 
2 4 9 10 11 12 15 16 17 18 19 20 21 22 25 26 27 28 29 30 31 32 35 38 39 41 45 50 
1 3 4 5 11 14 15 17 18 24 25 26 31 33 34 35 37 43 45 47 48 49 50 
1 3 4 5 11 14 15 17 18 24 25 26 31 33 34 35 37 43 45 47 48 49 50 
1 2 6 7 9 10 12 14 17 18 21 22 27 29 30 31 34 35 36 37 39 40 43 44 45 47 48 50 
3 4 5 7 10 17 18 19 20 25 27 30 32 36 40 41 42 44 
1 2 3 4 7 8 9 14 17 19 20 24 25 27 28 29 31 32 33 38 44 46 48 50 
1 2 3 5 7 11 13 15 23 25 26 27 28 30 33 35 36 37 39 42 44 47 50 
1 2 3 9 13 14 16 22 23 26 27 28 30 32 39 47 48 49 
2 3 4 6 9 10 11 12 16 18 21 26 30 32 35 36 37 38 39 41 45 48 49 
5 7 8 11 12 15 17 18 21 22 24 25 26 28 31 36 37 38 40 42 43 47 48 49 50 
2 3 5 7 9 13 15 19 20 23 24 27 28 30 31 32 34 36 40 47 50 
3 8 9 10 11 13 16 17 18 20 25 34 38 44 45 48 49 
1 3 4 5 11 14 15 17 18 24 25 26 31 33 34 35 37 43 45 47 48 49 
2 5 9 12 14 16 18 23 25 30 31 33 34 35 36 37 39 40 42 43 45 48 50 
2 3 5 7 9 13 15 19 20 23 24 27 28 30 31 32 34 36 40 47 50 
1 3 4 5 11 14 15 17 18 24 25 26 31 33 34 35 37 43 45 47 48 49 
2 3 4 5 7 8 11 13 14 16 17 18 19 20 21 23 26 31 32 33 37 38 40 43 44 45 46 49 50 
7 8 11 12 15 17 18 21 22 24 25 26 28 31 36 37 38 40 42 43 47 48 49 50 
3 4 5 7 10 17 18 19 20 25 27 30 32 36 37 40 41 42 44 48 49 
1 5 6 7 10 11 13 14 17 18 19 20 22 23 25 26 27 30 34 36 37 40 41 47 
7 8 11 12 15 17 18 21 22 24 25 26 28 31 36 37 38 40 42 43 47 48 49 50 
1 3 5 11 12 13 15 16 17 18 19 21 23 26 27 28 31 35 37 40 41 43 46 47 48 50 
3 4 5 7 10 16 17 18 19 20 25 27 30 32 36 37 40 41 42 44 48 49 
2 8 10 11 14 16 21 22 25 27 28 30 31 35 37 38 39 40 41 42 43 44 45 46 47 49 
1 3 5 11 12 13 15 16 17 18 19 21 23 26 27 28 30 31 35 37 40 41 42 43 46 47 48 50 
1 5 6 7 10 11 13 14 17 18 19 20 22 23 25 26 27 30 34 36 37 40 41 47 
2 3 4 5 7 8 11 13 14 16 17 18 19 20 21 23 26 31 32 33 37 38 40 43 44 45 49 50 
2 3 4 5 7 8 11 13 14 16 17 18 19 20 21 23 26 31 32 33 37 38 40 43 44 45 49 50 
1 2 3 5 7 11 13 15 23 25 26 27 28 30 33 35 36 37 39 41 42 44 47 50 
6 8 9 10 11 12 14 17 20 25 31 33 35 36 37 38 40 41 43 44 45 47 48 50 
2 4 9 10 11 12 15 16 17 18 19 20 21 22 25 26 27 28 29 31 32 35 37 38 39 41 50 
1 2 3 9 13 14 16 22 23 26 27 28 30 32 39 47 48 49 50 
2 4 9 10 11 12 15 16 17 18 19 20 21 22 25 26 27 28 29 31 32 35 37 38 39 41 50 
1 2 3 5 7 11 13 15 23 25 26 27 28 30 33 35 36 37 39 41 42 44 47 50 
1 2 6 7 9 10 12 14 17 18 21 22 27 29 30 31 34 35 36 37 39 40 43 44 45 47 48 50 
3 8 9 10 11 13 16 17 18 20 25 34 38 44 45 48 49 
2 3 7 8 9 14 17 19 20 25 26 27 31 34 35 36 37 43 46 47 48 50 
2 5 6 9 14 16 18 23 25 30 31 33 34 35 36 37 39 40 42 43 45 48 50 
2 3 4 6 9 10 11 12 16 18 21 26 30 32 35 36 37 38 39 41 45 48 49 50 
2 3 4 5 6 7 8 9 11 13 14 16 17 18 19 20 21 23 26 27 31 32 33 37 40 43 44 45 49 50 
3 4 5 7 10 16 17 18 19 20 25 27 30 32 36 37 40 41 42 44 48 49 
1 2 3 4 7 8 9 14 17 19 20 24 25 27 28 29 31 32 33 38 44 46 48 50 
1 3 4 5 11 14 15 17 18 24 25 26 27 31 33 34 35 37 43 45 47 48 49 
2 3 7 8 9 14 17 19 20 25 26 27 31 34 35 36 37 43 46 47 48 50 
2 5 7 8 10 12 21 22 24 28 29 30 34 35 36 37 38 40 43 45 46 49 
2 5 6 9 14 16 18 23 25 26 30 33 34 35 36 37 39 40 42 43 45 47 48 50 
1 5 6 7 10 11 13 14 17 18 19 20 22 23 25 26 27 30 34 36 37 40 41 47 
2 3 7 8 9 14 17 19 20 25 26 27 31 34 35 36 37 43 46 47 48 50 
7 8 13 14 17 18 22 25 28 30 32 33 39 42 44 49 
2 4 9 10 11 12 15 16 17 18 19 20 21 22 25 26 27 28 29 31 32 35 37 38 39 41 50 
2 3 7 8 9 14 17 19 20 25 26 27 31 34 35 36 37 43 46 47 48 50 
1 5 6 7 10 11 13 14 17 18 19 20 22 23 25 26 27 30 34 36 37 40 41 47 
3 4 5 7 10 16 17 18 19 20 22 25 27 30 32 36 37 40 41 42 44 48 49 
7 8 13 14 17 18 22 25 28 30 32 33 39 42 44 49 
3 8 9 10 11 13 16 17 18 20 25 27 34 38 44 45 48 49 
1 3 5 11 12 13 15 16 17 18 20 21 23 26 27 28 30 31 35 37 40 41 42 43 46 47 48 50 
6 8 9 10 11 14 17 20 22 25 31 33 35 36 37 38 40 41 43 44 45 47 48 50 
1 2 3 5 7 11 13 15 23 25 26 27 30 33 35 36 37 39 41 42 44 47 50 
2 4 9 10 11 12 15 16 17 18 19 20 21 22 25 26 27 28 29 31 32 35 37 38 39 41 50 
3 8 9 10 11 13 16 17 18 20 25 27 34 38 44 45 48 49 
3 4 5 7 10 16 17 18 19 20 22 25 27 30 32 36 37 40 41 42 44 48 49 
2 3 5 6 7 9 13 15 19 23 24 27 28 30 31 32 34 36 40 47 50 
7 8 13 14 17 18 22 25 28 30 32 33 39 42 44 49 
3 8 9 10 11 13 16 17 18 20 25 27 34 38 44 45 48 49 
2 3 4 6 9 10 11 12 16 18 21 26 30 32 35 36 37 38 39 41 45 47 48 49 50 
3 4 5 7 10 16 17 18 19 20 22 25 27 30 32 36 37 40 41 42 44 48 49 
2 3 4 5 7 8 9 11 13 14 16 17 18 19 20 21 23 24 26 27 31 32 33 37 40 43 44 45 49 50 
2 3 4 5 7 8 9 11 13 14 16 17 18 19 20 21 23 24 26 27 31 32 33 37 40 43 44 45 49 50 
6 8 9 10 11 14 17 20 22 25 31 33 36 37 38 40 41 43 44 45 47 48 50 
1 2 6 7 9 10 12 14 17 18 20 21 22 27 29 30 31 34 35 36 37 39 40 43 44 45 47 48 50 
2 3 5 6 7 9 13 15 19 23 24 27 28 30 31 32 34 36 40 47 50 
6 8 9 10 11 14 17 20 22 25 31 33 36 37 38 40 41 43 44 45 47 48 50 
1 2 6 7 9 10 12 14 17 18 20 21 22 27 29 30 31 34 35 36 37 39 40 43 44 45 47 48 50 
1 5 6 7 10 11 13 14 17 18 19 20 22 23 25 26 27 30 34 36 37 40 41 47 49 
2 3 5 6 7 9 13 15 19 23 24 27 28 30 31 32 34 36 40 47 50 
7 8 11 12 15 17 18 21 22 24 25 26 28 31 36 37 38 40 42 43 47 48 49 50 
2 3 5 6 7 9 13 15 19 23 24 27 28 30 31 32 34 36 40 47 50 
7 8 13 14 17 18 22 25 28 30 32 33 39 42 44 49 
2 3 5 6 7 9 13 15 19 23 24 27 28 30 31 32 34 36 40 47 50 
5 6 8 9 10 11 14 17 20 22 25 31 33 36 37 38 40 41 43 44 45 47 48 50 
1 2 3 5 6 7 11 13 15 17 23 25 26 27 30 33 35 36 37 39 41 42 44 47 50 
1 3 5 11 12 13 15 16 17 18 20 21 23 26 27 28 30 31 34 35 37 40 41 42 43 46 47 48 50 
2 3 4 6 9 10 11 12 16 18 21 26 30 32 35 36 37 38 39 41 45 47 48 49 50 
1 5 6 7 10 11 13 14 15 17 18 20 22 23 25 26 27 30 34 36 37 40 41 47 49 
1 2 3 5 6 7 11 13 15 17 23 25 26 27 30 33 35 36 37 39 41 42 44 47 50 
2 3 7 8 9 14 17 19 20 25 26 27 31 34 35 36 37 43 44 45 46 47 48 50 
2 4 9 10 11 12 15 16 17 18 19 20 21 22 25 26 27 28 29 31 32 35 37 38 39 41 50 
1 2 3 5 6 7 11 13 15 17 23 25 26 27 30 33 35 36 37 39 41 42 44 47 50 
1 2 6 7 9 10 12 14 17 18 20 22 27 29 30 31 34 35 36 37 39 43 44 45 47 48 50 
1 3 4 5 11 14 15 17 18 24 25 26 27 28 31 33 34 35 37 39 43 45 47 48 49 
2 5 7 8 10 12 21 22 24 28 29 30 34 35 36 37 38 40 43 45 46 49 
1 3 8 9 13 14 16 22 23 26 27 28 30 32 39 47 48 49 50 
1 2 3 5 6 7 11 13 15 17 23 25 26 27 30 33 35 36 37 39 41 42 44 47 50 
2 3 4 7 8 9 11 14 16 17 18 19 20 21 23 24 26 27 31 32 33 37 40 43 44 45 49 50 
1 2 3 5 6 7 11 13 15 17 23 25 26 27 30 33 35 36 37 39 41 44 47 50 
2 3 4 7 8 9 11 14 16 17 18 19 20 21 23 24 26 27 31 32 33 37 40 43 44 45 49 50 
2 3 5 6 7 9 13 15 19 23 24 27 28 30 31 32 36 40 47 50 
2 3 5 6 7 9 13 15 19 23 24 27 28 30 31 32 36 40 47 50 
1 3 4 5 11 14 15 17 18 24 25 26 27 28 31 33 34 35 37 39 43 45 47 48 49 
2 3 5 6 7 9 13 15 19 23 24 27 28 30 31 32 36 40 47 50 
2 5 6 9 14 16 18 23 25 26 30 33 34 35 36 37 39 42 43 45 47 48 50 
2 3 5 6 7 9 13 15 19 23 24 27 28 30 31 32 36 40 47 50 
2 8 10 11 14 16 21 22 25 27 28 30 31 32 35 37 38 39 40 41 42 43 44 45 46 47 48 49 
2 3 4 6 9 10 11 12 16 18 21 26 30 32 35 36 37 38 39 41 45 47 48 49 50 
7 8 11 12 15 17 21 22 24 25 26 31 36 37 38 40 42 43 47 48 49 50 
1 3 8 9 10 11 13 16 17 18 20 25 27 28 34 38 45 48 49 
2 4 9 10 12 15 16 17 18 19 20 21 22 25 26 27 28 29 31 32 35 37 38 39 41 50 
2 3 4 7 8 9 11 14 16 17 18 19 20 21 23 24 26 27 31 32 33 37 40 43 44 45 49 50 
2 5 7 8 10 12 21 22 24 28 29 30 34 35 36 37 38 40 43 45 46 49 
1 2 3 5 6 7 11 13 15 17 23 25 26 27 30 33 35 36 37 39 41 42 44 47 50 
1 5 6 7 10 11 13 14 15 17 18 20 22 23 25 26 27 30 34 36 37 40 41 47 49 50 
1 3 8 9 10 11 13 16 17 18 20 25 27 28 34 38 45 48 49 
2 5 6 9 14 16 18 23 25 26 30 33 34 35 36 37 39 42 43 45 47 48 50 
3 4 5 11 14 15 17 18 24 25 26 27 28 31 33 34 35 37 39 43 45 47 48 49 
2 5 6 8 9 10 11 14 17 20 22 25 31 33 36 37 38 40 41 43 44 45 47 48 50 
1 2 3 4 8 9 14 17 19 20 24 25 26 27 28 29 31 32 33 38 44 46 48 
2 5 7 8 10 12 21 22 24 28 29 30 34 35 36 37 38 40 43 45 46 49 
1 2 3 4 8 9 14 17 19 20 24 25 26 27 28 29 31 32 33 38 44 46 48 
2 5 6 8 9 10 11 14 17 20 22 25 31 33 36 37 38 40 41 43 44 45 47 48 50 
1 7 8 9 13 14 16 22 23 26 27 28 30 32 39 47 49 50 
2 5 7 8 10 12 21 22 24 28 29 30 34 35 36 37 38 40 43 45 46 49 
1 2 3 4 8 9 14 17 19 20 24 25 26 27 28 29 31 32 33 38 44 46 48 
1 2 4 6 9 10 11 12 14 17 18 20 22 27 29 30 31 34 35 36 37 43 45 47 48 49 50 
1 2 3 5 6 7 11 13 15 17 23 25 26 27 30 33 35 36 37 39 41 42 44 47 50 
1 3 8 9 10 11 13 16 17 18 20 25 27 28 34 38 45 48 49 
1 5 6 7 10 11 13 14 15 17 18 20 22 23 25 26 27 30 34 36 37 40 41 47 49 50 
3 4 5 11 14 15 17 18 21 24 25 26 27 28 31 33 34 35 37 39 43 45 47 48 49 
1 5 6 7 10 11 13 14 15 17 18 20 22 23 25 26 27 30 34 36 37 40 41 47 49 50 
1 2 3 4 8 9 14 17 19 20 24 25 26 27 28 29 31 32 33 38 44 46 48 
2 5 6 9 12 14 16 18 23 24 25 26 29 30 33 34 35 36 37 39 42 43 45 47 48 50 
1 3 5 11 12 13 15 16 17 18 20 21 23 26 27 28 30 31 34 35 37 40 41 42 43 46 47 48 50 
2 8 10 11 14 16 21 22 25 27 28 30 31 32 35 37 38 39 40 41 42 43 44 45 46 47 48 49 
1 7 8 9 13 14 16 22 23 26 27 28 30 32 39 47 49 50 
1 2 3 4 8 9 14 17 19 20 24 25 26 27 28 29 31 32 33 38 44 46 48 
1 7 8 9 13 14 16 22 23 26 27 28 30 32 39 47 49 50 
2 3 4 7 8 9 11 14 16 17 18 19 20 21 23 24 26 27 31 32 33 37 40 43 44 45 49 50 
3 4 5 7 10 11 16 17 19 20 22 25 27 30 32 36 37 40 41 42 44 48 49 
1 2 3 5 6 7 11 13 15 16 17 23 25 26 27 30 33 35 36 37 39 41 42 44 47 50 
7 8 10 12 13 21 22 24 28 29 30 34 35 36 37 38 40 43 45 46 49 
2 8 10 11 14 16 21 22 25 27 28 30 31 32 35 37 38 39 40 41 42 43 44 45 46 47 48 49 
7 8 11 12 15 17 21 22 24 25 26 31 36 37 38 40 42 43 47 48 49 50 
1 5 6 7 10 11 13 14 15 17 18 20 22 23 25 26 27 30 34 36 37 40 41 47 49 50 
3 4 5 7 10 11 16 17 19 20 22 25 27 30 32 36 37 40 41 42 44 48 49 
1 5 6 7 10 11 13 14 15 17 18 20 22 23 25 26 27 30 34 36 37 40 41 47 49 50 
1 3 5 11 12 13 15 16 17 18 20 21 23 26 27 28 30 31 34 35 37 40 41 42 43 46 47 48 50 
1 3 5 11 12 13 15 16 18 20 21 23 26 27 28 30 31 34 35 37 40 41 42 43 46 47 48 50 
1 5 6 7 10 11 13 14 15 17 18 20 22 23 25 26 27 30 34 36 37 40 41 47 49 50 
3 4 5 7 10 11 16 17 19 20 22 25 27 30 32 36 37 40 41 42 44 48 49 
2 8 10 11 14 16 21 22 25 27 28 30 31 32 35 37 38 39 40 41 42 43 44 45 47 48 49 
7 8 11 12 15 17 21 22 24 25 26 31 36 37 38 40 42 43 47 48 49 50 
1 5 6 7 10 11 13 14 15 17 18 20 22 23 25 26 27 30 34 36 37 40 41 47 49 50 
1 2 3 4 8 9 14 17 19 20 24 25 27 28 29 31 32 33 38 44 46 47 48 
2 3 7 8 9 14 15 17 19 20 26 31 34 35 36 37 43 44 45 46 47 48 50 
2 3 7 8 9 14 15 17 19 20 26 31 34 35 36 37 43 44 45 46 47 48 50 
3 4 5 7 10 11 16 17 19 20 22 25 27 30 32 36 37 40 41 42 44 48 49 
1 3 8 9 10 11 13 16 17 18 20 25 27 28 34 38 45 48 49 
2 5 6 8 9 10 11 13 14 17 20 22 23 25 31 33 36 37 38 40 41 43 44 45 46 47 48 50 
1 3 5 11 12 13 15 16 18 20 21 23 26 27 28 30 31 34 35 37 40 41 42 43 46 48 50 
2 5 6 9 12 14 15 18 23 24 25 26 29 30 33 34 35 36 37 39 40 42 43 45 47 48 50 
1 5 6 7 10 11 13 14 15 17 18 20 22 23 25 26 27 30 34 36 37 40 41 47 49 50 
1 2 3 4 8 9 14 17 19 20 24 25 27 28 29 31 32 33 38 44 46 47 48 
2 4 8 9 10 12 15 16 17 18 19 20 21 22 25 26 27 28 29 31 32 35 37 38 41 50 
1 2 3 5 6 7 11 12 13 15 16 17 23 25 26 27 30 33 35 36 37 39 42 44 47 50 
2 4 7 8 9 11 14 16 17 18 19 20 21 23 24 25 26 27 31 32 33 37 40 43 44 45 49 50 
7 8 10 12 13 21 22 24 28 29 30 34 35 36 37 38 40 43 45 49 
1 2 3 5 6 7 11 12 13 15 16 17 23 25 26 27 30 33 35 36 37 39 42 44 47 50 
2 8 10 11 14 16 21 22 25 27 28 30 31 32 34 35 37 38 39 40 41 42 43 44 45 47 48 49 
1 2 4 6 9 10 11 12 14 17 18 20 22 27 30 31 35 36 37 43 45 47 48 49 50 
2 4 7 8 9 11 14 16 17 18 19 20 21 23 24 25 26 27 31 32 33 37 40 43 44 45 49 50 
1 2 4 6 9 10 11 12 14 17 18 20 22 27 30 31 35 36 37 43 45 47 49 50 
7 8 10 12 13 21 22 24 28 29 34 35 36 37 38 40 43 45 49 
1 2 4 6 9 10 11 12 14 17 18 20 22 27 30 31 35 36 37 43 45 47 49 50 
7 8 10 13 14 18 22 25 28 30 32 33 34 39 42 44 47 49 
7 8 10 12 13 21 22 24 28 29 34 35 36 37 38 40 43 45 49 
2 8 10 11 14 16 21 22 25 27 28 30 31 32 34 35 37 38 39 40 41 42 43 44 45 47 48 49 
2 4 8 9 10 12 15 16 17 18 19 20 21 22 25 26 27 28 29 31 32 35 37 38 41 50 
2 4 8 9 10 12 15 16 17 18 19 20 21 22 25 26 27 28 29 31 32 35 37 38 41 50 
1 5 6 7 10 11 13 14 15 17 18 20 22 23 25 26 27 30 34 36 37 40 41 47 49 50 
3 4 5 7 10 11 16 17 19 20 22 24 25 27 29 30 32 36 37 40 41 42 44 46 48 49 
3 4 5 7 10 11 16 17 19 20 22 24 25 27 29 30 32 36 37 40 41 42 44 46 48 49 
1 2 4 6 9 10 11 12 14 17 18 20 22 27 30 31 35 36 37 43 45 46 47 49 50 
2 7 8 9 12 14 15 17 19 20 21 26 31 34 35 36 37 43 44 45 46 47 48 50 
3 4 5 11 12 14 15 17 18 21 24 25 26 27 28 33 34 35 39 43 45 47 48 49 
1 5 6 7 10 11 13 14 15 17 18 20 22 23 25 26 27 30 33 34 36 37 40 41 49 50 
7 8 10 12 13 21 22 24 28 29 34 35 36 37 38 40 43 45 49 
2 7 8 9 12 14 15 17 19 20 21 26 31 34 35 36 37 43 44 45 46 47 48 50 
2 3 6 8 9 10 11 12 14 16 18 20 21 23 25 26 30 35 36 37 38 39 41 45 48 49 50 
1 7 8 9 13 14 16 17 22 23 26 27 28 30 32 36 39 47 49 50 
1 2 3 5 6 7 11 12 13 15 16 17 23 25 26 27 30 33 35 36 37 39 42 44 47 50 
1 3 8 10 11 13 16 17 18 19 20 25 27 28 30 34 35 38 45 48 49 
1 3 5 11 12 13 15 16 18 20 21 23 27 28 30 31 32 34 35 37 40 41 42 46 48 50 
1 3 5 11 12 13 15 16 18 20 21 23 26 27 28 30 31 32 34 35 37 40 41 42 46 48 50 
7 8 11 12 15 17 21 22 24 25 26 31 37 38 40 42 43 47 48 49 50 
7 10 13 14 18 22 25 28 29 30 32 33 34 39 42 44 47 49 
1 7 8 9 13 14 16 17 22 23 26 27 28 30 32 36 39 47 49 50 
1 3 8 10 11 13 16 17 18 19 20 25 27 28 30 34 35 38 45 48 49 
2 7 8 9 12 14 15 17 19 20 21 26 31 34 35 36 37 43 44 45 46 47 48 50 
1 2 3 5 6 7 11 12 13 15 16 17 23 25 26 27 30 33 35 36 37 39 42 44 47 50 
3 5 6 9 13 15 18 19 21 23 24 27 28 31 32 33 36 40 44 47 50 
1 2 3 5 6 7 11 12 13 15 16 17 23 25 26 27 30 33 35 36 37 39 42 44 47 50 
3 5 6 9 13 15 18 19 21 23 24 27 28 31 32 33 36 40 44 47 50 
7 8 11 12 15 17 21 22 24 25 26 31 37 38 40 41 42 43 47 48 49 50 
2 4 7 8 9 11 14 16 17 18 19 20 21 23 24 26 27 31 32 33 37 40 43 44 45 49 50 
2 8 10 11 12 14 16 21 22 25 27 28 30 31 32 35 37 38 39 40 41 42 43 44 45 47 48 49 
7 8 11 12 15 17 21 22 24 25 26 31 37 38 40 41 42 43 47 48 49 50 
1 2 3 4 8 9 14 17 19 20 24 25 27 28 29 31 32 33 38 44 46 47 48 
2 4 8 9 10 12 15 16 17 18 19 20 21 22 25 26 27 28 29 32 35 37 38 41 50 
7 8 12 13 21 22 24 28 29 34 35 36 37 38 40 43 45 49 
1 5 6 7 10 11 12 13 14 15 17 18 20 21 22 23 25 26 27 30 33 34 36 37 40 41 49 50 
2 8 10 11 12 14 16 21 22 25 27 28 30 31 32 35 37 38 39 40 41 42 43 44 45 47 48 49 
2 8 10 11 12 14 16 21 22 25 27 28 30 31 32 35 37 38 39 40 41 42 43 44 45 47 48 49 
1 5 6 7 10 11 12 13 14 15 17 18 20 21 22 23 25 26 27 30 33 34 36 37 40 41 49 50 
7 8 11 12 15 17 21 22 24 25 26 31 37 38 40 41 42 43 47 48 49 50 
2 8 10 11 12 14 16 21 22 25 27 28 30 31 32 35 37 38 39 40 41 42 43 44 45 47 48 49 
2 3 6 8 9 10 11 12 14 16 18 20 21 23 25 26 30 35 36 37 38 39 41 45 48 49 50 
1 2 3 5 6 7 11 12 13 15 16 17 23 25 26 27 30 33 35 36 37 39 42 44 47 50 
4 7 8 12 13 21 22 24 28 29 34 35 36 37 38 40 43 45 49 
2 3 6 8 9 10 11 12 14 16 18 20 21 23 25 26 30 35 36 37 38 39 41 45 48 49 50 
2 3 6 8 9 10 11 12 14 16 18 20 21 23 25 26 30 35 36 37 38 39 41 45 48 49 50 
2 7 8 9 12 14 15 17 19 20 21 26 31 34 35 36 37 43 44 45 46 47 48 50 
1 3 5 11 12 13 15 16 18 20 21 23 26 27 28 30 31 32 34 35 37 40 41 42 46 48 50 
7 8 11 12 15 17 21 22 24 25 26 31 37 38 40 41 42 43 47 48 49 50 
2 7 8 9 12 14 15 17 19 20 21 26 31 34 35 36 37 43 44 45 46 47 48 50 
2 8 10 11 12 14 16 21 22 25 27 28 30 31 32 35 37 38 39 40 41 42 43 44 45 47 48 49 
2 7 8 9 12 14 15 17 19 20 21 26 31 34 35 36 37 43 44 45 46 47 48 50 
1 7 8 9 13 14 16 17 22 23 26 27 28 30 32 36 39 43 47 49 50 
2 8 10 11 12 14 16 21 22 25 27 28 31 32 35 37 38 39 40 41 42 44 45 47 48 49 
7 10 13 14 18 22 25 28 29 30 32 33 34 39 42 44 47 49 
1 5 6 7 10 11 12 13 14 15 17 18 20 21 22 23 25 26 27 30 33 34 36 37 40 41 49 50 
1 2 4 6 9 10 11 12 14 16 17 18 20 22 27 30 31 35 36 37 43 45 46 47 49 50 
1 3 5 11 12 13 15 16 18 20 21 23 26 27 28 30 31 32 34 35 37 40 41 42 46 48 50 
1 3 5 11 12 13 15 16 18 20 21 23 26 27 28 30 31 32 34 35 37 40 41 42 46 48 50 
1 3 5 11 12 13 15 16 18 20 21 23 26 27 28 30 31 32 34 35 37 40 41 42 46 48 50 
3 4 5 6 9 13 15 18 19 21 23 24 27 28 31 32 33 36 40 44 47 50 
1 2 3 4 8 9 14 17 19 20 24 27 28 29 31 32 33 38 44 45 46 47 48 
2 8 10 11 12 14 16 21 22 25 26 27 28 31 32 35 37 38 39 40 41 42 44 45 47 48 49 
7 8 11 12 15 17 21 22 24 25 26 31 37 38 40 41 42 43 47 48 49 50 
3 4 5 6 9 13 15 18 19 21 23 24 27 28 31 32 33 36 40 44 47 50 
3 4 5 6 9 13 15 18 19 21 23 24 27 28 31 32 33 36 40 44 47 50 
2 4 8 9 10 12 14 15 16 17 18 19 20 21 22 26 27 28 29 32 35 37 38 41 50 
2 3 5 6 8 9 10 11 13 14 17 20 22 23 25 31 33 36 37 38 39 40 41 43 44 45 46 47 48 50 
1 3 8 10 11 13 16 17 18 19 20 25 27 28 30 34 35 38 45 48 49 
4 7 8 12 13 21 22 24 28 29 34 35 36 37 38 40 43 45 49 
2 4 8 9 10 12 14 15 16 17 18 19 20 21 22 26 27 28 29 32 35 37 38 41 50 
2 8 10 11 12 14 16 21 22 25 26 27 28 31 32 35 37 38 39 40 41 42 44 45 47 48 49 
7 8 11 12 15 17 21 22 24 25 26 31 37 38 40 41 43 47 48 49 50 
1 2 3 5 6 7 11 12 13 15 16 17 23 25 26 27 30 36 37 39 42 44 47 50 
1 2 3 5 6 7 11 12 13 15 16 17 23 25 26 27 30 36 37 39 42 44 47 50 
7 10 13 14 18 22 25 28 29 30 32 33 34 39 42 44 47 49 
2 5 6 9 11 12 14 15 18 24 25 26 29 30 31 33 34 35 36 37 39 40 42 43 48 50 
1 7 9 13 14 16 17 22 23 26 27 28 30 32 36 39 43 47 49 50 
3 4 5 11 12 14 15 17 18 21 22 24 25 27 28 34 35 39 43 45 47 48 49 
7 8 11 12 15 17 21 22 24 25 26 31 37 38 40 41 43 47 48 49 50 
1 2 4 6 7 9 10 11 14 16 17 18 20 22 27 30 31 35 36 37 43 45 46 47 49 50 
3 4 5 11 12 14 15 17 18 21 22 24 25 27 28 34 35 39 43 45 47 48 49 
2 3 5 6 8 9 10 11 13 14 17 20 22 23 25 31 33 36 37 38 39 40 41 43 44 45 46 47 48 50 
1 7 9 13 14 16 17 22 23 26 27 28 30 32 36 39 43 47 49 50 
2 3 5 6 8 9 10 11 12 14 16 18 20 21 22 23 25 30 35 36 37 38 39 41 45 48 49 50 
1 2 4 6 7 9 10 11 14 16 17 18 20 22 27 30 31 35 36 37 43 45 46 47 49 50 
2 8 10 12 14 16 21 22 25 26 27 28 31 32 35 37 38 39 40 41 42 44 45 46 47 48 49 
1 3 8 10 11 13 16 17 18 19 20 25 27 28 30 32 34 35 38 45 48 49 
4 7 8 12 13 19 21 22 24 28 29 34 35 36 37 38 40 43 45 49 
3 4 5 11 12 14 15 17 18 21 22 24 25 27 28 34 35 39 43 45 47 48 49 
1 2 4 6 7 9 10 11 14 16 17 18 20 22 27 30 31 35 36 37 43 45 46 47 49 50 
2 4 7 8 9 11 14 16 17 18 19 20 21 23 24 25 26 27 31 32 33 37 40 43 44 49 50 
3 4 5 11 12 14 15 17 18 21 22 24 25 27 28 34 35 39 43 45 47 48 49 
2 4 7 8 9 11 14 16 17 18 19 20 21 23 24 25 26 27 31 32 33 37 40 43 44 49 50 
2 4 8 9 10 12 14 15 16 17 18 19 20 21 22 26 27 28 29 32 35 37 38 41 50 
2 3 5 6 8 9 10 11 13 14 17 20 22 23 25 31 33 36 37 38 39 40 41 43 44 45 46 47 48 50 
3 4 5 7 10 11 16 17 19 20 22 24 25 26 27 29 30 36 37 40 41 42 48 49 
1 2 3 5 6 7 11 12 13 15 16 17 23 25 26 27 30 36 37 39 42 44 47 50 
1 2 5 6 7 11 12 13 15 16 17 23 25 26 27 30 36 37 39 42 44 47 50 
1 3 5 11 12 13 15 16 18 20 21 23 26 27 28 30 31 32 34 35 37 40 41 42 46 48 
3 4 6 9 13 15 18 19 21 24 27 28 31 32 33 36 40 41 47 50 
2 4 7 8 9 11 14 16 17 18 19 20 21 23 24 25 26 27 31 32 33 37 40 43 44 49 50 
1 7 9 13 14 16 17 22 23 26 27 28 30 32 36 39 43 47 49 50 
2 4 7 8 9 11 14 16 17 18 19 20 21 23 24 25 26 27 31 32 33 37 40 43 44 49 50 
2 8 10 12 13 14 16 21 22 25 26 27 28 31 32 35 37 38 39 40 41 42 44 45 46 47 48 49 
1 3 5 11 12 13 15 16 18 20 21 23 26 27 28 30 31 32 34 35 37 40 41 42 46 48 
2 4 8 9 10 12 14 15 16 17 18 19 20 21 22 26 27 28 29 32 35 37 38 41 50 
2 4 7 8 9 11 14 16 17 18 19 20 21 23 25 26 27 31 32 33 37 40 43 44 49 50 
3 4 6 9 13 15 18 19 21 24 27 28 30 31 32 33 36 37 40 41 47 50 
2 8 10 11 12 13 14 16 22 25 26 27 28 31 32 35 37 38 39 40 41 42 44 45 46 47 48 49 
7 8 11 12 15 17 21 22 24 25 26 31 37 38 40 41 43 46 47 48 49 50 
7 8 11 12 15 17 21 22 24 25 26 31 37 38 40 41 43 46 47 48 49 50 
2 5 9 11 12 14 15 17 18 24 25 26 29 30 31 33 34 35 36 37 39 40 42 43 48 50 
1 3 5 6 10 11 12 13 14 15 17 18 20 21 22 23 25 26 27 30 32 33 34 35 36 37 39 40 41 42 49 50 
2 5 9 11 12 14 15 17 18 24 25 26 29 30 31 33 34 35 36 37 39 40 42 43 48 50 
2 3 5 6 8 9 10 11 12 14 16 18 20 21 22 23 30 35 36 37 38 39 41 45 48 49 50 
3 4 5 7 10 11 17 19 20 22 24 25 26 27 29 30 36 37 40 41 42 48 49 
2 3 5 6 8 9 10 11 12 14 16 18 20 21 22 23 30 35 36 37 38 39 41 45 48 49 50 
2 3 5 6 8 9 10 11 12 14 16 18 20 21 22 23 30 35 36 37 38 39 41 45 48 49 50 
2 7 8 9 12 14 15 17 19 20 21 23 26 31 34 35 36 37 43 44 45 46 47 48 50 
1 7 9 13 14 16 17 22 23 26 27 28 30 32 36 39 43 47 49 50 
7 8 11 12 14 15 17 21 22 24 25 26 31 37 38 40 41 43 46 47 48 49 50 
2 3 5 6 8 9 10 11 12 14 16 18 20 21 22 23 30 35 36 37 38 39 41 45 48 49 50 
4 7 8 12 13 17 19 21 22 24 28 29 34 35 36 37 38 40 43 45 
3 4 5 11 12 14 15 17 18 21 22 24 25 27 28 34 35 39 43 45 47 48 49 
2 7 8 9 12 14 15 17 19 20 21 23 26 31 34 35 36 37 43 44 45 46 47 48 50 
4 7 8 12 13 17 19 21 22 24 28 29 34 35 36 37 38 40 43 45 
3 5 6 8 9 10 11 13 14 17 20 22 23 25 31 33 36 37 38 39 40 41 43 44 45 46 47 48 50 
2 7 10 13 14 18 22 23 25 28 29 30 32 33 34 38 39 42 47 49 
2 3 5 6 8 9 10 11 12 14 16 18 20 21 22 23 29 30 35 36 37 38 39 41 45 48 49 50 
1 3 8 10 11 13 16 17 18 19 20 25 27 28 30 32 34 35 38 45 48 49 
3 5 6 8 9 10 11 13 14 17 20 22 23 25 31 33 36 37 38 39 40 41 43 44 45 46 47 48 50 
1 2 5 6 7 11 12 13 15 16 17 19 23 25 26 27 30 36 37 39 42 44 47 50 
3 4 6 9 15 18 19 21 24 27 28 30 31 32 33 36 37 40 41 47 50 
2 3 8 11 12 13 14 16 22 25 26 27 28 31 35 37 38 39 40 41 42 44 45 46 47 48 49 
1 7 9 13 14 16 17 22 23 26 27 28 30 32 36 39 43 47 49 50 
7 8 11 12 14 15 17 21 22 24 25 26 31 37 38 40 41 43 46 47 48 49 50 
7 8 11 12 14 15 17 21 22 24 25 26 31 37 38 40 41 43 46 47 48 49 50 
2 7 9 12 14 15 17 19 20 21 23 26 31 34 35 36 37 43 44 45 46 47 48 50 
2 3 5 6 8 9 10 11 12 14 16 18 20 21 22 23 29 30 33 35 36 37 38 39 41 45 48 49 50 
2 7 9 12 14 15 17 19 20 21 23 26 31 34 35 36 37 43 44 45 46 47 48 50 
7 8 11 12 14 15 17 21 22 24 25 26 31 37 38 40 41 43 46 47 48 49 50 
2 3 8 9 11 12 13 14 16 22 25 26 27 28 31 35 37 38 39 40 41 42 44 45 46 47 48 49 
2 7 10 13 14 18 22 23 25 28 29 30 32 33 34 37 38 39 42 47 49 
3 4 6 9 15 18 19 21 24 27 28 30 31 32 33 36 37 40 41 45 47 50 
1 2 3 4 8 9 14 15 17 20 24 27 28 29 31 32 33 35 37 38 40 48 
1 2 4 5 6 7 9 10 11 14 16 17 18 20 22 27 30 31 35 36 37 43 45 46 47 49 50 
2 7 9 14 15 17 19 20 21 23 26 31 34 35 36 37 43 44 45 46 47 48 50 
1 3 8 10 11 13 16 17 18 19 20 26 27 28 30 32 34 35 38 45 48 49 
2 4 7 8 9 11 14 16 17 18 19 20 21 23 25 26 27 31 32 33 37 43 44 49 50 
3 4 6 9 15 18 19 21 24 27 28 30 31 32 33 36 37 40 41 45 47 50 
2 4 7 8 9 14 16 17 18 19 20 21 23 25 26 27 31 32 33 37 43 44 49 50 
1 3 8 10 11 13 16 17 18 19 20 26 27 28 30 32 34 35 38 45 48 49 
3 5 6 7 8 9 10 13 14 17 20 22 23 25 31 33 36 37 38 39 40 41 43 44 45 46 47 48 50 
2 7 9 14 15 17 19 20 21 23 26 31 34 35 36 37 43 44 45 46 47 48 50 
4 7 8 12 13 17 19 21 22 24 28 29 30 34 35 36 37 38 40 43 45 
2 3 5 6 8 9 10 11 12 14 16 18 20 21 22 23 28 29 30 33 35 36 37 38 39 41 45 48 49 50 
2 4 7 8 9 14 16 17 18 19 20 21 23 25 26 27 31 32 33 36 37 43 44 49 50 
2 7 9 14 15 19 20 21 23 26 31 34 35 36 37 43 44 45 46 47 48 50 
1 3 5 10 11 12 13 15 16 17 18 20 21 23 26 27 28 30 31 32 35 37 40 41 42 48 
3 5 6 7 8 9 10 13 14 20 22 23 31 33 36 37 38 39 40 41 43 44 45 46 47 48 50 
1 3 4 5 6 10 11 12 13 14 15 17 18 20 21 22 23 25 26 27 30 33 34 35 36 37 39 40 41 42 46 49 50 
4 6 9 15 18 19 21 24 27 28 30 31 32 33 36 37 40 41 45 47 50 
2 4 9 10 12 14 15 16 17 18 19 20 21 22 26 27 28 32 35 37 38 41 50 
2 4 7 8 9 14 16 17 18 19 20 21 23 25 26 27 31 32 33 36 37 43 44 49 50 
4 6 9 15 18 19 21 24 27 28 30 31 32 33 36 37 40 41 45 47 50 
1 3 8 10 11 13 16 17 18 19 20 26 27 28 30 32 34 35 38 45 48 49 
1 3 8 10 11 13 16 17 18 19 20 26 27 28 30 32 34 35 38 45 48 49 
7 8 11 12 14 15 17 21 22 24 25 26 31 37 38 40 41 43 46 47 48 49 50 
1 7 9 13 14 16 17 22 23 26 27 28 30 32 36 39 43 47 49 50 
1 2 5 6 7 11 12 13 15 16 17 18 19 23 25 26 27 30 34 36 37 39 42 44 47 50 
2 4 9 10 12 14 15 16 17 18 19 20 21 22 26 27 28 32 35 37 38 41 47 50 
3 5 6 7 8 9 10 13 14 20 22 23 31 33 36 37 38 39 40 41 43 44 45 46 47 48 50 
2 3 5 6 8 9 10 11 12 13 14 16 18 20 21 22 23 28 29 30 33 35 36 37 38 39 41 45 48 49 50 
4 6 9 15 18 19 21 24 27 28 30 31 32 33 36 37 40 41 45 47 50 
2 3 8 9 11 12 13 14 16 22 25 26 27 28 31 32 35 37 38 39 40 41 42 44 45 46 47 48 49 
2 5 9 11 12 14 15 16 17 18 24 25 26 29 30 31 33 34 35 36 37 39 40 42 50 
2 4 5 6 7 9 10 11 14 16 17 18 20 22 27 30 31 35 36 37 43 45 46 47 49 50 
3 5 6 7 8 9 10 13 14 20 22 23 31 33 36 37 38 39 40 41 43 44 45 46 47 48 50 
1 2 5 6 7 11 12 13 15 16 17 18 19 23 25 26 27 30 34 36 37 39 42 44 47 
1 2 5 6 7 11 12 13 15 16 17 18 19 23 25 26 27 30 34 36 37 39 42 44 47 
2 5 9 11 12 14 15 16 17 18 24 25 26 29 30 31 33 34 35 36 37 39 40 42 50 
1 2 5 6 7 11 12 13 15 16 17 18 19 23 25 26 27 30 34 36 37 39 42 44 47 
2 3 5 6 8 9 10 11 12 13 14 16 18 20 21 22 23 28 29 30 33 35 36 37 38 39 41 45 48 49 50 
7 8 11 12 14 15 17 21 22 24 25 26 31 37 38 40 41 43 46 47 48 49 50 
2 4 5 6 7 9 10 11 14 16 17 18 20 22 27 30 31 35 36 37 38 43 45 46 47 49 50 
1 2 5 6 7 11 12 13 15 16 17 18 19 23 25 26 27 30 34 36 37 39 42 44 47 
4 7 8 12 13 17 19 21 24 28 29 30 34 35 36 37 38 40 43 45 47 
7 8 11 12 14 15 17 21 22 24 25 26 31 37 38 40 41 43 46 47 48 49 50 
6 9 15 18 19 21 24 27 28 30 31 32 33 36 37 40 41 45 50 
2 3 5 8 9 11 12 13 14 16 22 25 26 27 28 31 32 35 37 38 39 40 41 42 44 45 46 47 48 49 
6 9 15 18 19 21 24 27 28 30 31 32 33 36 37 40 41 45 50 
2 3 5 8 9 11 12 13 14 16 22 25 26 27 28 31 32 35 37 38 39 40 41 42 44 45 46 47 48 49 
2 5 9 11 12 14 15 16 17 18 24 25 26 29 30 31 33 34 35 36 37 39 40 42 50 
2 7 9 14 15 19 20 21 23 24 26 31 34 35 36 37 43 44 45 46 47 48 50 
1 2 5 6 7 11 12 13 15 16 17 18 19 23 25 26 27 30 34 36 37 39 42 44 47 
4 7 8 12 13 17 19 21 24 28 29 30 34 35 36 37 38 40 43 45 47 
2 5 9 11 12 14 15 16 17 18 24 25 26 29 30 31 33 34 35 36 37 39 40 42 50 
2 4 5 6 7 9 10 11 14 16 17 18 20 22 27 30 31 35 36 37 38 43 45 46 47 49 50 
4 7 8 12 13 17 19 21 24 28 29 30 34 35 36 37 38 40 43 45 47 
4 7 8 12 13 17 19 21 24 28 29 30 34 35 36 37 38 40 43 45 47 
1 3 8 10 11 13 16 17 18 19 20 26 27 28 30 32 34 35 38 43 45 48 49 
1 3 8 10 11 13 16 17 18 19 20 26 27 28 30 32 34 35 38 43 45 48 49 
2 3 5 8 9 11 12 13 14 16 22 25 26 27 28 31 32 35 37 38 39 40 41 42 44 45 46 47 48 49 
6 9 15 18 19 21 24 27 28 30 31 32 33 36 37 40 41 45 50 
3 5 6 8 9 10 13 14 22 23 27 31 33 36 37 38 39 41 43 44 45 46 47 48 50 
3 5 6 8 9 10 13 14 22 23 27 31 33 36 37 38 39 41 43 44 45 46 47 48 50 
1 3 5 6 10 11 12 13 14 15 17 20 21 22 23 25 26 27 30 35 36 39 40 41 42 46 49 50 
1 2 4 9 10 12 13 14 15 16 17 18 19 20 21 22 26 27 28 32 35 37 38 41 47 50 
4 5 11 12 14 15 17 18 21 22 24 25 27 28 29 34 35 39 43 45 47 49 
7 8 11 12 14 15 17 21 24 25 26 31 37 38 40 41 43 46 47 48 49 50 
7 8 11 12 14 15 17 21 24 25 26 31 37 38 40 41 43 46 47 48 49 50 
4 5 11 12 14 15 17 18 21 22 24 25 27 28 29 34 35 39 43 45 47 48 49 
1 3 5 6 10 11 12 13 14 15 17 20 21 22 23 25 26 27 30 35 36 39 40 41 42 46 49 50 
2 3 5 6 8 9 10 11 12 13 14 16 18 20 21 22 23 28 29 30 33 35 36 37 38 39 41 45 48 49 50 
1 2 3 4 8 9 13 14 15 17 20 24 27 28 29 31 32 33 35 36 37 38 40 44 47 48 
1 2 5 6 7 11 12 13 15 16 17 18 19 23 25 26 27 30 34 36 37 39 42 44 47 
2 3 5 6 8 9 10 11 12 13 14 16 18 20 21 22 23 26 28 29 30 33 35 36 37 38 39 41 45 48 49 50 
1 3 5 6 10 11 12 13 14 15 17 20 21 22 23 25 26 27 30 35 36 39 40 41 42 46 49 50 
1 3 5 10 11 12 13 15 16 17 20 21 23 26 27 28 30 31 32 35 37 40 41 42 48 
2 3 5 6 8 9 10 11 12 13 14 16 18 20 21 22 23 26 28 29 30 33 35 36 37 38 39 41 45 48 49 50 
4 5 11 14 15 17 18 21 22 24 25 27 28 29 34 35 39 43 45 47 48 49 
4 7 8 12 13 17 19 21 24 28 29 30 34 35 36 37 38 40 43 45 47 
4 7 8 12 13 17 19 21 24 28 29 30 34 35 36 37 38 40 43 45 47 
3 5 10 11 13 14 15 17 19 20 22 24 25 26 27 28 29 30 31 34 36 40 41 42 48 49 50 
1 2 4 9 10 12 13 15 16 17 18 19 20 22 26 27 28 32 35 37 38 41 47 
1 3 8 10 11 13 16 17 18 19 20 26 27 28 30 32 34 35 38 43 45 48 49 
4 5 11 14 15 17 18 21 22 24 25 27 28 29 34 35 39 43 45 47 48 49 
1 2 4 9 10 12 13 15 16 17 18 19 20 22 26 27 28 32 35 37 38 41 47 
1 3 8 10 11 13 16 17 18 19 20 26 27 28 30 32 34 35 38 43 45 48 49 
2 7 10 13 14 18 22 23 25 28 29 32 33 34 37 38 39 42 43 47 49 
4 7 8 12 13 17 19 21 24 28 29 34 35 36 37 38 40 43 45 47 
4 5 11 14 15 17 18 21 22 24 25 27 28 29 34 35 39 43 45 47 48 49 
3 5 6 8 9 10 13 14 21 22 23 27 31 33 36 37 38 39 41 43 44 45 46 47 48 50 
2 4 5 6 7 9 10 11 14 16 17 18 20 22 27 30 31 35 36 37 38 43 45 46 47 49 50 
1 3 8 10 11 13 16 17 18 19 20 26 27 28 30 32 34 35 38 43 45 48 49 
6 9 15 18 19 21 24 27 28 30 31 32 36 37 40 41 45 47 50 
2 7 8 9 11 12 14 15 17 21 24 25 26 31 37 38 41 43 47 48 49 50 
1 3 8 10 11 13 16 17 18 19 20 26 27 28 30 32 34 35 38 43 45 48 49 
2 3 5 8 9 11 12 13 14 16 22 25 26 27 28 29 31 32 35 36 37 38 39 40 41 42 44 45 46 47 48 49 
3 5 6 8 9 10 13 14 21 22 23 27 31 33 36 37 38 39 41 43 44 45 46 47 48 50 
2 3 5 6 8 9 10 11 12 13 14 15 16 18 20 21 22 23 24 26 28 29 30 33 35 36 37 38 39 41 45 48 49 50 
4 7 8 12 13 17 19 21 24 29 34 35 36 37 38 40 43 45 47 
2 3 4 7 8 9 14 16 18 19 20 23 25 27 31 33 36 37 43 44 49 50 
2 4 5 6 7 9 10 11 14 16 17 18 20 22 25 27 30 31 35 36 37 38 43 45 46 47 49 50 
2 4 5 6 7 9 10 11 14 16 17 18 20 22 25 27 30 31 35 36 37 38 43 45 46 47 49 50 
1 2 4 9 10 12 13 15 16 17 18 19 20 22 26 27 32 35 37 38 41 47 
1 2 5 7 11 12 13 15 16 17 18 19 23 25 26 27 30 33 34 36 39 42 44 47 
2 4 5 6 7 9 10 11 14 16 17 18 20 22 25 27 30 31 35 36 37 38 43 45 46 47 49 50 
1 3 5 6 10 11 12 13 14 15 17 20 21 22 23 24 25 26 27 30 35 36 39 40 41 42 46 49 50 
1 2 4 9 10 12 13 15 16 17 18 19 20 22 26 27 32 35 37 38 41 47 
3 5 6 8 9 10 13 14 21 22 23 27 31 33 36 37 38 39 41 43 44 45 47 48 50 
1 7 9 13 14 16 17 20 21 22 23 26 27 28 29 30 31 32 36 39 41 42 45 47 49 50 
2 3 5 8 9 11 12 13 14 16 22 25 26 27 28 29 31 35 36 37 38 39 40 41 42 44 45 47 48 49 
1 2 4 9 10 12 13 15 16 17 18 19 20 22 26 27 32 35 37 38 41 47 
2 7 10 13 14 18 22 23 25 28 29 32 33 34 37 43 47 49 
1 2 9 14 15 16 19 20 21 23 26 31 34 35 36 37 43 44 45 46 47 48 50 
1 2 3 4 8 9 13 14 15 17 20 24 27 28 29 31 32 33 35 36 37 38 40 44 47 48 
4 7 8 12 13 17 19 21 24 29 34 35 36 37 38 40 43 45 47 
2 3 5 8 9 11 12 13 14 16 22 25 26 27 28 29 31 35 36 37 38 39 40 41 42 44 45 47 48 49 
2 5 9 11 12 14 15 16 17 18 24 26 29 30 33 34 35 36 37 39 40 41 42 50 
2 3 4 7 8 14 16 18 19 20 23 25 27 31 33 36 37 43 44 49 50 
7 9 13 14 16 17 20 21 22 23 26 27 28 29 30 31 32 36 39 41 42 45 47 49 50 
2 4 5 6 7 9 10 11 14 16 17 18 20 22 25 27 30 31 34 35 36 37 38 43 46 47 49 50 
2 4 5 6 7 9 10 11 14 16 17 18 20 22 25 27 30 31 34 35 36 37 38 43 45 46 47 49 50 
2 5 9 11 12 14 15 16 17 18 24 26 29 30 33 34 35 36 37 39 40 41 42 50 
2 3 4 5 6 8 9 10 11 12 13 14 15 16 18 20 21 22 23 24 26 28 29 30 33 36 37 38 39 41 45 48 49 50 
2 7 8 9 11 12 14 15 17 21 24 25 26 31 37 38 41 43 47 48 49 50 
2 5 9 11 12 14 15 16 17 18 24 26 29 30 33 34 35 36 37 39 40 41 42 50 
1 3 5 6 10 11 12 13 14 15 17 20 21 22 23 24 25 26 27 30 35 36 39 40 41 42 46 49 50 
2 7 8 9 11 12 14 15 17 21 24 25 26 31 37 38 41 43 47 48 49 50 
6 9 15 18 19 21 24 27 28 30 31 32 36 37 40 41 45 47 50 
2 5 9 11 12 14 15 16 17 18 24 26 29 30 33 34 35 36 37 39 40 41 42 50 
1 3 8 10 11 13 16 17 18 19 20 26 27 28 30 32 34 35 38 43 45 48 49 
6 9 15 18 19 21 24 27 28 30 31 32 36 37 40 41 45 47 50 
2 3 4 7 8 14 16 18 19 20 23 25 27 31 33 36 37 43 44 49 50 
2 5 7 10 13 14 18 22 23 28 29 32 33 34 37 43 45 47 49 
1 2 9 14 15 16 19 20 21 23 26 31 34 35 36 37 43 44 45 46 47 48 50 
2 5 7 10 13 14 18 22 23 28 29 32 33 34 37 43 45 47 49 
1 3 8 10 11 13 16 17 18 19 20 26 27 28 30 32 34 35 38 43 45 48 
2 3 5 8 9 11 12 13 14 16 22 25 26 27 28 29 31 35 36 37 38 39 40 41 42 44 45 47 48 49 
1 2 3 5 10 11 12 13 15 16 17 20 21 22 23 24 26 27 28 30 31 32 35 37 38 41 42 48 
1 2 3 4 6 8 9 13 14 15 17 20 24 27 28 29 31 32 33 35 36 37 38 40 44 47 48 
2 4 5 6 7 8 9 10 11 14 16 17 18 20 25 27 30 31 34 35 36 37 38 43 45 46 47 49 50 
2 3 4 5 6 8 9 10 11 12 13 14 15 16 18 20 21 22 23 24 26 28 29 30 33 36 37 38 39 41 45 48 49 50 
1 3 5 6 10 11 12 13 14 15 17 20 21 22 23 24 25 26 27 30 35 36 39 40 41 42 46 49 50 
1 2 3 4 6 8 9 13 14 15 17 20 24 27 28 29 31 32 33 35 36 37 38 40 44 47 48 
3 5 6 8 9 10 13 14 16 21 22 23 27 31 36 37 38 39 41 43 44 45 47 48 50 
2 5 9 11 12 14 15 16 17 18 24 26 29 30 33 34 35 36 37 38 39 40 41 42 50 
2 7 8 9 11 12 14 17 21 24 25 26 31 37 38 41 43 47 48 49 50 
1 3 8 10 11 13 16 17 18 20 26 27 28 30 32 34 35 38 43 45 48 
1 3 5 6 10 11 12 13 14 15 17 20 21 22 23 24 25 26 27 30 35 36 39 40 41 42 46 49 50 
2 5 7 10 13 14 18 22 23 28 29 32 33 34 37 43 45 47 49 
1 2 9 14 15 16 19 20 21 23 26 31 34 35 36 37 43 44 45 46 47 48 50 
7 13 14 16 17 18 20 21 22 23 26 27 28 29 30 31 32 36 39 41 42 45 47 49 50 
3 6 9 15 18 19 21 24 27 28 30 31 32 36 37 40 41 45 47 50 
1 2 3 5 7 9 11 12 13 15 17 18 19 23 25 26 27 30 33 34 36 39 42 44 47 
2 5 9 11 12 14 15 16 17 18 24 26 29 30 33 34 35 36 37 38 39 40 41 42 50 
2 3 4 5 6 8 9 10 11 12 13 14 15 16 18 20 21 22 23 24 26 28 29 30 33 36 37 38 39 41 45 48 49 50 
2 4 9 10 12 13 15 16 17 18 19 20 22 25 26 27 32 35 37 38 41 47 
2 4 5 6 7 8 9 10 11 14 16 17 18 20 25 27 30 31 34 35 36 37 38 43 45 46 47 49 50 
2 3 4 7 8 14 16 17 18 19 20 23 25 27 31 33 36 37 43 44 50 
1 2 3 5 7 9 11 12 13 15 17 18 19 23 25 26 27 30 33 34 36 39 42 44 47 
7 13 14 16 17 18 20 21 22 23 26 27 28 29 30 31 32 36 39 41 42 45 47 49 50 
2 5 7 9 11 12 14 15 16 17 18 24 26 29 30 33 34 35 36 37 38 39 40 41 42 50 
2 3 4 7 8 14 16 17 18 19 20 23 25 27 31 33 36 37 43 44 50 
2 3 5 8 9 11 13 14 16 22 25 26 27 28 29 31 35 36 37 38 39 40 41 42 44 45 47 48 49 
2 3 4 7 8 14 16 17 18 19 20 23 25 27 31 33 36 37 43 44 50 
