null
null
null
null
15 16 
15 16 
null
null
null
15 16 
null
null
15 16 
15 16 
null
16 
7 
11 
16 
null
7 
null
20 
10 
null
15 16 
null
5 10 
4 
10 
6 16 
11 15 
20 
5 10 
5 10 
5 10 
2 13 
3 7 9 
11 15 16 19 
3 7 9 
3 7 9 
11 15 16 19 
4 11 15 
4 11 15 
5 10 13 
4 18 
10 14 20 
3 7 9 
3 7 9 
4 11 15 
1 2 3 13 
4 18 
2 6 8 16 
4 11 15 
5 10 11 15 16 19 
5 10 11 15 16 19 
4 18 20 
2 9 10 14 20 
4 5 10 13 
4 5 10 13 
1 2 3 13 
5 7 10 11 15 16 19 
4 11 15 
1 2 3 10 13 
1 2 3 10 13 
2 6 8 9 16 17 
2 6 8 9 16 17 
4 5 10 13 
2 6 8 9 16 17 
1 2 3 10 13 
2 6 8 9 16 17 
4 6 11 18 20 
4 5 10 13 
2 6 8 9 16 17 
4 6 11 18 20 
16 
2 10 14 20 
2 6 8 9 14 16 17 
4 5 10 13 20 
5 7 10 11 13 15 16 17 19 
4 6 11 18 20 
4 5 7 10 11 13 15 16 17 19 
4 5 7 10 11 13 15 16 17 19 
1 3 16 17 18 20 
2 6 7 8 9 14 16 17 
4 6 11 18 20 
1 2 3 8 10 13 14 
3 6 7 9 
4 5 10 13 18 20 
3 6 7 9 
4 5 10 13 18 20 
1 4 11 15 
1 2 3 8 13 14 
1 3 6 7 9 
4 5 10 13 18 20 
2 6 7 8 9 14 16 17 
4 5 7 10 11 13 15 16 17 19 20 
1 3 6 7 9 
16 20 
2 6 7 8 9 14 16 17 
1 2 3 8 13 14 
1 3 11 16 17 18 20 
2 4 6 7 8 9 14 16 17 
2 19 20 
2 4 6 7 8 9 14 16 17 
1 3 6 7 9 18 
2 4 6 7 8 9 14 16 17 
1 4 11 15 
1 4 11 15 
4 5 7 10 13 17 18 20 
4 5 7 10 11 13 15 16 17 19 20 
1 4 11 15 
9 13 16 18 20 
1 3 6 7 9 18 
4 5 7 10 11 13 17 18 20 
2 4 6 7 8 9 14 15 16 17 
2 8 17 19 20 
1 4 5 6 7 9 11 12 18 19 20 
2 8 17 19 20 
4 11 15 
1 2 8 17 19 20 
4 11 15 
1 3 4 6 7 11 15 16 17 18 20 
1 3 4 6 7 11 15 16 17 18 20 
4 5 11 15 
1 4 5 6 7 9 11 12 18 19 20 
4 5 7 10 11 13 17 18 20 
1 8 10 12 13 17 20 
4 5 7 8 10 11 13 15 16 17 19 20 
1 3 4 6 7 11 15 16 17 18 20 
9 10 13 14 16 18 20 
6 9 10 13 14 16 18 20 
1 3 4 6 7 11 15 16 17 18 20 
2 4 7 8 9 11 14 15 16 17 18 
5 7 8 5 7 8 10 11 15 16 17 19 20 
1 2 3 8 11 14 15 
4 11 15 
4 5 7 10 11 13 16 17 18 20 
4 11 15 
1 4 5 6 7 11 12 18 19 
4 5 7 10 13 17 18 
1 4 5 6 7 11 12 18 19 
1 2 3 8 11 14 15 
4 10 11 
1 4 5 6 7 11 12 18 19 
2 4 7 8 9 11 14 15 16 17 18 
6 9 10 13 14 16 18 20 
1 3 5 8 10 12 13 
3 6 7 14 18 
3 6 7 14 18 
4 5 7 8 10 13 17 18 
5 7 8 5 7 8 10 11 15 16 17 19 20 
1 3 4 6 7 11 14 15 16 17 18 20 
1 2 3 8 11 14 15 
2 4 7 8 9 14 15 16 17 18 20 
1 3 4 7 11 14 15 16 17 18 20 
1 3 4 7 11 14 15 16 17 18 20 
4 10 11 13 19 
1 4 6 7 11 12 16 18 19 
1 3 5 8 10 12 13 18 18 
4 5 7 8 10 13 17 18 
1 4 6 7 11 12 16 18 19 
6 9 10 13 14 15 16 18 20 
1 3 4 7 11 14 15 16 17 18 20 
1 2 3 8 14 15 
4 5 7 8 10 13 17 18 
