null
+2
null
+4
35 
+8
31 46 
+16
null
+17
null
+20
35 
+22
40 
+24
19 
+29
31 46 
+37
null
+39
35 
+48
null
+50
40 
+51
16 
+54
19 33 
+60
16 
+61
5 
+63
15 25 35 
+73
16 29 
+77
17 26 
+79
5 30 40 
+82
5 21 
+86
16 29 
+87
19 33 
+94
19 33 
+96
16 29 
+100
13 39 40 46 
+101
15 25 35 
+103
16 29 37 
+105
13 39 40 46 
+110
10 17 26 
+114
10 17 26 
+115
5 16 18 21 
+117
5 30 40 
+118
16 23 29 37 
+119
31 33 39 45 49 50 
+120
19 33 
+129
16 23 29 37 
+130
10 17 26 
+131
2 22 31 33 39 45 49 50 
+133
18 26 
+134
16 23 29 37 
+140
5 30 40 
+142
1 2 13 22 31 33 39 45 49 50 
+151
1 2 13 22 31 33 39 45 49 50 
+152
15 25 35 36 37 43 
+155
10 17 26 36 
+156
1 2 13 22 31 33 39 45 49 50 
+167
18 26 29 49 
+171
5 16 21 50 
+172
23 39 40 46 
+179
16 23 27 29 37 49 
+180
4 5 6 11 15 17 31 39 43 47 49 
+189
4 5 6 11 15 17 31 39 43 47 49 
+193
5 15 30 37 40 
+195
19 33 
+196
5 16 21 50 
+198
1 4 13 22 27 31 33 35 39 45 49 50 
+199
15 25 32 34 35 36 37 43 
+209
13 18 26 29 49 
+210
16 23 27 29 35 37 41 49 
+211
10 17 26 36 
+212
5 16 21 42 50 
+215
15 25 32 34 35 36 37 43 
+221
19 33 
+222
16 23 27 29 35 37 41 49 
+223
19 33 
+225
19 33 
+228
5 8 15 26 29 30 36 37 40 
+229
1 4 13 22 27 31 33 35 39 45 49 50 
+234
15 16 23 24 29 35 37 41 49 
+240
13 18 26 29 49 
+243
15 25 32 34 36 37 43 
+245
4 10 17 26 36 45 
+246
5 16 21 42 50 
+250
14 16 23 25 30 31 35 36 38 39 40 46 48 
+257
14 16 23 25 30 31 35 36 38 39 40 46 48 
+258
15 16 23 24 29 35 37 41 49 
+260
1 4 13 22 27 31 33 35 39 45 49 50 
+261
15 25 32 34 36 37 43 
+264
15 16 23 24 29 35 37 41 46 49 
+272
1 4 13 22 27 31 33 35 39 45 50 
+277
15 16 23 24 29 35 37 41 46 49 
+278
1 4 13 22 27 31 33 35 39 45 50 
+279
15 16 23 24 29 35 37 41 46 49 
+280
1 4 13 22 27 31 33 35 39 45 50 
+285
5 16 21 42 50 
+287
19 25 33 37 
+289
1 4 13 22 27 31 33 35 39 45 50 
+290
13 18 26 29 49 
+294
5 16 21 31 42 50 
+297
4 5 6 10 11 12 15 17 37 39 43 49 50 
+298
19 25 33 37 
+299
5 8 10 15 26 28 29 30 37 40 
+301
14 16 23 25 30 31 35 36 38 39 40 46 48 
+303
10 17 26 31 36 44 45 
+304
14 16 23 25 30 31 35 36 38 39 40 46 48 
+307
19 25 33 37 
+313
5 16 21 31 42 50 
+316
13 18 26 29 49 
+317
1 4 13 22 27 31 33 35 39 45 50 
+321
15 16 21 23 24 29 33 35 37 41 46 49 
+322
10 17 26 31 36 44 45 
+327
10 19 25 33 37 
+330
11 13 18 26 29 49 
+333
10 17 26 31 36 44 45 
+339
5 16 21 31 32 42 50 
+342
5 15 16 21 23 24 29 33 35 37 41 46 49 
+348
5 8 10 15 24 26 28 29 30 37 40 43 
+349
2 4 14 16 23 25 30 31 35 36 38 39 40 42 46 48 
+352
10 13 17 26 31 36 44 45 
+360
4 6 10 11 12 15 17 27 37 39 43 49 50 
+362
2 4 14 16 23 25 30 31 35 36 38 39 40 42 46 48 
+363
10 19 25 33 35 37 45 
+365
4 6 10 11 12 15 17 27 37 39 43 49 50 
+366
5 16 21 31 32 42 50 
+367
5 11 13 18 22 26 29 47 49 
+382
5 16 21 31 32 42 50 
+384
2 4 14 16 23 25 30 31 35 36 38 39 40 42 46 48 
+385
5 8 10 15 17 24 26 28 29 30 37 43 
+388
4 6 9 10 11 12 15 17 27 37 39 43 44 49 50 
+393
4 6 9 10 11 12 15 17 27 37 39 43 44 49 50 
+395
5 11 13 18 20 22 26 29 47 49 
+410
5 8 10 15 17 24 25 26 28 29 30 37 43 
+413
2 4 13 14 16 23 25 30 31 35 36 38 39 40 42 46 48 
+426
2 4 13 14 16 23 25 30 31 35 36 38 39 40 42 46 48 
+428
2 5 15 16 21 23 29 33 35 37 41 46 49 
+431
2 4 13 14 16 23 25 30 31 35 36 38 39 40 46 48 
+433
15 17 18 23 25 29 32 34 36 37 40 
+434
10 13 17 23 25 26 31 36 44 45 
+435
10 13 17 23 25 26 31 36 44 45 
+440
5 8 15 17 24 25 26 29 30 37 43 45 
+448
15 17 23 25 29 32 34 36 37 40 
+451
5 11 13 18 22 26 29 47 49 
+454
4 10 19 25 33 35 37 40 45 48 
+457
5 8 15 17 24 25 26 29 30 37 43 45 
+460
5 11 13 18 22 26 29 47 49 50 
+461
2 5 15 16 21 23 29 33 35 37 41 46 49 
+462
1 5 21 29 31 32 42 47 50 
+463
4 6 9 10 11 12 15 17 19 27 37 39 41 43 44 49 50 
+464
10 13 17 23 25 26 28 31 36 44 45 46 
+465
5 8 15 17 24 25 26 29 30 37 43 45 
+468
15 17 23 25 29 32 34 36 37 40 
+470
1 4 5 7 11 13 16 22 27 31 33 35 39 45 50 
+471
2 4 13 14 16 23 25 30 31 35 36 38 39 40 46 48 
+472
1 4 5 7 11 13 16 22 27 31 33 35 39 45 50 
+478
2 5 15 16 21 23 29 33 35 37 41 46 49 
+480
2 5 15 16 21 23 29 33 35 37 41 46 49 
+481
5 8 15 17 24 25 26 29 30 37 43 45 
+482
2 5 15 16 21 23 29 33 35 37 41 46 49 
+484
9 10 13 17 23 24 25 26 28 31 36 45 46 
+495
2 5 15 16 21 23 29 33 35 37 41 46 49 
+498
15 17 18 23 25 29 32 34 36 37 40 47 
+503
3 5 8 15 17 24 25 26 29 30 37 43 45 
+509
9 10 13 17 23 24 25 26 28 31 36 45 46 
+510
4 6 9 10 11 12 15 17 19 27 37 38 39 41 43 44 49 50 
+512
2 5 15 16 21 23 29 33 35 37 41 46 49 
+517
9 10 13 17 23 24 25 26 28 31 36 45 46 
+521
9 10 13 23 24 25 26 28 31 36 45 46 49 
+530
4 10 17 19 22 25 33 35 40 45 48 
+532
1 5 15 19 21 29 31 32 42 47 50 
+540
2 4 11 13 14 16 23 25 30 31 35 36 38 39 40 46 48 
+541
1 4 5 7 11 13 16 18 22 27 31 50 50 
+544
1 12 15 17 18 23 25 29 32 34 36 37 40 47 
+546
5 11 18 22 26 29 47 49 50 
+548
1 4 5 7 11 13 16 18 22 27 31 50 50 
+554
9 10 13 23 24 25 26 28 31 36 45 46 49 
+555
1 4 5 7 11 13 16 18 22 27 31 50 50 
+558
1 5 11 15 19 21 29 31 32 42 47 50 
+567
4 10 17 19 22 25 33 35 40 45 48 
+569
1 4 5 11 13 16 18 22 27 31 50 50 
+571
1 5 11 15 19 21 29 31 32 42 47 50 
+572
5 11 18 22 24 26 29 31 47 49 50 
+578
1 4 5 11 13 16 18 22 27 31 50 50 
+579
4 6 9 10 11 15 17 19 27 32 38 39 41 43 44 46 49 50 
+582
2 5 15 16 21 23 33 35 37 41 46 49 
+584
1 4 5 11 16 18 22 27 31 50 50 
+586
1 5 8 11 15 19 21 29 31 32 42 47 50 
+587
5 11 18 22 24 26 29 31 47 49 50 
+591
1 4 5 11 16 22 27 31 50 50 
+594
4 10 17 19 22 25 33 35 40 45 48 
+595
1 4 5 11 16 22 27 31 50 50 
+597
2 5 15 16 21 23 33 35 37 41 46 49 
+599
3 5 8 15 17 25 26 27 29 30 37 43 45 
+605
2 4 6 11 13 14 16 18 23 25 28 31 35 36 38 39 40 46 48 
+608
1 4 5 11 16 22 27 31 50 50 
+610
1 5 8 11 15 19 21 29 31 32 42 47 50 
+613
2 5 13 15 16 21 23 33 35 37 41 46 49 
+615
4 6 9 10 11 14 15 17 19 27 32 38 39 41 43 44 46 49 50 
+617
4 6 9 10 11 14 15 17 19 27 32 38 39 41 43 44 46 49 50 
+621
4 10 17 19 22 25 33 35 40 43 45 48 
+629
1 12 15 17 18 23 24 25 29 32 34 36 37 40 47 
+632
10 13 23 24 25 26 28 31 33 36 45 46 49 
+633
10 13 23 24 25 26 28 31 33 36 45 46 49 
+634
5 11 17 18 22 24 26 29 31 49 50 
+639
2 5 13 15 16 21 23 33 35 37 41 46 49 
+640
10 13 23 24 25 26 28 31 33 36 39 45 46 49 
+644
4 6 9 10 11 14 17 19 27 32 33 38 39 41 43 44 46 49 50 
+646
2 4 6 11 13 14 16 18 23 25 28 31 35 36 38 39 40 46 48 
+647
5 10 13 23 24 25 26 28 31 33 36 39 45 46 49 
+649
4 6 9 10 11 14 17 19 27 32 33 38 39 41 43 44 46 49 50 
+651
1 4 5 16 22 27 31 42 47 50 42 47 50 
+652
1 5 15 18 19 21 28 29 31 32 41 42 47 50 
+658
2 5 13 15 16 21 23 33 35 37 41 46 49 
+659
4 6 9 10 11 14 17 19 27 32 33 38 39 41 43 44 46 49 50 
+661
4 6 11 13 14 16 18 23 25 28 31 35 36 38 39 40 46 48 
+662
4 10 17 19 20 22 25 30 31 33 35 40 43 45 48 
+668
5 10 13 23 24 25 26 28 31 33 36 39 45 46 49 
+670
2 5 13 15 16 21 23 33 37 41 46 49 
+673
3 5 8 15 17 21 25 26 27 29 30 37 43 45 
+674
1 12 15 17 18 23 24 25 29 32 34 36 37 40 47 50 
+678
4 10 17 19 20 22 25 30 31 35 40 43 45 48 
+679
4 6 9 10 11 14 17 19 27 32 33 38 39 41 43 44 46 49 50 
+681
5 11 17 18 22 24 26 29 31 49 50 
+683
5 11 17 18 22 24 26 29 31 49 50 
+685
1 5 8 15 18 19 21 28 29 31 32 41 42 47 50 
+690
1 4 5 16 22 27 31 42 47 50 42 47 50 
+692
1 4 5 16 22 27 31 42 47 50 42 47 50 
+696
5 11 16 17 18 22 24 26 29 31 49 50 
+698
2 5 13 15 16 21 23 37 41 46 49 
+700
3 5 8 15 17 21 25 26 27 29 30 37 43 45 
+702
1 12 15 17 18 23 24 25 29 32 34 36 37 40 47 50 
+704
4 6 13 14 16 18 23 25 28 31 35 36 38 39 40 46 47 48 50 
+710
5 11 16 18 22 24 26 29 31 49 50 
+712
2 5 13 15 16 21 23 37 41 46 49 
+713
1 12 15 17 18 23 24 25 29 32 34 36 37 40 42 47 50 
+714
1 4 5 16 22 27 31 42 47 50 42 47 50 
+715
5 11 16 18 22 23 24 26 29 31 38 49 50 
+722
4 6 9 10 11 14 17 19 27 32 33 38 39 41 43 44 46 49 50 
+724
2 5 7 10 13 15 16 21 23 37 41 46 49 
+727
1 12 15 17 18 23 24 25 29 32 34 36 37 40 42 47 50 
+733
4 6 13 14 16 18 23 25 28 31 35 36 38 39 46 47 48 50 
+735
1 5 8 15 18 19 21 28 29 31 32 41 42 47 50 
+736
1 5 8 15 18 19 21 28 29 31 32 41 42 47 50 
+737
1 5 8 15 18 19 21 28 29 31 32 41 42 47 50 
+741
4 6 9 10 11 14 17 19 27 32 33 38 39 41 43 44 46 49 50 
+742
4 6 9 10 11 14 17 19 27 32 33 38 39 41 43 44 46 49 50 
+743
1 12 15 17 18 23 24 25 29 32 34 36 37 40 42 47 50 
+745
4 10 15 17 19 20 22 30 31 35 40 43 45 48 
+746
1 5 8 15 18 19 21 28 29 31 32 41 42 47 50 
+748
5 11 16 18 22 23 24 26 29 31 38 49 50 
+749
2 5 7 10 13 15 16 21 23 29 37 41 46 49 
+755
5 11 16 18 22 23 24 26 29 31 38 49 50 
+756
5 11 16 18 22 23 24 26 29 31 38 49 50 
+759
4 6 9 10 11 14 17 19 27 32 33 38 39 41 43 44 46 49 50 
+761
5 8 9 10 13 23 24 25 26 28 31 33 36 39 40 45 46 49 
+762
1 4 5 16 18 22 27 31 42 47 50 42 47 50 
+768
1 5 6 8 15 18 19 21 28 29 31 32 41 42 47 50 
+771
4 6 13 14 16 18 23 25 28 31 32 35 36 38 39 46 47 48 50 
+772
1 5 6 8 15 18 19 21 28 29 31 32 41 42 47 50 
+775
1 4 5 16 18 22 27 31 42 47 50 42 47 50 
+776
1 5 6 8 15 18 19 21 28 29 31 32 41 42 47 50 
+777
4 10 15 17 19 20 30 31 35 40 43 45 48 
+779
5 11 16 18 22 23 24 26 29 31 38 45 49 50 
+782
5 11 16 18 22 23 24 26 29 31 38 45 49 50 
+784
5 8 9 10 13 23 24 25 26 28 31 33 36 39 40 45 46 49 
+785
1 4 5 16 18 22 31 42 47 50 42 47 50 
+788
1 12 13 14 17 18 23 24 25 29 32 34 36 37 40 42 47 50 
+791
4 10 15 17 19 20 30 31 35 40 43 45 48 
+793
1 5 6 8 15 18 19 21 28 29 31 32 41 42 47 50 
+796
1 12 13 14 17 18 23 24 25 29 32 34 36 37 40 42 47 50 
+798
2 5 7 10 13 15 16 23 29 37 41 45 46 49 
+812
1 5 6 8 15 18 19 21 28 29 31 32 41 42 47 50 
+813
3 5 8 15 17 21 23 25 26 27 29 30 37 42 43 45 
+816
5 8 9 10 13 23 24 25 26 31 32 33 35 36 39 40 45 46 49 
+822
2 5 7 10 13 15 16 23 29 37 41 45 46 49 
+825
1 4 5 7 16 18 22 31 39 42 45 50 39 42 45 50 
+833
1 12 13 14 17 18 23 24 25 29 32 34 35 36 37 40 42 50 
+836
5 8 9 10 13 23 24 25 26 31 32 33 35 36 39 40 45 46 49 
+839
5 8 9 10 13 23 24 25 26 31 32 33 35 36 39 40 45 46 49 
+843
1 4 5 7 16 18 22 31 39 42 45 50 39 42 45 50 
+847
1 5 6 8 15 18 19 21 22 28 29 31 32 41 42 47 
+849
5 11 16 18 22 23 24 26 29 31 38 43 45 49 50 
+851
1 12 13 14 17 18 23 24 29 32 34 35 36 37 40 42 50 
+852
1 4 5 7 16 18 22 31 39 42 45 50 39 42 45 50 
+853
5 11 16 18 22 23 24 26 29 31 38 43 45 49 50 
+859
17 18 23 24 29 32 34 35 36 37 40 42 50 
+871
3 5 8 15 17 21 23 25 26 27 29 37 42 43 45 47 
+872
1 5 6 8 15 18 19 21 22 28 29 31 32 41 42 47 
+876
1 5 6 8 15 18 19 21 22 28 29 31 32 41 42 47 
+877
5 7 10 13 15 16 23 29 32 37 41 45 46 49 
+884
4 6 7 10 11 14 16 17 19 22 27 32 33 38 39 41 42 43 46 49 50 
+885
3 5 15 17 21 23 25 26 27 29 35 37 42 43 45 47 
+887
1 4 5 7 13 16 18 22 31 39 42 45 46 39 42 45 46 50 
+888
4 6 7 10 11 14 16 17 19 22 27 32 33 38 39 41 42 43 46 49 50 
+889
1 4 5 7 13 16 18 22 31 39 42 45 46 39 42 45 46 50 
+891
3 5 15 17 21 23 25 26 27 29 35 37 42 43 45 47 
+893
4 10 15 17 18 19 20 29 30 31 35 40 43 45 48 
+897
1 5 6 8 15 18 19 21 22 28 29 31 32 37 41 42 47 
+904
3 5 10 12 15 17 21 23 25 26 27 29 35 37 42 43 45 47 
+906
4 6 7 10 11 14 16 17 19 22 27 32 38 39 41 42 46 49 50 
+909
5 8 10 13 15 23 24 25 26 31 32 33 35 36 39 40 45 46 49 
+917
4 6 11 13 14 16 18 23 25 31 32 33 35 36 38 39 40 46 50 
+918
1 4 5 7 9 13 16 18 22 31 39 42 45 46 39 42 45 46 50 
+921
1 5 6 8 15 18 19 21 22 28 29 32 37 41 42 47 
+923
5 11 16 18 23 24 26 29 31 35 43 45 49 50 
+924
5 7 10 13 15 16 23 27 29 32 37 41 45 46 
+933
5 10 11 16 18 23 24 26 29 31 35 43 45 50 
+934
3 5 10 12 15 17 21 23 25 26 27 29 35 37 42 43 45 47 
+935
1 7 12 13 14 21 34 35 36 37 40 42 50 
+937
3 5 10 12 15 17 21 23 25 26 27 29 35 37 42 43 45 47 
+939
4 6 7 10 11 14 16 17 19 22 27 32 38 39 41 42 46 49 50 
+940
1 4 5 7 9 13 16 18 22 31 47 39 42 45 46 39 42 45 46 50 
+947
9 10 15 17 18 20 29 30 31 35 40 43 45 48 
+948
5 8 10 11 16 18 23 24 26 29 31 35 43 45 50 
+949
5 8 10 13 15 23 24 25 26 31 32 33 35 36 39 40 45 46 49 
+951
3 5 10 12 15 17 21 23 25 26 27 29 35 37 42 43 45 47 
+952
5 7 8 10 13 15 16 23 27 29 32 37 41 45 46 
+954
9 10 15 17 18 20 29 30 31 35 40 43 45 48 
+956
1 7 13 14 21 34 35 36 37 40 42 50 
+957
1 3 5 6 8 15 18 19 21 22 28 29 32 33 37 41 42 47 
+961
1 7 13 14 21 34 35 36 37 40 42 50 
+963
1 3 5 6 8 15 18 19 21 22 28 29 32 33 37 41 42 47 
+965
4 6 7 10 11 13 14 16 17 19 22 27 32 38 39 41 42 46 49 50 
+967
1 4 5 7 9 13 16 18 22 31 47 39 42 45 46 39 42 45 46 50 
+973
5 7 8 10 11 13 15 16 23 27 29 32 37 41 45 46 
+974
5 7 8 10 11 13 15 16 23 27 29 32 37 41 45 46 
+975
5 8 10 11 16 18 23 24 26 29 31 35 43 45 50 
+978
3 5 10 12 15 17 21 23 25 26 27 29 37 42 43 45 47 
+981
1 2 4 5 7 9 13 16 18 22 31 47 39 42 45 46 39 42 45 46 50 
+983
4 6 7 10 11 13 14 17 19 22 27 32 38 39 41 42 46 49 50 
+988
1 3 5 8 15 18 19 21 22 28 29 32 33 37 41 42 47 
+989
3 5 8 10 11 16 18 23 24 26 29 31 35 43 45 50 
+990
1 3 7 13 14 21 27 34 35 36 37 40 42 50 
+992
4 6 13 14 16 18 19 23 25 31 32 33 35 36 38 39 40 46 50 
+993
4 6 13 14 16 18 19 23 25 31 32 33 35 36 38 39 40 46 50 
+994
1 3 7 13 14 21 27 34 35 36 37 40 42 50 
+997
1 3 5 8 15 18 19 21 22 28 29 32 33 37 41 42 47 
+1000
4 6 7 10 11 13 14 17 19 22 27 32 38 39 41 42 46 49 50 
+1002
3 5 10 12 15 17 21 23 25 26 27 29 37 42 43 45 47 
+1003
1 3 5 8 15 18 19 21 22 28 29 32 33 37 41 42 47 
+1008
1 2 4 5 7 9 13 16 18 22 31 47 39 42 45 46 39 42 45 46 50 
+1014
7 9 10 15 17 18 20 28 29 30 31 35 38 40 43 45 48 
+1015
7 9 10 15 17 18 20 28 29 30 31 35 38 40 43 45 48 
+1021
1 3 5 8 15 18 19 21 22 28 29 32 33 37 41 42 47 
+1022
5 7 8 10 11 13 15 16 23 27 29 32 37 45 46 
+1027
1 3 5 8 15 18 19 21 22 28 29 32 33 37 41 42 47 
+1028
3 5 10 11 16 18 23 24 26 29 35 43 45 50 
+1029
1 3 7 13 17 21 27 34 35 36 37 40 42 50 
+1030
7 9 10 15 17 18 20 28 29 30 31 35 38 40 43 45 48 
+1032
3 5 9 10 12 15 17 21 23 25 26 27 29 37 42 43 45 47 
+1033
4 6 13 14 16 19 31 32 33 35 36 38 39 40 46 50 
+1041
5 7 8 10 11 13 15 16 23 27 29 32 37 45 46 
+1044
1 3 7 13 17 21 27 34 35 36 37 40 42 50 
+1053
1 3 5 8 15 18 19 21 22 28 29 32 33 34 37 41 42 47 
+1054
7 9 10 15 17 18 28 29 30 31 35 38 40 43 45 48 
+1055
3 5 9 10 12 15 17 21 23 25 26 27 29 37 42 43 45 47 
+1056
5 7 8 10 11 13 15 16 23 27 29 32 37 45 46 
+1060
5 7 8 10 13 15 23 24 25 26 31 32 33 35 36 39 40 45 46 47 49 
+1061
4 6 13 14 16 19 29 31 32 33 35 38 39 40 46 50 
+1062
2 4 5 7 9 13 16 18 22 31 47 39 42 45 46 39 42 45 46 50 
+1063
1 3 7 9 13 17 21 27 34 35 36 37 40 42 43 50 
+1077
3 5 9 10 12 15 17 21 23 25 26 27 29 37 42 43 45 47 
+1080
4 7 9 10 15 17 18 28 29 30 31 35 38 40 43 45 48 
+1085
3 5 10 11 16 18 23 24 26 29 35 42 43 50 
+1089
2 4 5 7 9 13 16 18 22 31 47 39 42 45 46 39 42 45 46 50 
+1092
4 6 13 14 16 19 29 31 32 33 35 38 39 40 46 50 
+1096
2 4 6 7 10 11 13 14 17 19 22 27 32 38 39 40 41 42 46 49 50 
+1099
4 6 7 9 10 15 17 18 28 29 30 31 35 38 40 43 45 48 
+1100
3 5 9 10 12 15 17 21 23 25 26 27 37 42 43 45 47 
+1105
1 3 7 9 13 15 17 21 27 33 34 35 36 37 40 42 43 50 
+1107
5 7 8 9 10 13 15 23 24 25 26 29 31 32 33 35 36 39 40 45 46 47 49 
+1109
5 7 8 10 11 13 15 16 23 27 29 32 37 45 46 
+1110
2 4 6 7 10 11 13 14 17 19 22 27 32 38 39 40 41 42 46 49 50 
+1114
1 3 7 9 13 15 17 21 27 33 34 35 36 37 40 42 43 50 
+1124
2 4 6 7 10 11 13 14 17 19 22 26 27 32 38 39 40 41 46 49 50 
+1132
3 5 6 10 11 16 18 23 24 25 27 29 35 42 43 50 
+1133
4 6 7 9 10 15 18 28 29 30 31 35 38 40 43 45 48 
+1138
5 7 8 9 10 11 13 15 23 24 25 26 29 31 32 33 35 36 39 40 45 46 47 49 50 
+1139
2 4 6 7 10 11 13 14 17 19 22 26 27 38 39 40 41 46 49 50 
+1154
2 4 5 6 7 8 9 13 16 18 22 24 31 47 48 39 42 45 46 39 42 45 46 50 
+1158
1 3 7 9 13 15 17 21 23 27 33 34 35 36 37 40 42 43 50 
+1159
4 6 7 9 10 15 18 28 29 30 31 35 38 40 43 45 48 
+1162
1 3 7 9 13 15 17 21 23 27 33 34 35 36 37 40 42 43 50 
+1169
3 5 9 10 11 12 15 17 21 23 25 26 27 37 42 43 45 46 47 
+1173
4 6 7 9 10 15 18 28 29 30 31 35 38 40 43 45 48 
+1176
4 6 7 9 10 13 15 18 28 29 30 31 35 38 40 43 45 48 
+1181
4 6 13 14 16 19 25 26 27 29 31 32 33 35 38 39 40 46 49 50 
+1183
3 5 6 10 16 18 23 24 25 27 29 32 35 42 50 
+1186
4 6 13 14 16 19 25 26 27 29 31 32 33 35 38 39 40 46 49 50 
+1198
5 7 8 10 11 13 15 16 21 23 27 29 32 34 37 45 46 
+1204
3 5 10 11 12 15 17 23 25 26 27 29 30 35 37 42 43 45 46 47 
+1205
5 7 8 10 11 13 15 16 21 23 27 29 32 34 37 45 46 
+1206
1 3 7 9 13 14 15 17 21 23 27 33 34 35 36 37 40 42 43 50 
+1210
5 7 8 10 11 13 15 16 21 23 27 29 32 34 37 45 46 
+1212
2 5 7 8 9 10 11 13 15 23 24 26 29 31 32 33 34 35 36 39 40 45 46 50 
+1216
5 7 8 10 11 13 15 16 21 23 24 27 29 32 34 37 45 46 
+1218
5 7 8 10 11 13 15 16 21 23 24 27 29 32 34 37 45 46 
+1223
1 3 5 8 14 15 18 19 21 22 28 29 32 33 37 41 42 44 
+1227
1 3 5 8 14 15 18 19 21 22 28 29 32 33 37 41 42 44 
+1229
4 6 13 14 16 19 25 26 27 29 31 32 33 35 38 39 40 46 49 50 
+1235
3 5 6 10 16 18 23 24 25 29 32 35 42 44 50 
+1237
4 6 7 9 10 13 15 18 22 28 29 30 31 35 38 40 43 44 45 48 50 
+1238
4 6 7 9 10 13 15 18 22 28 29 30 31 35 38 40 43 44 45 48 50 
+1240
4 6 13 14 16 19 25 26 27 29 31 32 33 35 38 39 40 46 47 49 50 
+1241
2 5 7 8 9 10 11 13 15 23 24 26 29 31 32 33 34 35 36 39 40 45 46 47 50 
+1247
4 6 13 14 16 19 25 26 27 29 31 32 33 35 38 39 40 46 47 49 50 
+1250
2 4 5 6 7 8 9 13 16 18 22 24 31 35 42 47 48 39 42 45 46 39 42 45 46 50 
+1251
3 5 10 11 12 14 15 17 23 25 26 27 29 30 33 35 37 42 43 45 46 47 
+1256
1 3 5 8 15 18 19 21 22 28 29 32 33 37 41 42 44 49 
+1258
4 6 13 14 16 17 19 25 26 27 29 31 32 33 35 38 39 40 46 47 49 50 
+1259
1 3 5 8 15 18 19 21 22 28 29 32 33 37 41 42 44 49 
+1260
1 3 7 9 13 14 15 17 21 23 27 33 34 35 36 37 40 50 
+1261
2 5 7 8 9 10 11 13 15 22 23 24 25 26 29 31 32 33 34 35 36 39 40 45 46 47 50 
+1265
3 5 6 10 16 18 23 24 25 29 32 35 42 44 50 
+1268
3 5 10 11 12 14 15 23 24 25 26 27 29 30 33 35 37 42 43 45 46 47 
+1271
2 5 7 8 9 10 11 13 15 22 23 24 25 26 29 31 32 33 34 35 36 39 40 45 46 47 50 
+1273
2 4 6 7 11 13 14 17 19 22 26 27 38 39 40 41 46 49 50 
+1275
3 5 6 10 16 18 23 24 25 29 32 35 42 44 50 
+1276
1 3 5 8 15 18 19 21 22 28 29 32 33 37 41 42 44 49 
+1277
3 5 10 11 12 14 15 23 24 25 26 27 29 30 33 35 37 42 43 45 46 47 
+1279
1 3 5 8 15 18 19 21 22 28 29 32 33 37 41 42 44 49 
+1280
2 4 6 7 11 13 14 17 19 22 26 27 38 39 40 41 46 49 50 
+1281
2 5 7 8 9 10 11 13 15 22 23 24 25 26 29 31 32 33 34 35 36 39 40 45 46 47 50 
+1282
1 4 6 7 9 10 13 15 18 22 28 29 30 31 35 38 40 43 44 45 48 50 
+1283
3 5 6 10 16 18 23 24 25 29 32 35 40 42 44 50 
+1290
2 4 6 7 11 13 14 17 19 22 26 27 38 39 40 41 46 49 50 
+1292
5 7 8 10 11 13 15 16 21 23 24 27 29 32 34 35 37 45 46 
+1294
5 7 8 10 11 13 15 16 21 23 24 27 29 32 34 35 37 45 46 
+1295
3 5 6 10 16 18 23 24 25 29 32 35 40 42 44 50 
+1297
4 6 13 14 16 17 19 25 26 27 29 31 32 33 35 38 39 40 46 47 49 50 
+1302
1 3 5 15 18 19 21 22 28 29 32 33 37 41 42 44 49 
+1308
1 3 5 15 18 19 21 22 28 29 32 33 37 41 42 44 49 
+1312
2 4 5 6 7 8 9 13 16 18 22 24 31 35 42 47 48 39 42 45 46 39 42 45 46 50 
+1313
2 4 6 7 11 13 14 17 19 22 26 27 28 30 35 38 39 40 41 46 49 50 
+1314
4 5 7 8 10 11 13 15 16 20 21 23 24 27 29 32 34 35 37 45 46 
+1317
1 4 6 7 9 10 13 15 18 22 28 29 30 31 35 38 40 43 44 45 48 50 
+1318
1 4 6 7 9 10 13 15 18 22 28 29 30 31 35 38 40 43 44 45 48 50 
+1321
2 4 5 6 7 8 9 13 16 18 22 24 31 35 42 47 48 39 42 45 46 39 42 45 46 50 
+1325
2 5 7 8 9 10 11 13 15 22 23 24 25 26 29 31 32 33 34 35 36 39 40 45 46 47 50 
+1332
2 3 5 6 10 11 16 18 23 24 25 29 35 40 42 44 50 
+1338
2 4 5 6 7 8 9 13 16 18 19 22 24 31 35 42 47 48 39 42 45 46 39 42 45 46 50 
+1341
4 6 9 13 14 16 17 19 25 26 27 29 31 32 33 35 39 40 41 43 46 47 49 50 
+1343
2 3 5 6 10 11 12 16 18 23 24 25 29 35 40 42 44 50 
+1344
2 4 5 6 7 8 9 13 16 18 19 22 24 31 35 42 47 48 39 42 45 46 39 42 45 46 50 
+1346
1 3 7 9 13 14 15 17 21 23 27 31 33 34 35 36 37 40 50 
+1347
4 6 9 13 14 16 17 19 25 26 27 29 31 32 33 35 39 40 41 43 46 47 49 50 
+1348
2 4 6 7 11 13 14 17 19 22 26 27 28 30 35 38 39 40 41 46 49 50 
+1352
2 4 5 6 7 8 9 13 16 18 19 22 24 31 35 42 47 48 39 42 45 46 39 42 45 46 50 
+1355
2 5 7 8 9 10 11 13 15 22 23 24 25 26 29 31 32 33 34 35 36 39 40 45 46 47 50 
+1358
2 4 5 6 7 8 9 13 16 18 19 22 24 31 35 42 47 48 39 42 45 46 39 42 45 46 50 
+1360
2 4 6 7 11 13 14 17 19 22 26 27 28 30 35 38 39 40 41 46 49 50 
+1363
2 3 5 6 10 11 12 16 18 23 24 25 29 30 35 40 42 50 
+1364
1 4 6 9 10 13 15 18 22 23 28 29 30 31 35 38 40 43 44 45 48 50 
+1367
2 4 5 6 7 8 9 13 16 18 19 22 24 31 35 42 47 48 39 42 45 46 39 42 45 46 50 
+1368
3 4 5 8 10 11 13 15 16 19 20 21 23 24 27 29 32 34 35 37 45 46 
+1369
2 5 7 8 9 10 11 13 15 22 23 24 25 26 29 31 32 33 34 35 36 39 40 45 46 47 50 
+1371
4 6 9 13 14 16 17 19 25 26 27 29 31 32 33 35 39 40 41 43 46 47 49 50 
+1372
2 3 5 6 10 11 12 16 18 23 25 29 30 35 40 42 50 
+1375
3 4 5 8 10 11 13 15 16 19 20 21 23 24 27 29 32 34 35 37 45 46 
+1376
2 3 5 6 10 11 12 16 18 23 25 29 30 35 40 42 50 
+1379
2 4 6 7 11 13 14 17 19 22 26 27 28 30 35 38 39 40 41 46 49 50 
+1383
2 3 5 6 10 11 12 16 18 23 25 29 30 35 40 42 50 
+1390
2 4 6 7 11 13 14 17 19 22 27 28 30 35 38 39 40 41 46 49 50 
+1392
2 5 7 8 9 10 11 13 15 22 23 24 25 26 29 31 32 33 34 35 36 38 39 40 45 46 47 50 
+1395
1 3 7 9 13 14 17 21 23 27 31 33 34 35 36 37 40 50 
+1396
1 4 6 9 10 13 15 18 22 23 28 29 30 31 35 38 40 43 44 45 48 50 
+1397
3 5 8 15 18 19 21 22 27 28 29 32 33 37 41 42 44 49 
+1404
2 4 6 7 8 9 13 16 18 19 22 24 31 35 42 47 48 39 42 45 46 39 42 45 46 50 
+1406
2 4 6 7 11 13 14 15 17 19 22 27 28 30 35 38 39 40 41 46 49 50 
+1407
3 4 5 8 10 11 13 16 19 20 21 23 24 27 29 32 34 35 37 45 46 
+1409
4 6 9 13 16 17 19 25 26 27 29 31 32 33 35 39 40 41 43 46 47 48 49 50 
+1412
3 4 5 10 11 12 14 23 24 25 26 27 29 30 33 35 37 38 42 43 46 47 49 
+1418
4 6 9 13 16 17 19 25 26 27 29 31 32 33 35 39 40 41 43 46 47 48 49 50 
+1420
2 4 6 7 11 13 14 15 17 19 22 27 28 30 35 38 39 40 41 46 49 50 
+1422
2 5 7 8 9 10 11 13 15 22 23 24 25 26 29 31 32 33 34 35 36 38 39 40 45 46 47 50 
+1423
4 6 9 13 16 17 19 25 26 27 29 31 32 33 35 39 40 41 43 46 47 48 49 50 
+1426
3 4 5 10 11 12 14 23 24 25 26 27 29 30 33 35 37 38 42 43 46 47 49 
+1428
3 5 8 14 15 18 19 21 22 27 28 29 32 33 37 41 42 44 50 
+1436
1 3 7 9 13 14 17 21 23 27 31 33 34 35 36 37 40 50 
+1438
1 4 6 8 10 13 15 18 19 21 22 23 24 28 29 30 31 35 38 40 43 44 45 48 50 
+1443
1 3 7 9 13 14 17 21 23 27 31 33 34 35 36 37 40 50 
+1446
2 4 6 7 11 13 14 15 17 19 22 27 28 35 38 39 40 41 46 49 50 
+1448
2 4 6 7 8 9 13 16 18 19 22 24 31 35 42 47 48 39 42 45 46 39 42 45 46 50 
+1449
3 4 5 10 11 12 14 23 24 25 26 27 29 30 33 35 37 38 42 43 46 47 49 
+1453
1 3 7 9 13 14 17 21 23 27 31 33 34 35 36 37 40 50 
+1455
3 4 5 10 11 12 14 23 24 25 26 27 29 30 33 35 37 38 42 43 46 47 49 
+1457
3 5 8 14 15 17 18 19 21 22 27 28 29 30 33 37 41 42 44 50 
+1458
3 4 5 10 11 12 14 23 24 25 26 27 29 30 33 35 37 38 42 43 46 47 49 
+1462
4 6 9 12 13 16 17 19 25 26 27 29 30 31 32 33 35 39 40 41 43 46 47 48 49 50 
+1466
1 4 6 8 10 13 15 18 19 21 22 23 24 28 29 30 31 35 38 40 43 44 45 48 50 
+1476
1 4 6 8 10 13 15 18 19 21 22 23 24 28 29 30 31 35 38 40 43 44 45 48 50 
+1479
2 5 7 8 9 10 11 13 15 20 22 24 25 26 29 31 32 33 34 35 36 38 39 40 45 47 50 
+1482
2 5 7 8 9 10 11 13 15 20 22 24 25 26 29 31 32 33 34 35 36 38 39 40 45 47 50 
+1483
4 6 9 12 13 16 17 19 25 26 27 29 30 31 32 33 35 40 41 43 46 47 48 49 50 
+1485
4 6 9 12 13 16 17 19 25 26 27 29 30 31 32 33 35 40 41 43 46 47 48 49 50 
+1486
1 3 7 9 13 14 21 23 27 31 32 33 34 35 36 37 40 50 
+1488
2 4 6 7 8 9 13 16 18 21 22 24 31 35 42 47 48 39 42 45 46 39 42 45 46 50 
+1493
2 5 7 8 9 10 11 13 15 20 22 23 24 25 26 29 31 32 33 34 35 36 38 39 40 45 50 
+1501
1 3 7 9 13 14 23 27 31 32 33 34 35 36 37 40 47 50 
+1511
3 4 5 10 11 12 13 14 23 24 25 26 27 29 30 33 35 38 42 43 46 47 49 
+1513
1 2 3 5 6 10 11 12 16 18 23 25 26 29 30 32 34 35 38 40 47 50 
+1520
2 5 7 8 9 10 11 13 15 20 22 23 24 25 26 29 31 32 33 34 35 36 38 39 40 45 50 
+1521
3 4 5 10 11 12 13 14 23 24 25 26 27 29 30 33 35 38 42 43 46 47 49 
+1522
2 4 6 7 8 9 13 16 18 19 21 22 24 31 35 42 47 48 39 42 45 46 39 42 45 46 50 
+1524
4 6 9 12 13 14 16 17 19 25 26 27 29 30 31 32 33 35 40 41 43 46 47 48 49 50 
+1525
2 4 6 7 8 9 13 16 18 19 21 22 24 31 35 42 47 48 39 42 45 46 39 42 45 46 50 
+1533
3 4 8 10 11 13 16 19 20 21 23 24 27 28 29 32 34 35 37 45 46 
+1534
3 4 5 10 11 12 13 14 18 23 24 25 26 27 29 30 33 35 38 42 43 46 49 
+1537
3 4 8 10 11 13 16 19 20 21 23 24 27 28 29 32 34 35 37 45 46 
+1541
1 4 6 8 10 13 15 18 19 21 23 24 28 29 30 31 35 38 40 43 44 45 48 50 
+1542
6 9 12 13 14 16 17 19 25 26 27 29 30 31 32 33 35 40 41 43 46 47 48 49 50 
+1544
2 3 6 7 11 14 15 17 19 22 27 28 35 38 39 40 41 46 49 50 
+1545
1 2 3 5 6 10 11 12 16 18 23 25 26 29 30 32 33 34 35 38 40 47 49 50 
+1549
1 3 7 9 13 14 23 27 31 32 33 34 35 36 37 40 47 50 
+1554
1 2 3 5 6 10 11 12 16 18 23 25 26 29 30 32 33 34 35 38 40 47 49 50 
+1556
2 3 6 7 11 14 15 17 19 22 27 28 35 38 39 40 41 46 49 50 
+1558
3 4 8 10 11 13 16 19 20 21 23 24 27 28 32 34 35 37 45 46 
+1559
5 8 14 15 17 18 19 21 22 27 28 29 30 33 36 37 38 41 42 44 50 
+1561
3 4 5 10 11 12 13 14 18 19 23 24 25 26 27 29 33 35 38 42 43 46 49 
+1564
3 4 5 10 11 12 13 14 18 19 23 24 25 26 27 29 33 35 38 42 43 46 49 
+1568
3 4 8 10 11 13 16 19 20 21 23 24 27 28 32 34 35 37 45 46 
+1569
1 4 6 8 9 10 13 15 18 19 21 23 24 28 29 30 31 35 38 40 43 44 45 48 50 
+1572
3 4 5 10 11 12 13 14 18 19 23 24 25 26 27 29 33 35 38 42 43 46 49 
+1578
6 12 13 14 16 17 19 25 26 27 29 30 31 32 33 35 40 41 43 46 47 48 49 50 
+1583
2 3 6 7 11 14 15 17 19 22 27 28 34 35 38 39 40 41 46 49 50 
+1589
1 2 3 5 6 10 11 12 16 18 23 25 26 29 30 32 33 34 35 38 40 47 49 50 
+1590
3 4 8 10 11 13 16 19 20 21 23 24 28 32 34 35 37 45 46 
+1591
1 2 3 5 6 10 11 12 16 18 23 25 26 29 30 32 33 34 35 38 40 47 49 50 
+1593
8 14 15 17 18 21 22 27 28 29 30 33 36 37 38 39 41 42 44 50 
+1597
1 3 7 9 10 13 14 23 27 31 32 33 34 35 36 37 40 47 50 
+1607
1 4 6 8 9 10 13 15 18 19 21 23 24 28 29 30 31 35 38 40 43 44 45 48 50 
+1608
3 4 5 10 11 12 13 14 18 19 23 24 25 26 27 29 31 33 35 38 42 43 46 49 
+1609
1 2 3 5 12 16 12 16 18 23 25 26 29 30 32 33 34 35 38 40 47 49 50 
+1610
3 4 8 10 11 13 16 19 20 21 23 24 28 32 34 35 37 45 46 
+1613
1 2 3 5 12 16 12 16 18 23 25 26 29 30 32 33 34 35 38 40 47 49 50 
+1614
1 2 3 5 12 16 12 16 18 23 25 26 29 30 32 33 34 35 38 40 47 49 50 
+1615
1 2 3 5 12 16 12 16 18 23 25 26 29 30 32 33 34 35 38 40 47 49 50 
+1616
1 4 6 8 9 10 13 15 18 19 21 23 24 28 29 30 31 35 38 40 43 44 45 48 50 
+1619
2 3 6 7 11 14 15 17 19 22 27 28 34 35 38 39 40 41 46 49 50 
+1625
6 7 12 13 14 16 17 19 25 26 27 29 30 31 32 33 35 38 40 41 43 46 47 48 49 50 
+1626
6 7 12 13 14 16 17 19 25 26 27 29 30 31 32 33 35 38 40 41 43 46 47 48 49 50 
+1628
1 3 7 9 10 13 14 23 27 31 32 33 34 35 36 37 40 47 50 
+1629
1 2 3 5 12 16 12 16 18 23 25 26 29 30 32 33 34 35 38 40 47 49 50 
+1635
1 4 6 8 9 10 15 18 19 21 23 24 28 29 30 31 35 38 40 43 44 45 48 50 
+1637
8 14 15 17 18 21 22 27 28 29 30 33 36 37 38 39 41 42 44 50 
+1638
2 4 6 7 8 9 13 16 18 19 21 22 31 33 42 47 48 39 42 45 46 39 42 45 46 50 
+1643
1 2 3 5 12 16 12 16 18 23 25 26 29 30 32 33 34 35 38 40 47 49 50 
+1645
2 5 7 8 9 10 11 13 15 20 22 23 24 26 29 30 32 33 34 35 36 38 39 40 45 
+1649
1 4 6 8 9 10 15 18 19 21 23 24 28 29 30 31 35 38 40 43 44 45 48 50 
+1651
1 3 7 9 10 13 14 21 23 27 31 33 34 35 36 37 40 47 50 
+1663
1 4 6 8 9 10 15 18 19 21 23 24 28 29 30 31 35 38 40 43 44 45 48 50 
+1666
2 4 6 7 8 9 13 16 17 18 21 22 31 33 42 47 48 39 42 45 46 39 42 45 46 50 
+1675
2 5 7 8 9 10 11 13 15 20 22 23 24 26 29 30 32 33 34 35 36 38 39 40 45 
+1677
1 2 3 5 12 16 12 16 23 25 26 29 30 32 33 34 35 38 40 47 49 50 
+1682
2 4 6 7 8 9 13 16 17 18 21 22 31 33 42 47 48 39 42 45 46 39 42 45 46 50 
+1683
8 14 15 17 18 22 27 28 29 30 33 36 37 38 39 41 42 44 50 
+1685
2 5 7 8 9 10 11 13 15 20 22 23 24 26 29 30 32 33 34 35 36 38 39 40 45 48 
+1688
2 3 4 5 9 10 11 12 13 14 19 23 24 25 26 27 29 30 31 33 35 38 41 42 43 46 49 
+1690
1 2 3 6 7 11 15 17 19 22 27 28 30 34 35 38 39 40 41 46 49 50 
+1693
8 14 15 17 18 22 27 28 29 30 32 33 36 37 38 39 41 42 44 50 
+1698
1 3 7 9 10 13 14 21 23 27 31 33 34 35 36 40 47 49 50 
+1700
8 14 15 17 22 27 28 29 30 32 33 36 37 38 39 41 42 44 50 
+1705
2 4 6 7 8 9 13 16 17 18 21 22 31 33 42 47 48 39 42 45 46 39 42 45 46 50 
+1708
1 2 3 5 12 16 12 16 23 25 26 29 30 32 33 34 35 38 40 49 50 
+1713
1 4 6 8 9 10 15 19 21 23 24 28 29 30 31 35 38 40 43 44 48 50 
+1717
2 3 4 5 9 10 11 12 13 14 19 21 24 25 26 27 29 30 31 33 35 38 41 42 43 46 
+1724
4 8 14 15 17 22 27 28 29 30 32 33 36 37 38 39 41 42 44 50 
+1725
1 4 6 8 9 10 15 19 21 23 24 28 29 30 31 35 38 40 43 44 48 50 
+1727
2 4 6 7 8 9 13 16 17 18 21 22 31 33 42 47 48 39 42 45 46 39 42 45 46 50 
+1728
1 2 3 6 7 11 15 17 19 22 27 28 30 34 35 38 39 40 41 46 49 50 
+1731
4 8 14 15 17 22 27 28 29 30 32 33 36 37 38 39 41 42 44 50 
+1736
1 3 7 9 10 13 14 21 23 27 31 33 34 35 36 40 47 49 50 
+1738
3 4 7 8 10 11 13 15 16 18 19 20 21 23 24 28 32 34 35 37 45 46 
+1743
2 5 8 9 10 11 13 15 20 22 23 24 26 29 32 33 34 35 36 38 39 40 45 48 
+1744
3 4 7 8 10 11 13 15 16 18 19 20 21 23 24 28 32 34 35 37 45 46 
+1745
2 5 8 9 10 11 13 15 20 22 23 24 26 29 32 33 34 35 36 38 39 40 45 48 
+1746
1 4 6 8 9 10 15 16 19 21 23 24 28 29 30 31 38 40 43 44 48 50 
+1747
1 3 7 9 10 13 14 21 23 27 31 33 34 35 36 40 47 48 49 50 
+1749
1 2 3 6 7 11 15 17 19 22 27 28 30 34 35 38 39 40 41 46 49 50 
+1753
6 7 12 13 14 17 19 25 26 27 28 29 30 31 32 35 38 40 41 43 46 47 48 49 50 
+1756
1 2 3 5 12 16 12 16 23 25 26 30 32 33 34 35 38 40 44 49 50 
+1759
6 7 12 13 14 17 19 25 26 27 28 29 30 31 32 35 38 40 41 43 46 47 48 49 50 
+1766
1 2 3 6 7 11 15 17 19 22 27 28 30 34 35 38 39 40 41 45 46 49 50 
+1767
1 4 6 8 9 10 15 16 19 21 23 24 28 29 30 31 38 40 43 44 48 50 
+1775
2 3 4 5 9 10 11 12 13 14 19 21 22 24 25 26 27 29 30 31 33 35 38 41 42 43 46 
+1776
2 3 4 5 9 10 11 12 13 14 19 21 22 24 25 26 27 29 30 31 33 35 38 41 42 43 46 
+1777
2 4 6 7 8 9 13 16 17 18 20 21 31 33 42 47 48 39 42 45 46 39 42 45 46 50 
+1778
2 3 4 5 9 10 11 12 13 14 19 21 22 24 25 26 27 29 30 31 33 35 38 41 42 43 46 
+1780
1 2 3 12 23 25 23 25 26 30 32 33 34 35 38 40 44 49 50 
+1783
3 4 5 7 8 10 11 13 15 16 18 19 20 21 23 24 28 32 34 35 37 45 46 
+1788
1 2 3 12 23 25 23 25 26 30 32 33 34 35 38 40 44 49 50 
+1790
3 6 7 9 10 13 21 23 27 31 33 34 35 36 40 47 48 49 50 
+1793
2 3 4 5 9 10 11 12 13 14 19 21 22 24 25 26 27 29 30 31 33 35 38 41 42 43 46 
+1797
3 4 5 7 8 10 11 13 15 16 18 19 20 21 23 24 28 32 34 35 37 45 46 47 
+1803
4 8 14 15 17 22 24 27 28 29 30 32 33 36 37 38 39 41 42 44 50 
+1806
1 2 3 12 23 25 23 25 26 30 32 33 34 35 38 40 44 49 50 
+1808
6 7 12 13 14 17 19 25 26 27 28 29 30 31 32 35 38 40 41 43 46 47 48 49 50 
+1809
3 6 7 9 10 13 21 23 27 31 33 34 35 36 37 40 47 48 49 50 
+1829
1 2 6 7 11 15 17 19 27 28 30 34 35 38 39 40 41 45 46 49 50 
+1830
1 2 3 12 23 25 23 25 26 30 32 33 34 35 38 40 44 49 50 
+1837
3 6 7 9 10 13 21 23 27 31 33 34 35 36 37 40 47 48 49 50 
+1839
1 2 6 7 11 15 17 19 27 28 30 34 35 38 39 40 41 45 46 49 50 
+1847
1 2 6 7 11 15 17 19 27 28 30 34 35 38 39 40 41 45 46 49 50 
+1850
2 3 4 5 9 10 11 12 13 14 19 21 22 23 24 25 26 27 29 30 31 33 35 38 42 43 46 
+1854
3 6 7 9 10 13 21 23 27 31 33 34 35 36 37 40 45 47 48 49 50 
+1856
1 6 8 9 10 15 16 19 21 23 24 28 29 30 31 37 38 40 43 44 48 
+1857
6 7 12 13 14 17 19 25 26 27 28 29 30 31 32 35 38 40 41 43 44 46 48 49 50 
+1859
1 6 8 9 10 15 16 19 21 23 24 28 29 30 31 37 38 40 43 44 48 
+1864
2 3 4 5 9 10 11 12 13 14 19 21 22 23 24 25 26 27 29 30 31 33 35 38 42 43 46 
+1865
2 4 6 7 8 9 11 13 16 17 18 20 21 31 33 41 42 47 48 39 42 45 46 39 42 45 46 50 
+1867
1 6 8 9 10 15 16 19 21 23 24 28 29 30 31 37 38 40 43 44 48 
+1869
2 5 6 8 9 10 11 13 15 22 26 29 32 33 34 35 36 38 39 40 41 45 48 
+1872
2 5 6 8 9 10 11 13 15 22 26 29 32 33 34 35 36 38 39 40 41 45 48 
+1878
2 5 6 8 9 10 11 13 15 22 26 29 32 33 34 35 36 38 39 40 41 45 48 
+1880
2 3 4 5 9 10 11 12 13 14 19 21 22 23 24 25 26 27 29 30 31 33 35 38 42 43 46 
+1882
3 6 7 10 13 21 23 27 31 33 34 35 36 37 40 47 48 49 50 
+1886
2 3 4 5 9 10 11 12 13 14 19 21 22 23 24 25 26 27 29 30 31 33 35 38 42 43 46 
+1887
2 5 6 8 9 10 11 13 15 17 22 26 29 32 33 34 35 36 38 39 40 41 45 48 
+1892
4 8 14 15 17 22 24 27 28 29 30 32 33 34 36 37 38 39 41 42 44 45 50 
+1893
6 7 12 13 14 17 19 23 25 26 27 28 29 30 31 32 35 38 40 41 43 44 46 48 49 50 
+1894
2 3 4 5 9 10 11 12 13 14 19 21 22 23 24 25 26 27 29 30 31 33 35 38 43 46 49 
+1912
4 6 7 8 9 11 13 15 16 17 18 20 21 31 33 42 47 48 39 42 45 46 39 42 45 46 50 
+1913
4 8 14 15 17 21 22 24 27 28 29 30 32 33 34 36 37 38 39 41 42 44 45 50 
+1915
3 6 7 8 10 13 21 23 27 29 31 33 34 35 36 37 40 47 48 49 50 
+1924
3 6 7 8 10 13 21 23 27 29 31 33 34 35 36 37 40 47 48 49 50 
+1926
6 7 13 14 17 19 23 25 26 27 28 29 30 31 32 38 40 41 43 44 46 48 49 50 
+1930
3 4 5 7 8 11 13 15 16 19 21 23 24 28 32 34 35 37 45 46 47 
+1937
4 6 7 8 9 11 13 15 16 17 18 20 21 31 33 42 47 48 39 42 45 46 39 42 45 46 50 
+1939
1 2 6 8 11 15 17 19 23 27 28 30 34 35 38 39 40 41 45 46 48 49 
+1940
6 7 13 14 17 19 23 25 26 27 28 29 30 31 32 38 40 41 43 44 46 48 49 50 
+1943
6 7 13 14 17 19 23 25 26 27 28 29 30 31 32 38 40 41 43 44 46 48 49 50 
+1945
4 6 7 8 9 11 13 15 16 17 18 20 21 31 33 42 47 48 39 42 45 46 39 42 45 46 50 
+1948
3 4 5 7 8 9 11 13 15 16 19 21 23 24 28 32 34 35 37 45 46 47 
+1949
1 2 5 6 8 11 15 17 19 23 27 28 30 34 35 38 39 40 41 45 46 48 49 
+1958
2 5 6 8 9 10 11 13 15 17 22 26 29 32 33 34 35 36 38 39 40 41 45 48 50 
+1960
1 2 5 6 8 11 15 17 19 23 27 28 30 34 35 38 39 40 41 45 46 48 49 
+1963
3 4 5 7 8 9 11 13 15 16 19 21 23 24 28 32 34 35 36 37 45 46 47 
+1964
3 4 5 7 8 9 11 13 15 16 19 21 23 24 28 32 34 35 36 37 45 46 47 
+1965
3 6 7 8 10 13 21 23 27 29 31 33 34 35 36 37 40 47 48 49 50 
+1971
6 7 13 14 17 19 23 25 26 27 28 29 30 31 32 38 40 41 43 44 46 48 49 50 
+1974
4 6 7 8 9 11 13 15 16 17 18 20 31 32 33 41 42 47 48 39 42 45 46 39 42 45 46 50 
+1976
4 8 14 17 21 22 24 27 28 29 30 32 33 34 36 37 38 39 41 42 45 50 
+1982
4 5 7 8 9 11 13 15 16 19 23 24 28 32 34 35 36 37 45 46 47 
+1984
6 7 13 14 17 19 22 23 25 26 27 28 29 30 31 32 38 40 41 43 44 46 48 49 50 
+1985
1 3 12 23 25 23 25 26 30 32 33 34 35 38 39 40 43 44 46 49 
+1990
1 2 5 6 8 11 15 17 19 23 27 28 30 34 35 38 39 40 41 45 46 48 49 
+1991
1 3 12 23 25 23 25 26 30 32 33 34 35 38 39 40 43 44 46 49 
+1993
6 7 13 14 17 19 22 23 25 26 27 28 29 30 31 32 38 40 41 43 44 46 48 49 50 
+1994
2 5 6 8 9 10 11 13 15 17 22 26 29 32 33 34 35 36 38 39 40 41 45 48 50 
+1997
1 3 12 23 25 23 25 26 30 32 33 34 35 38 39 40 43 44 46 49 
+1999
2 5 6 8 9 10 11 13 15 17 22 26 29 32 33 34 35 36 38 39 40 41 45 48 50 
+2003
4 6 7 8 9 11 12 13 15 16 17 18 20 25 31 32 33 41 42 47 48 39 42 45 46 39 42 45 46 50 
+2004
1 3 12 23 25 23 25 26 30 31 32 33 34 35 38 39 40 43 44 46 49 
+2006
6 7 13 14 17 19 22 23 25 26 27 28 29 30 31 32 38 40 41 43 44 46 48 49 50 
+2010
2 5 6 8 9 10 11 13 15 17 22 26 29 32 33 34 35 36 39 40 41 45 48 50 
+2012
1 3 12 23 25 23 25 26 30 31 32 33 34 35 38 39 40 43 44 46 49 
+2014
2 3 4 5 9 10 11 12 13 14 19 21 22 24 25 26 27 29 30 31 32 33 35 38 43 46 49 
+2015
4 5 7 8 9 11 13 15 16 19 23 24 28 32 34 35 36 37 46 47 
+2016
6 9 10 14 16 17 21 23 24 28 29 30 31 37 40 43 44 47 48 
+2018
4 6 7 8 9 11 12 13 15 16 17 18 20 25 31 32 33 41 42 47 48 39 42 45 46 39 42 45 46 50 
+2020
4 5 7 8 9 11 13 15 16 19 23 24 28 32 34 35 36 37 46 47 
+2021
3 6 7 8 10 13 21 23 27 29 31 33 34 35 36 37 40 47 48 49 50 
+2023
4 8 14 17 21 22 24 27 28 29 30 32 33 34 36 37 38 39 41 42 45 50 
+2025
6 9 10 11 14 16 17 21 23 24 28 29 30 31 37 40 43 44 47 48 
+2029
4 6 7 8 9 11 12 13 15 16 17 18 20 25 31 32 33 41 42 47 48 39 42 45 46 39 42 45 46 50 
+2030
6 9 10 11 14 16 17 21 23 24 28 29 30 31 37 40 43 44 47 48 
+2031
3 6 7 8 10 13 21 23 27 29 31 33 34 35 36 37 40 47 48 49 50 
+2036
1 3 12 23 25 23 25 26 30 31 32 33 34 35 38 39 40 43 44 46 49 
+2041
6 9 10 11 14 16 17 21 23 24 28 29 30 31 35 37 40 43 44 47 48 
+2043
6 7 13 14 17 19 22 23 25 26 27 28 29 30 31 32 38 40 41 43 44 46 48 49 50 
+2046
2 3 4 5 9 10 11 12 13 14 19 21 22 24 25 26 27 29 30 31 32 33 35 38 43 46 49 
+2048
1 3 12 23 25 23 25 26 30 31 32 33 34 35 38 39 40 43 44 46 49 
+2052
4 8 14 17 21 22 24 27 28 29 30 32 33 34 36 37 38 39 41 42 45 50 
+2054
6 9 10 11 14 16 17 21 23 24 28 29 30 31 35 37 40 43 47 48 
+2057
6 9 10 11 14 16 17 21 23 24 28 29 30 31 35 37 40 43 47 48 
+2058
2 3 4 5 9 10 11 12 13 15 19 21 22 24 25 26 27 29 30 31 32 33 35 38 43 46 49 
+2065
6 9 10 11 14 16 17 21 23 24 28 29 30 31 35 37 40 43 47 48 
+2068
6 7 13 14 17 19 22 23 25 26 27 28 29 30 31 32 38 40 41 43 44 46 48 49 50 
+2070
1 3 12 23 25 23 25 26 30 31 32 33 34 35 38 39 40 43 44 46 49 
+2074
2 5 6 8 9 11 13 15 17 21 22 26 29 32 33 34 35 36 39 40 41 45 48 50 
+2075
4 5 7 8 9 11 13 14 15 16 19 23 24 28 32 34 35 36 37 41 43 46 47 
+2079
2 3 4 5 9 10 11 12 13 15 19 21 22 24 25 26 27 29 30 31 32 33 35 38 43 46 49 
+2084
1 3 12 23 25 23 25 26 30 31 32 33 34 35 38 39 40 43 44 46 49 
+2087
6 7 13 14 17 19 22 23 25 26 27 28 29 30 31 32 38 40 41 43 44 46 48 49 50 
+2088
2 5 6 8 9 11 13 15 17 21 22 26 29 32 33 34 35 36 39 40 41 45 48 50 
+2089
6 7 13 14 17 19 22 23 25 26 27 28 29 30 31 32 38 40 41 43 44 46 48 49 50 
+2090
6 7 13 14 17 19 22 23 26 27 28 29 30 31 32 38 40 41 43 44 46 48 49 50 
+2094
6 9 10 11 14 16 17 21 23 24 28 29 30 35 37 40 43 47 48 
+2098
1 2 5 6 8 11 15 17 19 23 28 30 31 34 35 38 39 40 41 45 46 48 49 
+2104
4 5 7 8 9 11 13 15 16 19 23 24 28 32 34 35 36 37 41 43 46 47 
+2105
1 2 5 6 8 11 15 17 19 23 28 30 31 34 35 38 39 40 41 45 46 48 49 
+2110
2 3 4 5 9 10 11 12 13 15 19 21 22 24 25 26 27 29 30 31 32 33 35 38 43 46 49 
+2111
2 3 4 5 9 10 11 12 13 15 19 21 22 24 25 26 27 29 30 31 32 33 35 38 43 46 49 
+2114
6 9 10 11 14 16 17 21 23 24 28 29 30 35 37 40 43 47 48 
+2116
2 3 4 5 9 10 11 12 13 15 19 21 22 24 25 26 27 29 30 31 32 33 35 38 43 46 49 
+2118
3 4 8 14 17 21 22 24 27 29 30 32 33 34 36 37 38 39 41 42 45 50 
+2127
1 2 5 6 8 11 15 19 23 28 30 31 34 35 38 39 40 41 45 46 48 49 
+2136
4 6 7 8 9 11 12 15 16 18 20 25 31 32 33 38 41 42 45 47 48 39 42 45 46 39 42 45 46 50 
+2138
1 2 5 6 8 11 15 19 23 28 30 31 34 35 38 39 40 41 45 46 48 49 
+2140
2 5 6 8 9 11 13 15 17 21 22 26 29 32 33 34 35 36 37 39 40 41 45 48 50 
+2149
6 9 11 14 16 21 23 24 27 28 29 30 34 35 37 38 40 43 47 48 
+2152
6 7 13 14 17 19 22 23 26 27 28 29 30 31 32 33 38 40 41 43 44 46 48 49 50 
+2157
2 5 6 8 9 11 13 15 17 21 22 26 29 32 33 34 35 36 37 38 39 40 41 45 48 50 
+2166
2 5 6 8 9 11 13 15 17 21 22 26 29 32 33 34 35 36 37 38 39 40 41 45 48 50 
+2167
2 3 4 5 10 11 12 13 15 19 21 24 25 26 27 29 30 31 32 33 35 38 43 46 49 
+2168
1 2 5 6 8 11 15 19 23 28 30 31 34 35 36 38 39 40 41 45 46 48 49 
+2169
3 5 6 7 8 13 17 21 23 27 29 31 33 34 35 36 37 40 47 48 50 
+2175
2 3 4 5 10 11 12 13 15 19 21 24 25 26 27 30 31 32 33 35 38 43 46 49 
+2177
4 5 7 8 9 11 13 15 16 23 24 28 30 32 34 36 37 41 43 44 46 
+2179
1 10 11 12 23 26 30 31 32 33 34 35 38 39 40 43 44 46 49 
+2180
1 10 11 12 23 26 30 31 32 33 34 35 38 39 40 43 44 46 49 
+2181
3 4 8 11 14 17 21 22 24 27 29 30 32 33 34 36 37 38 39 41 42 43 45 50 
+2187
4 5 7 8 9 11 13 15 16 23 24 28 30 32 34 36 37 41 43 44 46 
+2189
1 10 11 12 23 26 30 31 32 33 34 35 38 39 40 43 44 46 49 
+2191
3 4 8 11 14 17 21 22 24 27 29 30 32 33 34 36 37 38 39 41 42 43 45 50 
+2198
2 5 6 8 9 11 13 15 17 21 22 26 29 32 33 34 35 36 37 39 40 45 48 50 
+2200
1 10 11 12 23 26 30 31 32 33 34 35 38 39 40 43 44 46 49 
+2202
2 3 4 5 10 11 12 13 15 19 21 24 25 26 27 30 31 32 33 35 38 43 46 49 
+2203
3 5 6 7 8 11 13 17 21 23 27 29 31 33 34 35 36 37 40 47 48 50 
+2204
3 5 6 7 8 11 13 17 23 27 29 31 33 34 35 36 37 40 47 48 50 
+2215
3 4 8 11 14 17 22 24 26 27 29 30 32 33 34 36 37 38 39 41 42 45 50 
+2218
6 7 13 14 17 19 22 23 26 27 28 29 30 31 32 33 38 40 41 43 44 46 48 49 50 
+2219
1 2 5 6 8 15 19 23 24 28 30 31 34 35 36 38 39 40 41 45 46 48 49 
+2220
6 9 11 14 16 21 23 24 28 29 30 34 35 38 40 43 47 48 
+2221
4 6 7 8 9 11 12 15 16 18 20 25 31 32 33 38 41 42 45 48 39 42 45 46 39 42 45 46 50 
+2225
3 5 6 7 8 11 13 17 23 27 29 31 33 34 35 36 37 40 47 48 50 
+2227
1 10 11 12 23 26 30 31 32 33 34 35 38 39 40 43 44 46 49 
+2231
2 5 6 8 9 11 13 15 17 21 22 26 29 32 33 34 35 36 37 39 40 45 48 49 50 
+2232
1 2 5 6 8 15 19 22 23 24 28 30 31 34 35 36 38 39 40 41 45 46 48 49 
+2237
2 5 6 8 9 11 13 15 17 21 22 26 29 32 33 34 35 36 37 39 40 45 48 49 50 
+2239
6 9 11 14 16 21 23 24 28 29 30 34 35 38 40 43 47 48 
+2242
1 10 11 12 23 26 30 31 32 33 34 35 38 39 40 43 44 46 49 
+2244
4 6 7 8 9 11 12 16 18 20 25 27 31 32 33 38 41 42 45 48 39 42 45 46 39 42 45 46 50 
+2252
1 5 8 15 19 22 23 24 28 30 31 34 35 36 38 39 40 41 45 46 48 49 
+2255
6 7 13 14 17 22 23 26 27 28 29 30 31 32 33 38 40 41 43 44 46 48 49 50 
+2261
3 4 8 11 14 17 22 23 24 25 26 27 29 30 32 33 34 36 37 39 41 42 45 50 
+2267
6 9 11 14 16 21 22 23 24 28 29 30 34 35 38 40 43 47 48 
+2269
3 5 6 7 8 11 13 17 23 25 27 29 31 33 34 35 36 37 40 47 48 50 
+2271
6 7 13 14 17 22 23 27 28 29 30 31 32 33 38 40 41 43 44 46 48 49 50 
+2274
2 5 6 8 9 11 13 15 17 21 22 26 29 32 33 34 35 36 37 39 40 45 48 49 50 
+2279
1 4 5 7 8 9 11 13 15 16 18 20 23 24 28 30 32 33 34 36 37 41 43 44 46 
+2285
3 5 6 7 8 11 13 17 23 25 27 29 31 33 34 35 36 37 40 47 48 50 
+2286
1 4 5 7 8 9 11 13 15 16 18 20 23 24 28 30 32 33 34 36 37 41 43 44 46 
+2287
1 8 13 15 19 20 22 23 24 28 30 31 34 35 36 38 39 40 41 45 46 48 49 
+2289
1 8 13 15 19 20 22 23 24 28 30 31 34 35 36 38 39 40 41 45 46 48 49 
+2291
2 4 5 10 11 12 13 15 21 24 25 26 27 29 30 31 32 33 35 38 43 49 
+2293
2 5 6 8 9 11 13 15 17 21 22 26 29 32 33 34 35 36 37 39 40 42 45 48 49 50 
+2296
6 9 11 14 16 21 22 23 24 28 29 30 34 35 38 40 43 47 48 
+2297
2 5 6 8 9 11 13 15 17 21 22 26 29 32 33 34 35 36 37 39 40 42 45 48 49 50 
+2300
6 7 13 14 17 22 23 27 28 29 30 32 33 38 40 41 43 44 46 48 49 50 
+2301
1 4 5 7 8 9 11 13 15 16 18 20 23 24 30 32 33 34 36 37 41 43 44 46 
+2302
6 7 13 14 17 22 23 27 28 29 30 32 33 38 40 41 43 44 48 49 50 
+2310
10 11 12 23 26 30 31 32 33 34 35 38 39 40 43 44 46 49 
+2319
10 11 12 23 26 30 31 32 33 34 35 38 39 40 43 44 46 49 
+2321
6 7 13 14 17 22 23 27 28 29 30 32 33 38 40 41 43 44 48 49 50 
+2326
2 4 5 10 11 12 13 15 16 21 24 25 26 27 29 30 32 33 35 38 43 
+2329
1 4 5 7 8 9 11 13 15 16 18 20 23 24 30 32 34 36 37 41 43 44 46 
+2333
2 4 5 10 11 12 13 15 16 21 24 25 26 27 29 30 32 33 35 38 43 
+2336
6 7 13 14 17 22 23 27 28 29 30 32 33 38 40 41 43 44 48 49 50 
+2344
1 8 13 15 19 20 22 23 24 28 30 31 34 35 36 38 39 40 41 45 46 48 49 
+2346
2 5 6 8 9 11 15 17 21 22 26 29 32 33 34 35 36 37 39 40 42 45 48 49 50 
+2353
2 5 6 8 9 11 15 17 21 22 26 29 32 33 34 35 36 37 39 40 42 45 48 49 50 
+2356
1 8 13 15 19 20 22 23 24 28 30 31 34 35 36 38 39 41 45 46 48 49 
+2358
10 11 12 16 23 26 30 31 32 33 34 35 38 39 40 43 44 46 49 
+2359
1 8 13 15 19 20 22 23 24 28 30 31 34 35 36 38 39 41 45 46 48 49 
+2363
1 4 6 7 8 9 11 12 16 18 20 25 27 29 30 31 32 33 38 41 42 45 48 39 42 45 46 39 42 45 46 
+2364
3 5 6 8 11 13 17 23 25 27 30 31 34 36 37 40 47 48 50 
+2368
6 9 14 15 16 21 22 23 24 28 29 30 34 35 38 40 43 44 47 49 
+2370
2 4 5 10 11 12 13 15 16 17 21 24 25 26 27 29 30 32 33 35 38 43 
+2376
2 5 6 8 9 11 15 17 21 22 26 29 32 33 34 35 36 37 39 40 42 45 48 49 50 
+2379
2 3 4 6 7 8 11 17 22 23 24 25 26 27 30 32 33 34 37 39 41 42 45 50 
+2380
6 9 14 15 16 21 22 23 24 28 29 30 34 35 38 40 43 44 47 49 
+2382
1 2 4 5 7 8 9 11 13 15 16 18 20 23 24 30 32 34 36 37 41 44 46 
+2397
3 5 6 8 11 13 17 23 25 27 30 31 34 36 37 40 47 48 50 
+2399
2 3 4 6 7 8 11 17 22 23 24 25 26 27 30 32 33 34 37 39 41 42 45 50 
+2402
2 4 5 10 11 12 13 15 16 17 21 22 24 25 26 27 29 30 32 33 35 38 43 
+2404
1 8 13 19 20 22 23 24 28 30 31 34 35 36 38 39 41 45 46 48 49 
+2406
6 9 14 15 16 21 22 23 24 28 29 30 34 35 38 40 43 44 47 
+2407
2 4 5 10 11 12 13 15 16 17 21 22 24 25 26 27 29 30 32 33 35 38 43 
+2408
2 5 6 8 9 11 15 17 21 22 29 32 33 34 35 36 37 39 40 48 49 50 
+2409
2 5 6 8 9 11 15 17 21 22 29 32 33 34 35 36 37 39 40 48 49 50 
+2411
3 5 6 8 11 13 17 23 25 27 30 31 34 36 37 40 47 48 50 
+2413
2 3 4 6 7 8 11 17 22 23 24 25 26 27 30 32 33 34 37 39 41 42 45 50 
+2415
1 4 6 7 8 9 11 12 16 18 20 25 27 29 30 31 32 33 38 41 42 45 48 39 42 45 46 39 42 45 46 
+2418
3 5 6 8 11 13 17 23 25 27 30 31 34 36 37 40 47 48 50 
+2421
1 10 11 12 16 20 23 26 30 31 32 33 34 35 38 39 40 43 44 46 49 50 
+2422
2 5 6 8 9 11 15 17 21 22 29 32 33 34 35 36 37 39 40 48 49 50 
+2423
4 6 7 13 14 17 22 23 27 28 29 30 32 33 38 39 40 41 43 44 48 49 50 
+2426
2 4 5 10 11 12 13 15 16 17 18 21 22 24 25 26 27 29 32 33 35 38 43 
+2427
2 4 5 10 11 12 13 15 16 17 18 21 22 24 25 26 27 29 32 33 35 38 43 
+2430
1 4 6 7 8 9 11 12 16 18 20 25 27 29 30 31 32 33 38 41 42 45 48 39 42 45 46 39 42 45 46 
+2433
1 10 11 12 16 20 22 23 26 30 31 32 33 34 35 38 39 40 43 44 46 49 50 
+2434
2 4 5 10 12 13 15 16 17 18 21 22 24 25 26 27 29 32 33 35 38 43 
+2436
1 4 6 7 8 9 11 12 16 18 20 25 27 29 30 31 32 33 38 41 42 45 48 39 42 45 46 39 42 45 46 
+2440
1 2 4 5 7 8 9 11 13 15 16 18 20 23 24 27 30 32 34 36 37 41 44 46 50 
+2444
1 10 11 12 16 20 22 23 26 30 31 32 33 34 35 38 39 40 43 44 46 49 50 
+2445
2 4 10 12 13 15 16 17 18 21 22 24 25 26 27 29 32 33 35 38 43 
+2446
4 6 7 13 14 17 22 23 27 28 29 30 32 33 38 39 40 41 43 44 48 49 50 
+2448
3 5 6 8 11 13 17 23 25 27 29 30 31 34 36 37 40 47 48 50 
+2449
1 8 13 19 20 22 24 28 30 31 34 35 36 38 39 41 45 46 48 49 
+2453
1 4 6 7 8 9 11 12 16 18 20 25 27 29 30 31 32 33 38 41 42 45 48 39 42 45 46 39 42 45 46 
+2455
1 10 11 12 16 20 22 23 26 30 31 32 33 34 35 38 39 40 43 44 46 49 50 
+2460
2 3 4 6 7 8 11 17 22 23 24 25 26 27 30 32 33 34 37 39 41 42 45 50 
+2461
2 5 6 8 9 11 15 17 21 22 27 29 32 33 34 35 36 37 39 40 48 49 50 
+2462
3 5 6 8 11 13 17 23 25 27 29 30 31 34 36 37 40 42 47 48 50 
+2463
3 5 6 8 11 13 17 23 25 27 29 30 31 34 36 37 40 42 47 48 50 
+2468
4 6 7 13 14 16 17 22 23 27 28 29 30 32 33 38 39 40 41 43 44 45 48 49 50 
+2470
2 4 10 13 15 16 17 18 21 22 24 25 26 27 29 32 33 35 38 43 
+2472
6 14 15 16 18 21 22 23 24 27 28 29 30 34 35 38 40 43 44 47 
+2475
1 8 13 19 20 22 24 28 30 31 34 35 36 38 39 41 45 46 48 49 
+2477
2 4 10 13 15 16 17 18 21 22 24 25 26 27 29 32 33 35 38 43 
+2480
1 4 6 7 9 11 12 16 18 20 25 27 29 30 31 32 33 41 42 45 48 39 42 45 46 39 42 45 46 
+2481
2 3 4 6 7 8 11 17 22 23 24 25 26 27 30 32 33 34 37 39 41 42 45 50 
+2483
1 2 4 5 7 8 9 11 13 15 16 18 20 23 24 27 30 32 34 36 37 41 44 46 50 
+2485
4 6 7 13 14 16 17 22 23 27 28 29 30 32 33 38 39 40 41 43 44 45 48 49 50 
+2487
1 2 4 5 7 8 9 11 13 15 16 18 20 23 24 27 30 32 34 36 37 41 44 46 50 
+2491
1 8 13 19 20 22 24 28 30 31 34 35 36 38 39 41 45 46 48 49 
+2492
1 2 4 5 7 8 9 11 13 15 16 18 20 23 24 27 30 32 34 36 37 41 44 46 50 
+2493
4 6 7 13 14 16 17 22 23 27 28 29 30 32 33 38 39 40 41 43 44 45 48 49 50 
+2494
3 5 6 8 11 13 17 23 25 27 29 30 31 34 36 37 40 42 47 48 50 
+2495
2 5 6 8 9 15 16 17 21 22 27 29 32 33 34 35 36 37 39 40 48 49 50 
+2496
6 14 15 16 18 21 22 23 24 27 28 29 30 34 35 38 40 43 44 47 
+2498
6 14 15 16 18 21 22 23 24 27 28 29 30 34 35 38 43 44 47 
+2500
3 5 6 8 11 13 17 23 25 27 29 30 31 34 36 37 40 42 47 48 50 
+2502
2 3 4 6 7 8 11 17 22 23 25 26 27 30 32 33 34 37 39 41 42 45 50 
+2511
2 4 10 13 15 16 17 18 21 22 24 25 26 27 29 30 32 33 35 38 43 49 
+2512
1 10 11 12 16 20 22 23 26 30 31 32 33 34 35 38 39 40 43 44 46 49 50 
+2517
1 2 4 5 8 9 11 13 15 16 18 20 23 24 27 30 32 34 36 37 41 44 46 50 
+2518
1 2 4 5 8 9 11 13 15 16 18 20 23 24 27 30 32 34 36 37 41 44 46 50 
+2519
1 2 4 5 8 9 11 13 15 16 18 20 23 24 27 30 32 34 36 37 41 44 46 50 
+2521
4 6 7 13 14 16 17 22 23 27 28 29 30 32 33 38 39 40 41 43 44 45 48 49 50 
+2530
2 3 4 6 7 8 11 17 22 23 25 26 27 30 32 33 34 37 39 41 42 45 50 
+2537
1 8 13 14 19 20 22 24 28 30 31 34 35 36 38 39 41 45 46 48 49 
+2539
2 3 4 6 7 8 11 17 22 23 25 26 27 30 32 33 34 37 39 41 42 45 50 
+2545
1 4 5 8 9 11 13 15 16 18 20 23 24 27 30 32 34 36 37 41 44 46 50 
+2546
6 14 15 16 21 22 23 24 27 28 29 30 34 35 38 43 44 47 
+2547
6 14 15 16 21 22 23 24 27 28 29 30 34 35 38 43 44 47 
+2550
1 4 5 8 9 11 13 15 16 18 20 23 24 27 30 32 34 36 37 41 44 46 50 
+2557
1 4 5 8 9 11 13 15 16 18 20 23 24 27 30 32 34 36 37 41 44 46 50 
+2559
2 4 8 10 13 15 16 17 18 21 22 24 25 26 27 29 30 32 33 35 38 43 44 48 49 
+2560
1 4 5 8 9 11 13 15 16 18 20 23 24 27 30 32 34 36 37 41 44 46 50 
+2562
6 14 15 16 21 22 23 24 27 28 29 30 34 35 38 43 44 47 
+2565
2 3 4 6 7 8 11 17 21 22 25 26 27 30 32 33 34 37 39 41 42 45 50 
+2569
1 8 13 14 19 20 22 24 28 30 31 34 35 36 38 39 41 45 46 48 49 
+2570
10 11 12 16 20 22 23 26 30 31 32 33 34 35 38 39 40 43 44 46 49 50 
+2571
4 6 7 13 14 16 17 22 23 27 28 29 30 32 33 38 39 40 41 43 44 45 48 49 50 
+2574
1 8 13 14 19 20 22 24 28 30 31 34 35 36 38 39 41 45 46 48 49 
+2575
1 4 5 8 9 10 11 13 15 18 20 23 24 27 30 32 34 36 37 41 44 46 50 
+2588
1 4 5 8 9 10 11 13 15 18 20 23 24 27 30 32 34 36 37 41 44 46 50 
+2592
3 5 8 11 13 17 23 25 29 30 31 34 36 37 40 42 47 48 50 
+2598
10 11 12 16 20 21 23 26 28 30 31 32 33 34 35 38 39 40 43 44 46 49 50 
+2603
10 11 12 16 20 21 23 26 28 30 31 32 33 34 35 38 39 40 43 44 46 49 50 
+2605
2 5 6 8 13 15 17 19 21 22 23 32 33 34 35 36 37 39 40 46 48 49 50 
+2607
1 4 5 8 9 10 11 13 15 18 20 23 24 27 30 32 34 36 37 41 44 46 47 50 
+2610
4 6 7 12 13 14 16 17 22 23 27 28 29 30 32 33 38 39 40 41 43 44 45 48 49 50 
+2614
3 5 8 11 13 17 23 25 29 30 31 34 36 37 40 41 42 47 48 50 
+2616
1 7 8 13 14 19 20 22 24 28 30 31 34 35 36 38 39 41 45 46 48 49 
+2617
1 4 7 9 11 16 18 19 20 25 27 29 30 32 33 41 42 45 48 39 42 45 46 50 39 42 45 46 50 
+2619
6 14 15 16 21 22 23 24 27 28 29 30 34 35 38 43 44 47 
+2621
3 5 8 11 13 17 23 25 29 30 31 34 36 37 40 41 42 47 48 50 
+2622
6 14 15 16 21 22 23 24 27 28 29 30 34 35 38 43 44 47 
+2627
2 3 4 6 7 8 11 17 21 22 25 26 27 30 32 33 34 37 39 41 42 45 50 
+2628
3 5 8 11 13 17 23 25 29 30 31 34 36 37 40 41 42 47 48 50 
+2630
3 5 8 11 13 17 23 25 29 30 31 34 36 37 40 41 42 47 48 50 
+2637
4 6 7 12 13 14 16 17 22 23 27 28 29 30 32 33 38 39 40 41 43 44 45 48 49 50 
+2641
2 4 8 10 13 16 17 18 19 21 22 24 25 26 27 29 30 32 33 37 38 43 48 49 
+2642
4 6 7 12 13 14 16 17 22 23 27 28 29 30 32 33 38 39 40 41 43 44 45 48 49 50 
+2646
1 4 5 8 9 10 11 13 15 18 20 23 24 27 28 30 32 34 36 37 41 44 46 47 50 
+2649
2 5 6 8 12 13 15 17 19 21 22 23 32 33 35 36 37 39 40 42 46 48 49 50 
+2652
1 4 7 8 13 14 19 20 22 24 30 31 34 35 36 38 39 41 45 46 48 49 
+2653
2 4 8 10 13 16 17 18 19 21 22 24 25 26 27 29 30 32 33 37 38 43 48 49 
+2658
2 5 6 8 12 13 15 17 19 21 22 23 32 33 35 36 37 39 40 42 46 48 49 50 
+2663
2 5 6 8 12 13 15 17 19 21 22 23 32 33 35 36 37 39 40 42 46 48 49 50 
+2664
2 3 6 7 8 11 14 17 21 22 25 26 27 30 32 33 34 37 39 41 42 45 50 
+2665
3 5 8 11 13 17 23 25 29 30 31 34 36 37 40 41 42 47 48 50 
+2674
10 11 12 20 21 23 26 28 30 31 32 33 34 35 38 39 40 43 44 46 49 50 
+2676
1 4 7 8 13 14 19 20 22 24 30 31 34 35 36 38 39 41 45 46 48 49 
+2678
1 4 7 9 10 11 16 18 19 20 21 25 27 29 30 32 33 41 42 45 48 39 42 45 46 50 39 42 45 46 50 
+2679
1 4 7 9 10 11 16 18 19 20 21 25 27 29 30 32 33 41 42 45 48 39 42 45 46 50 39 42 45 46 50 
+2684
2 5 6 8 12 13 15 17 19 21 22 23 32 33 35 37 39 40 42 46 48 49 50 
+2687
1 4 7 8 13 14 19 20 22 24 31 34 35 36 38 39 41 45 46 48 49 
+2689
3 5 8 11 13 17 23 25 29 30 31 34 36 37 40 41 42 47 48 50 
+2694
2 5 6 8 12 13 15 17 19 21 22 23 30 32 33 35 39 40 42 46 48 49 50 
+2698
2 3 6 7 11 14 17 21 22 25 26 27 30 32 33 34 37 39 41 42 45 50 
+2700
10 11 12 20 21 23 26 28 30 31 32 33 34 35 38 39 40 43 44 46 49 50 
+2703
10 11 12 20 21 23 26 28 30 31 32 33 34 35 38 39 40 43 44 46 49 50 
+2705
2 3 6 7 11 14 17 21 22 25 26 27 30 32 33 34 37 39 41 42 45 50 
+2706
2 3 6 7 11 14 17 21 22 25 26 27 30 32 33 34 37 39 41 42 45 50 
+2707
2 5 6 8 12 13 15 17 19 21 22 30 32 33 35 39 40 42 46 48 49 50 
+2708
3 5 8 11 13 17 23 25 29 30 31 34 36 37 40 41 42 47 48 50 
+2710
2 3 6 7 11 14 17 21 22 25 26 27 30 32 33 34 37 39 41 42 45 50 
+2711
6 14 15 16 19 21 22 23 24 27 28 29 30 34 35 38 43 44 47 
+2712
2 3 6 7 11 14 17 21 22 25 26 27 30 32 33 34 37 39 41 42 45 50 
+2714
2 3 6 7 11 14 17 21 22 25 26 27 30 32 33 34 37 39 41 42 45 50 
+2715
10 11 12 20 21 23 26 28 30 31 32 33 34 35 38 39 40 43 44 46 49 50 
+2716
2 5 6 8 12 13 15 17 19 21 22 30 32 33 35 39 40 42 46 48 49 
+2720
3 5 8 11 13 17 23 25 29 30 31 34 36 37 40 41 42 47 48 50 
+2723
1 4 7 9 10 11 16 18 19 20 21 25 27 28 29 30 32 33 41 42 45 48 39 42 45 46 50 39 42 45 46 50 
+2724
4 5 6 7 12 13 14 16 17 22 23 27 28 30 32 33 38 39 40 41 43 44 45 48 49 50 
+2725
6 14 15 16 19 21 22 23 24 27 28 29 30 34 35 38 43 44 
+2729
2 4 5 8 10 16 17 18 19 21 22 24 25 26 27 29 30 32 33 36 37 38 43 49 
+2730
1 4 7 9 10 11 16 18 19 20 21 25 27 28 29 30 32 33 41 42 45 48 39 42 45 46 50 39 42 45 46 50 
+2731
2 4 5 8 10 16 17 18 19 21 22 24 25 26 27 29 30 32 33 36 37 38 43 49 
+2734
6 14 15 16 19 21 22 23 24 27 28 29 30 34 35 38 43 44 
+2735
1 4 6 8 9 10 11 13 15 18 20 23 27 28 30 34 36 37 44 46 47 50 
+2738
4 5 6 7 12 13 14 16 17 22 23 27 28 30 32 33 36 38 39 40 41 43 44 45 48 49 50 
+2740
10 11 12 20 21 23 26 28 30 31 32 33 34 35 38 39 40 43 44 46 49 50 
+2741
2 3 6 7 11 12 14 17 21 22 25 26 27 28 30 32 33 34 37 39 41 42 43 45 50 
+2744
2 4 5 8 10 16 17 18 19 21 22 23 24 25 26 27 29 30 32 33 36 37 38 43 49 
+2746
3 5 8 11 13 17 23 25 29 30 31 34 36 37 40 41 42 47 48 50 
+2748
3 5 8 11 13 17 23 25 29 30 31 34 36 37 40 41 42 47 48 50 
+2749
1 6 14 15 16 19 21 22 23 24 27 28 29 30 34 35 38 43 44 
+2750
4 5 6 7 12 13 14 16 17 22 23 27 28 30 32 33 36 38 39 40 41 43 44 45 48 49 50 
+2752
2 3 6 7 11 12 14 17 21 22 25 26 27 28 30 32 33 34 37 39 41 42 43 45 50 
+2753
1 4 7 9 10 11 16 18 19 20 21 25 27 28 29 30 32 33 41 42 45 48 39 42 45 46 50 39 42 45 46 50 
+2759
3 5 8 11 13 17 23 25 29 30 31 34 36 37 40 41 42 47 48 50 
+2760
2 5 6 8 12 13 15 17 19 21 22 30 32 33 35 39 40 42 46 48 49 
+2763
1 6 14 15 16 19 21 22 23 24 27 28 29 30 34 35 38 43 44 
+2765
1 2 6 14 15 16 19 21 22 23 24 27 28 29 30 34 35 38 43 44 
+2773
1 2 4 6 8 9 10 11 13 15 16 18 20 23 27 28 30 34 36 37 44 46 47 50 
+2774
2 4 5 8 10 16 17 18 19 21 22 24 25 26 27 29 30 32 33 36 37 38 49 
+2776
1 4 9 10 11 15 16 18 19 20 21 25 27 28 29 30 32 33 41 42 45 48 39 42 45 46 50 39 42 45 46 50 
+2778
4 5 6 7 12 13 14 16 17 22 23 27 28 30 32 33 36 38 39 40 41 44 45 48 49 50 
+2779
2 5 6 8 12 13 15 17 19 21 22 30 32 33 35 39 40 42 46 48 49 
+2785
1 4 9 10 11 15 16 18 19 20 21 25 27 28 29 30 32 33 41 42 45 48 39 42 45 46 50 39 42 45 46 50 
+2786
2 5 6 8 12 13 15 17 19 21 22 30 32 33 35 39 40 42 46 48 49 
+2787
1 4 5 7 8 13 14 19 20 22 23 24 31 34 35 36 38 39 41 45 46 48 49 
+2793
1 9 10 11 15 16 18 19 20 21 25 27 28 29 30 32 33 41 42 45 48 39 42 45 46 50 39 42 45 46 50 
+2802
2 4 5 8 10 16 17 18 19 21 22 24 25 26 27 29 30 32 33 36 37 38 49 
+2805
4 5 6 7 12 13 14 16 17 22 23 27 28 30 32 33 36 38 39 40 41 44 45 48 49 50 
+2806
1 2 6 14 15 16 19 21 22 23 24 27 28 29 30 31 34 35 38 43 44 
+2810
2 4 5 8 10 16 17 18 19 21 22 24 25 26 27 29 30 32 33 36 37 38 49 
+2813
2 5 6 8 9 12 13 15 17 19 21 22 30 32 33 35 39 40 42 46 48 
+2817
10 11 12 20 21 23 26 28 30 31 32 33 34 35 38 39 40 43 44 46 49 50 
+2818
2 6 7 11 12 14 17 21 22 25 26 27 28 30 32 33 34 36 37 39 41 42 43 45 46 50 
+2820
1 9 10 11 15 16 17 18 19 20 21 25 27 28 29 30 32 33 41 42 45 48 39 42 45 46 50 39 42 45 46 50 
+2822
3 5 8 11 13 17 23 25 29 30 31 34 36 37 40 41 42 47 48 50 
+2823
1 9 10 11 15 16 17 18 19 20 21 25 27 28 29 30 32 33 41 42 45 48 39 42 45 46 50 39 42 45 46 50 
+2824
10 11 12 20 21 23 26 28 30 31 32 33 34 35 38 39 40 43 44 46 49 50 
+2826
10 11 12 20 21 23 26 28 30 31 32 33 34 35 38 39 40 43 44 46 49 50 
+2827
1 4 5 7 8 13 14 19 20 22 23 24 31 34 35 36 38 39 41 45 46 48 49 
+2830
2 4 5 8 10 16 17 18 19 21 22 24 25 26 27 29 30 32 33 36 37 38 49 
+2833
2 3 4 5 8 10 16 17 18 19 21 22 24 25 26 27 29 30 32 33 36 37 38 49 
+2839
2 3 4 5 8 10 16 17 18 19 21 22 24 25 26 27 29 30 32 33 36 37 38 49 
+2843
1 2 6 14 15 16 19 22 23 24 27 28 29 30 31 34 35 38 43 44 
+2844
1 2 6 14 15 16 19 22 23 24 27 28 29 30 31 34 35 38 43 44 
+2846
10 11 12 15 20 21 23 26 28 30 31 32 33 34 35 38 39 40 43 44 46 49 50 
+2849
2 6 7 11 12 14 17 21 22 25 26 27 28 30 32 33 34 36 37 39 41 42 43 45 46 50 
+2850
10 11 12 15 20 21 23 26 28 30 31 32 33 34 35 38 39 40 43 44 46 49 50 
+2854
3 5 8 11 13 17 23 25 27 29 30 31 34 36 37 39 40 41 42 47 48 50 
+2855
3 5 8 11 13 17 23 25 27 29 30 31 34 36 37 39 40 41 42 47 48 50 
+2857
2 6 7 11 12 14 17 21 22 23 25 26 27 28 30 32 33 34 36 37 39 41 42 43 45 46 50 
+2861
1 4 5 7 8 13 14 18 19 20 22 23 24 30 31 34 35 36 37 38 39 41 45 46 48 49 
+2865
2 3 4 5 8 10 16 17 18 19 21 22 24 25 26 27 29 30 32 33 36 37 38 49 
+2867
2 6 7 11 12 14 17 21 22 23 25 26 27 28 30 32 33 34 36 37 39 41 42 43 45 46 50 
+2868
2 6 7 11 12 14 17 22 23 25 26 27 28 30 32 33 34 36 37 39 41 42 43 45 46 50 
+2871
1 4 5 7 8 13 14 18 19 20 22 23 24 30 31 34 35 36 37 38 39 41 45 46 48 49 
+2876
1 2 4 6 8 10 11 13 15 16 17 18 20 23 28 30 34 36 37 44 46 47 50 
+2877
1 9 10 11 15 17 18 19 20 21 25 27 28 29 30 32 33 41 42 45 48 39 42 45 46 50 39 42 45 46 50 
+2879
2 6 7 11 12 14 17 22 23 25 26 27 28 30 32 33 34 36 37 39 41 42 43 45 46 50 
+2881
4 6 7 12 13 14 16 17 18 22 23 27 28 30 32 33 36 38 39 40 41 44 45 48 49 50 
+2882
3 5 8 11 13 17 23 25 27 29 30 31 34 36 37 39 40 41 42 47 48 50 
+2886
1 9 10 11 15 17 18 19 20 21 25 27 28 29 30 32 33 41 42 45 48 39 42 45 46 50 39 42 45 46 50 
+2889
1 4 5 7 8 13 14 18 19 20 22 23 24 30 31 34 35 36 37 38 39 41 45 46 48 49 
+2890
4 6 7 12 13 14 16 17 18 22 23 27 28 30 32 33 36 38 39 40 41 44 45 48 49 50 
+2892
2 5 6 8 9 12 13 15 17 19 30 32 33 34 35 39 40 42 46 48 
+2896
1 9 10 11 15 17 18 19 20 21 25 27 28 29 30 32 33 41 42 45 47 48 39 42 45 46 50 39 42 45 46 50 
+2899
1 4 5 7 8 13 14 18 19 20 22 23 24 30 31 34 35 36 37 38 39 41 45 46 48 49 
+2900
1 2 6 7 11 12 14 17 22 23 25 26 27 28 30 32 33 34 36 37 39 41 42 43 45 46 50 
+2902
10 11 12 20 21 23 26 28 30 31 32 33 34 35 38 39 40 43 44 46 49 50 
+2905
3 5 8 11 13 17 23 25 27 29 30 31 34 36 37 39 40 41 42 47 48 50 
+2909
2 6 14 15 16 19 22 23 24 26 27 28 29 30 31 35 38 43 44 
+2910
1 9 10 11 15 17 18 19 20 21 25 27 28 29 30 32 33 41 42 45 47 48 39 42 45 46 50 39 42 45 46 50 
+2911
1 2 6 7 11 12 14 17 22 23 25 26 27 28 30 32 33 34 36 37 39 41 42 43 45 46 50 
+2912
1 2 6 7 11 12 14 17 22 23 25 26 27 28 30 32 33 34 36 37 39 41 42 43 45 46 50 
+2913
1 9 10 11 15 17 18 19 20 21 25 27 28 29 30 32 33 41 42 45 47 48 39 42 45 46 50 39 42 45 46 50 
+2914
1 9 10 11 15 17 18 19 20 21 25 27 28 29 30 32 33 41 42 45 47 48 39 42 45 46 50 39 42 45 46 50 
+2917
1 9 10 11 15 17 18 19 20 21 25 27 28 29 30 32 33 41 42 44 45 47 48 39 42 45 46 50 39 42 45 46 50 
+2921
1 2 4 6 8 10 11 13 15 16 17 18 20 23 28 30 34 36 37 44 46 47 50 
+2924
2 6 14 15 16 19 22 23 24 26 27 28 29 30 31 35 38 43 44 
+2926
1 2 4 6 8 10 11 13 15 16 17 18 20 23 28 30 34 36 37 44 46 47 50 
+2932
1 2 6 7 11 12 14 17 22 23 25 26 27 28 30 32 33 34 36 37 39 41 42 43 45 46 50 
+2935
1 2 4 6 8 10 11 13 15 16 17 18 20 23 28 30 34 36 37 44 46 47 50 
+2943
1 2 4 6 8 10 11 13 16 17 18 20 23 28 30 34 36 37 44 46 47 50 
+2946
2 6 14 15 16 19 22 23 24 26 27 28 29 30 31 35 38 43 44 
+2947
3 5 8 11 13 17 23 25 27 29 30 31 33 34 36 37 39 40 41 42 47 48 50 
+2949
2 5 6 8 9 12 13 15 17 19 30 31 32 33 34 35 39 40 42 46 48 
+2950
1 2 4 6 8 10 11 13 16 17 18 20 23 28 30 34 36 37 44 46 47 50 
+2951
2 5 6 8 9 12 13 15 17 19 30 31 32 33 34 35 39 40 42 46 48 
+2952
1 9 10 11 15 17 18 19 20 21 25 27 28 29 30 32 33 41 42 44 45 47 48 39 42 45 46 50 39 42 45 46 50 
+2953
1 9 10 11 15 17 18 19 20 21 25 27 28 29 30 32 33 41 42 44 45 47 48 39 42 45 46 50 39 42 45 46 50 
+2958
3 5 8 11 13 17 23 25 27 29 30 31 33 34 36 37 39 40 41 42 47 48 50 
+2964
3 5 8 11 13 17 23 25 27 29 30 31 33 34 36 37 39 40 41 42 47 48 50 
+2966
3 5 8 11 13 17 23 25 27 29 30 31 33 34 36 37 39 40 41 42 47 48 50 
+2968
1 3 4 5 7 8 13 14 18 19 20 22 23 24 30 31 34 35 36 38 39 41 45 46 48 49 
+2972
10 11 12 20 21 23 26 28 30 31 32 33 34 35 38 39 40 43 44 46 49 50 
+2977
10 11 12 20 21 23 26 28 30 31 32 33 34 35 38 39 40 43 44 46 49 50 
+2979
1 9 10 11 15 17 18 19 21 25 27 28 29 30 32 33 41 42 44 45 47 48 39 42 45 46 50 39 42 45 46 50 
+2980
2 6 7 14 15 16 19 22 23 24 26 27 28 29 30 31 38 43 44 
+2997
1 2 4 6 8 10 11 13 16 17 18 20 23 28 30 34 36 37 44 46 47 50 
+3000
1 2 6 7 11 12 14 17 22 23 25 26 27 28 30 32 33 34 36 37 39 41 42 43 45 46 50 
+3007
1 9 10 11 15 17 19 21 25 28 29 30 32 33 41 42 44 45 47 48 39 42 45 46 50 39 42 45 46 50 
+3008
1 3 10 11 12 20 21 23 26 28 30 31 32 33 34 38 39 40 42 43 44 46 49 50 
+3021
3 4 5 8 10 11 13 17 18 19 21 22 25 26 27 29 30 33 36 37 38 49 
+3023
1 9 10 11 15 17 19 25 28 29 30 32 33 41 42 44 45 47 48 39 42 45 46 50 39 42 45 46 50 
+3024
1 2 6 7 11 12 14 17 22 23 25 26 27 28 30 32 33 36 37 39 41 42 43 45 46 50 
+3027
1 2 4 6 8 10 11 13 16 17 18 20 23 28 30 34 36 37 44 46 47 50 
+3029
1 3 10 11 12 20 21 23 26 28 30 31 32 33 34 38 39 40 42 43 44 46 49 50 
+3030
3 4 5 8 10 11 13 17 18 19 21 22 25 26 27 29 30 33 36 37 38 49 
+3034
2 3 5 6 8 9 12 13 15 17 19 30 31 32 33 34 35 39 40 42 45 46 48 
+3035
3 4 6 12 13 14 16 17 18 23 26 27 28 31 32 33 36 38 39 40 41 44 45 48 49 
+3040
1 3 10 11 12 20 21 23 26 28 30 31 32 33 34 38 39 40 42 43 44 46 49 50 
+3045
3 4 6 12 13 14 16 17 18 23 26 27 28 31 33 36 38 39 40 41 44 45 48 49 
+3050
1 3 4 5 7 8 11 13 16 18 19 20 22 23 24 25 30 31 32 34 35 38 39 41 45 46 48 49 
+3053
3 4 6 12 13 14 16 17 18 23 26 27 28 31 33 36 38 39 40 41 44 45 48 49 
+3055
2 3 5 6 8 9 12 13 15 17 19 23 30 31 32 33 34 35 39 40 42 45 46 48 
+3056
1 3 4 5 7 8 11 13 16 18 19 20 22 23 24 25 30 31 32 34 35 38 39 41 45 46 48 49 
+3058
3 4 5 8 10 13 17 18 19 21 22 25 26 27 29 30 33 36 37 38 49 
+3059
3 4 5 8 10 13 17 18 19 21 22 25 26 27 29 30 33 36 37 38 49 
+3061
1 2 4 5 6 8 10 11 13 16 17 18 20 23 28 30 34 36 37 44 46 47 50 
+3065
1 3 4 5 7 8 11 13 16 18 19 20 22 23 24 25 30 31 32 34 35 38 39 41 45 48 49 
+3070
1 9 10 11 15 17 19 25 28 29 30 32 33 41 42 44 45 47 48 39 42 45 46 50 39 42 45 46 50 
+3072
1 2 4 5 6 8 10 11 13 16 17 18 20 23 28 30 34 36 37 39 44 46 47 50 
+3076
1 2 4 5 6 8 10 11 13 16 17 18 20 23 28 30 34 36 37 39 44 46 47 50 
+3079
1 9 10 11 15 17 19 25 28 29 30 32 33 41 42 44 45 47 48 39 42 45 46 50 39 42 45 46 50 
+3081
1 2 4 5 6 8 10 11 13 16 17 18 20 28 30 34 36 37 39 44 46 47 50 
+3083
1 2 4 5 6 8 10 11 13 16 17 18 20 28 30 34 36 37 39 44 46 47 50 
+3085
3 4 6 12 13 14 16 17 18 23 26 27 28 31 33 36 38 39 41 44 45 48 49 
+3086
1 2 4 5 6 8 10 11 13 16 17 18 20 28 30 34 36 37 39 44 46 47 50 
+3092
3 4 6 10 12 13 14 16 17 18 23 26 27 28 31 33 36 38 39 41 44 45 48 49 
+3093
1 2 4 5 6 8 10 11 13 16 17 18 20 28 30 34 36 37 39 44 46 47 50 
+3095
1 2 6 7 11 12 14 16 17 20 22 23 25 26 27 28 29 32 33 36 37 39 41 42 43 45 46 50 
+3097
1 2 6 7 11 12 14 16 17 20 22 23 25 26 27 28 29 32 33 36 37 39 41 42 43 45 46 50 
+3098
2 4 6 7 14 15 16 17 19 22 23 24 26 27 28 29 30 31 38 43 
+3102
1 2 4 5 6 8 10 11 13 16 17 18 20 28 30 34 36 37 39 44 46 47 50 
+3103
3 4 5 8 10 13 17 18 19 21 22 25 26 27 29 30 33 36 37 38 49 
+3108
2 4 6 7 14 15 16 17 19 22 23 24 26 27 28 29 30 31 38 43 
+3109
3 4 5 8 10 13 17 18 19 21 22 25 26 27 29 30 33 36 37 38 49 
+3113
1 2 6 7 11 12 14 16 17 20 22 23 25 26 27 28 29 32 33 36 37 39 41 42 43 45 46 50 
+3115
3 5 8 11 12 13 14 16 17 23 25 27 28 29 30 31 33 34 36 37 39 40 41 42 47 48 50 
+3116
3 4 6 10 12 13 14 16 17 18 23 26 27 28 31 33 36 38 39 40 41 44 45 46 48 49 
+3117
1 3 12 18 20 12 18 20 21 23 26 28 30 31 32 33 34 38 39 40 42 43 44 46 49 50 
+3121
1 2 4 5 6 8 10 11 13 16 17 18 20 28 30 34 36 37 39 44 46 47 50 
+3125
1 3 4 5 7 8 11 13 16 18 19 20 22 23 24 25 30 31 32 34 35 38 39 41 44 45 48 49 
+3126
3 4 6 10 12 13 14 16 17 18 19 23 26 27 28 31 33 36 38 39 40 41 44 45 46 48 49 
+3130
1 3 12 18 20 12 18 20 21 23 26 28 30 32 33 34 38 39 40 42 43 44 46 49 50 
+3131
2 3 5 6 8 9 12 13 14 15 17 19 23 26 30 31 32 33 34 35 37 39 40 42 45 46 48 
+3135
1 3 4 5 7 8 11 13 16 18 19 20 22 23 24 25 30 31 32 34 35 38 39 41 44 45 48 49 
+3136
1 2 6 11 12 14 16 17 20 22 23 25 26 27 28 29 32 33 36 37 39 41 42 43 45 46 50 
+3140
2 3 5 6 8 9 12 13 14 15 17 19 23 26 30 31 32 33 34 35 37 39 40 42 45 46 48 
+3142
3 5 8 11 12 13 14 16 17 23 25 27 28 29 30 31 33 34 37 39 40 41 42 47 48 50 
+3146
1 9 10 11 15 17 19 25 28 29 30 32 33 41 42 44 45 47 48 38 39 42 45 46 50 38 39 42 45 46 50 
+3148
3 5 8 11 12 13 14 16 17 23 25 27 28 29 30 31 33 34 37 39 40 41 42 47 48 50 
+3149
1 2 6 11 12 14 16 17 20 22 23 25 26 27 28 29 32 33 35 36 37 39 41 42 43 45 46 50 
+3154
1 9 10 11 15 17 19 25 28 29 30 32 33 41 42 44 45 47 48 38 39 42 45 46 50 38 39 42 45 46 50 
+3155
3 4 6 10 12 13 14 16 17 18 19 23 26 27 28 31 33 36 38 39 40 41 44 45 46 48 49 
+3156
1 2 4 5 6 8 10 11 13 16 17 18 20 28 30 34 36 37 39 44 46 47 50 
+3158
3 4 6 10 12 13 14 16 17 18 19 23 26 27 28 31 33 36 38 39 40 41 44 45 46 48 49 
+3160
3 4 5 8 10 13 17 18 19 21 22 25 26 27 29 33 34 36 37 38 49 
+3168
3 4 5 8 10 13 17 18 19 21 22 25 26 27 29 33 34 36 37 38 49 
+3169
1 3 12 18 20 12 18 20 21 23 26 30 32 33 34 38 39 40 42 43 44 46 49 50 
+3174
3 4 6 10 12 13 14 16 17 18 19 23 26 27 28 31 33 36 38 39 40 41 44 45 46 48 49 
+3175
1 2 11 12 14 16 17 20 22 23 25 26 27 28 29 32 33 35 36 37 39 41 42 43 45 46 50 
+3177
2 4 6 7 12 14 15 16 17 19 22 23 26 27 29 30 31 38 43 
+3179
2 4 6 7 12 14 15 16 17 19 22 23 26 27 29 30 31 38 43 
+3181
3 5 8 11 12 13 14 16 17 23 25 26 28 29 30 31 33 34 37 39 40 41 42 47 48 50 
+3182
1 2 11 12 16 17 20 22 23 25 26 27 28 29 32 33 35 36 37 39 41 42 43 45 46 50 
+3192
1 2 11 12 16 17 20 22 23 25 26 27 28 29 32 33 35 36 37 39 41 42 43 45 46 50 
+3194
1 2 11 12 16 17 20 22 23 25 26 27 28 29 32 33 35 37 39 41 42 43 45 46 50 
+3207
1 3 4 5 7 8 11 13 16 18 19 20 22 23 24 25 30 31 32 35 38 39 41 44 45 48 49 
+3211
1 7 9 10 11 15 17 19 23 25 28 29 30 32 33 41 42 44 45 47 48 38 39 42 45 46 50 38 39 42 45 46 50 
+3212
2 3 5 6 7 8 9 10 12 13 14 15 17 19 21 23 26 30 31 32 33 34 35 37 39 40 42 45 46 48 
+3213
3 4 6 10 12 13 14 16 17 18 19 23 25 26 27 28 31 36 38 39 40 41 44 45 46 49 
+3215
3 5 6 8 11 12 13 14 16 17 23 25 28 29 30 31 33 34 37 39 40 41 42 47 48 49 50 
+3218
1 3 4 5 7 8 11 13 16 18 19 20 22 23 24 25 30 31 32 35 38 39 41 44 45 48 49 
+3223
3 4 6 10 12 13 14 16 17 18 19 23 25 26 27 28 31 36 38 39 40 41 44 45 46 49 
+3225
3 4 6 10 12 13 14 16 17 18 19 23 25 26 27 28 31 36 38 39 40 41 44 45 46 49 
+3226
1 3 12 18 20 12 18 20 21 23 26 27 30 32 33 34 38 39 40 42 43 44 46 49 50 
+3227
1 3 12 18 20 12 18 20 21 23 26 27 30 32 33 34 38 39 40 42 43 44 46 49 50 
+3229
3 5 6 8 11 12 13 14 16 17 23 25 28 29 30 31 33 34 37 39 40 41 42 47 48 49 50 
+3230
2 3 5 6 7 8 9 10 12 13 14 15 17 19 21 23 26 30 31 32 33 34 35 37 39 40 42 45 46 48 
+3231
1 7 9 10 11 15 17 19 23 25 28 29 30 32 33 41 42 44 45 47 48 38 39 42 45 46 50 38 39 42 45 46 50 
+3232
1 2 4 6 8 10 13 16 17 18 20 25 27 28 30 34 36 37 39 44 46 47 49 50 
+3237
1 2 4 6 8 10 13 16 17 18 20 25 27 28 30 34 36 37 39 44 46 47 49 50 
+3238
1 3 12 18 20 12 18 20 21 23 26 27 30 32 33 34 38 39 40 42 43 44 46 49 50 
+3241
3 4 5 7 8 11 13 16 18 19 20 22 23 24 25 30 31 32 35 38 39 41 44 45 48 49 
+3242
3 4 6 10 12 13 14 16 17 18 19 23 25 26 27 28 31 36 38 39 40 41 44 45 46 49 
+3243
1 2 4 6 8 10 13 16 17 18 20 25 27 28 30 34 36 37 39 44 46 47 49 50 
+3247
1 7 9 10 11 15 17 19 23 25 28 29 30 32 33 41 42 44 45 47 48 38 39 42 45 46 50 38 39 42 45 46 50 
+3248
3 4 5 8 10 13 17 18 19 21 22 25 26 27 29 33 34 36 37 38 45 49 
+3249
3 4 5 7 8 11 16 18 19 20 22 23 24 25 30 31 32 35 38 39 41 44 45 48 49 
+3251
1 3 12 18 20 12 18 20 21 23 26 27 30 32 33 34 38 39 40 42 43 44 49 
+3253
3 4 5 7 8 11 16 18 19 20 22 23 24 25 30 31 32 35 38 39 41 44 45 48 49 
+3259
2 3 5 6 7 8 9 10 12 13 14 15 17 19 21 23 26 30 31 32 33 34 35 37 39 40 42 45 46 48 
+3260
3 4 5 8 10 13 17 18 19 21 22 25 26 27 29 33 34 36 37 38 45 48 49 
+3261
2 4 6 7 8 12 14 15 16 19 22 23 26 27 29 30 31 38 43 
+3264
2 4 6 7 8 12 14 15 16 19 22 23 26 27 29 30 31 38 43 
+3267
3 4 5 7 8 11 16 18 19 20 22 23 24 25 30 31 32 35 38 39 41 44 45 48 49 
+3270
3 4 5 7 8 11 16 18 19 20 22 23 24 25 30 31 32 35 38 39 41 44 45 48 49 
+3272
1 3 12 18 20 12 18 20 21 23 26 27 30 32 33 34 36 38 39 40 42 43 44 49 
+3275
1 3 12 18 20 12 18 20 21 23 26 27 30 32 33 34 36 38 39 40 42 43 44 49 
+3280
3 4 5 8 10 13 17 18 19 21 22 25 27 29 33 34 36 37 38 45 48 49 
+3281
3 5 6 8 11 12 13 14 16 17 23 25 29 30 31 34 37 39 40 41 42 47 48 49 50 
+3295
1 2 11 12 16 17 20 22 23 25 26 27 28 29 32 33 35 37 39 41 42 45 46 50 
+3298
3 4 6 10 12 13 14 16 17 18 19 23 25 26 27 28 31 36 38 40 41 44 45 46 49 
+3299
3 4 6 10 12 13 14 16 17 18 19 23 25 26 27 28 31 36 38 40 41 44 45 46 49 
+3300
1 3 12 18 20 12 18 20 21 23 26 27 30 32 33 34 36 38 39 40 42 43 44 49 
+3303
1 2 4 6 7 8 14 15 16 19 22 23 27 29 30 31 38 42 43 44 
+3304
2 3 5 6 7 8 9 10 12 13 14 15 17 19 21 23 26 30 31 32 33 34 35 37 39 40 42 45 46 48 
+3306
3 4 6 10 12 13 14 16 17 18 19 23 25 26 27 28 31 33 36 38 40 41 45 46 49 
+3310
1 3 12 18 20 12 18 20 21 23 26 27 30 32 33 34 36 38 39 40 42 43 44 49 
+3318
3 4 5 8 10 13 17 18 19 21 22 25 27 29 33 34 36 37 45 48 49 
+3320
1 3 12 18 20 12 18 20 21 23 26 27 30 32 33 34 36 38 39 40 42 43 44 49 
+3321
1 3 12 18 20 12 18 20 21 23 26 27 30 32 33 34 36 38 39 40 42 43 44 49 
+3323
3 4 6 10 12 13 14 16 17 18 19 23 25 26 27 28 31 33 36 38 40 41 45 46 49 
+3325
1 4 7 9 10 11 15 17 19 23 25 28 29 30 32 33 41 42 44 45 47 48 34 35 38 39 42 45 46 50 34 35 38 39 42 45 46 50 
+3328
1 3 12 18 20 12 18 20 21 23 26 27 30 32 33 34 36 38 39 40 42 43 44 49 
+3329
2 3 5 6 7 8 10 12 13 14 15 17 19 21 23 26 30 31 32 33 34 35 37 39 40 42 45 46 48 
+3334
1 2 4 6 7 8 14 15 16 19 21 22 23 25 27 30 38 42 43 44 
+3342
1 2 3 4 6 8 10 13 16 17 18 20 25 27 28 30 34 36 37 39 44 46 47 49 
+3346
1 2 11 12 16 17 20 22 23 25 26 27 28 29 32 33 35 37 39 41 42 45 46 50 
+3349
3 4 5 7 8 11 16 18 19 20 22 23 24 25 30 32 35 38 39 41 44 45 46 48 49 
+3350
1 3 12 14 12 14 18 20 21 23 26 27 30 32 33 34 36 38 39 40 42 43 44 49 
+3352
3 4 6 10 12 13 14 16 17 18 19 23 25 26 27 28 31 33 36 38 40 41 45 46 48 50 
+3353
3 4 5 8 10 13 17 18 21 22 25 27 29 33 34 36 37 39 45 48 49 
+3358
3 4 5 8 10 13 17 18 21 22 25 27 29 33 34 36 37 39 45 48 49 
+3360
1 2 4 6 7 8 14 15 16 19 21 22 23 25 27 30 38 42 43 
+3366
1 2 4 6 7 8 14 15 16 19 21 22 23 25 27 30 38 42 43 
+3370
3 4 5 7 8 11 16 18 19 20 22 23 24 25 30 32 35 38 39 41 44 45 46 48 49 
+3373
3 4 5 7 8 11 16 18 19 20 22 23 24 25 30 32 35 38 39 41 44 45 46 48 49 
+3374
3 4 5 8 10 13 17 18 21 22 25 27 29 32 33 36 37 39 45 48 49 
+3381
1 3 12 14 12 14 18 20 21 23 26 27 30 32 33 34 36 38 39 40 42 43 44 49 
+3382
1 2 3 4 6 8 10 16 17 18 20 25 27 28 30 34 36 37 39 44 46 47 49 
+3385
3 4 5 6 8 11 12 13 14 16 17 23 25 29 30 31 34 37 39 40 41 47 48 49 50 
+3390
1 2 3 4 6 8 10 16 17 18 20 25 27 28 30 34 36 37 39 44 46 47 49 
+3395
3 4 5 6 8 11 12 13 14 16 17 23 25 29 30 31 34 37 39 40 41 47 48 49 50 
+3397
3 4 6 8 10 13 16 17 18 19 23 25 26 27 28 31 33 36 38 40 41 45 46 48 50 
+3398
3 4 5 8 10 13 15 17 18 21 22 25 27 29 32 33 36 37 39 44 45 48 49 
+3404
3 4 6 8 10 13 16 17 18 19 23 25 26 27 28 31 33 36 38 40 41 45 46 48 50 
+3413
1 2 4 6 7 8 14 15 16 19 21 22 23 25 27 29 30 38 42 43 48 
+3421
2 3 5 7 8 10 12 13 14 17 19 21 23 26 28 30 31 32 34 35 37 39 40 42 45 46 48 
+3428
1 2 4 6 7 8 14 15 16 19 21 22 23 25 27 29 30 38 42 43 47 48 
+3429
1 2 11 12 16 17 20 22 23 25 26 27 29 32 33 35 37 39 41 42 45 46 50 
+3436
3 4 5 8 10 13 15 17 18 21 22 25 27 29 32 33 36 37 39 44 45 48 49 
+3437
3 4 6 10 13 16 17 18 19 23 25 26 27 28 31 36 38 40 41 45 46 48 50 
+3438
1 4 7 9 10 11 15 17 19 23 25 27 28 30 32 33 41 42 44 45 47 48 34 35 38 39 42 45 46 50 34 35 38 39 42 45 46 50 
+3439
3 4 5 6 8 11 12 13 14 16 17 22 23 25 27 29 30 31 34 37 39 40 41 47 48 49 50 
+3442
1 2 11 12 16 17 20 22 23 25 26 27 29 32 33 35 37 39 41 42 45 46 50 
+3445
1 2 11 12 16 17 20 22 23 25 26 27 29 32 33 35 37 39 41 42 45 46 50 
+3447
1 4 7 9 10 11 15 17 19 23 25 27 28 30 32 33 41 42 44 45 47 48 34 35 38 39 42 45 46 50 34 35 38 39 42 45 46 50 
+3450
1 4 7 9 10 11 15 17 19 23 25 27 28 30 32 33 41 42 44 45 47 48 34 35 38 39 42 45 46 50 34 35 38 39 42 45 46 50 
+3451
1 4 7 9 10 11 15 17 19 23 25 27 28 30 32 33 41 42 44 45 47 48 34 35 38 39 42 45 46 50 34 35 38 39 42 45 46 50 
+3454
3 4 5 7 8 11 16 18 19 20 22 23 24 25 30 32 35 38 39 40 41 42 44 45 46 48 49 
+3458
3 4 5 6 8 11 12 13 14 16 17 22 23 25 27 29 30 31 34 37 39 40 41 47 48 49 50 
+3463
1 4 7 9 10 11 15 17 19 23 25 27 28 30 32 33 41 42 44 45 47 48 34 35 38 39 42 45 46 50 34 35 38 39 42 45 46 50 
+3467
3 4 6 10 13 16 17 18 19 23 25 26 27 28 31 36 38 40 41 45 46 48 50 
+3471
1 2 4 6 7 8 14 15 16 19 20 21 22 23 25 27 29 30 38 42 43 47 48 
+3486
1 5 10 12 14 10 12 14 18 20 21 23 25 26 27 30 32 33 34 36 37 38 39 40 42 43 44 45 49 
+3487
1 4 7 9 10 11 15 17 19 23 24 25 27 28 30 32 33 41 42 44 45 47 48 33 34 35 38 33 34 35 38 39 42 45 46 50 
+3489
1 5 10 12 14 10 12 14 18 20 21 23 25 26 27 30 32 33 34 36 37 38 39 40 42 43 44 45 49 
+3490
3 4 5 6 8 11 12 13 14 16 17 22 23 25 27 29 30 34 37 39 40 41 46 47 48 49 50 
+3491
1 5 10 12 14 10 12 14 18 20 21 23 25 26 27 30 32 33 34 36 37 38 39 40 42 43 44 45 49 
+3496
3 4 5 8 10 13 15 17 18 21 22 25 27 29 32 33 36 39 44 45 48 49 
+3498
1 2 4 6 7 8 14 15 16 19 20 21 22 23 25 27 29 30 38 42 43 47 48 
+3500
1 5 10 12 14 10 12 14 18 20 21 23 25 26 27 30 32 33 34 36 37 38 39 40 42 43 44 45 49 
+3501
3 4 5 8 10 13 15 17 18 21 22 25 27 29 32 33 36 39 44 45 48 49 
+3506
1 5 10 12 14 10 12 14 18 20 21 23 25 26 30 32 33 34 36 37 38 39 40 42 43 44 45 49 
+3508
3 4 5 8 10 13 15 17 18 21 22 25 27 29 32 33 36 39 44 45 48 49 
+3511
3 4 5 8 10 13 15 17 18 21 22 25 27 29 32 33 36 39 44 45 48 49 
+3513
1 4 7 9 10 11 15 17 19 23 24 25 27 28 30 32 33 41 42 44 45 47 48 33 34 35 38 33 34 35 38 39 42 45 46 50 
+3514
3 4 5 6 8 11 12 13 14 16 22 23 25 27 29 30 33 34 37 39 40 41 46 47 49 50 
+3522
1 4 7 9 10 11 15 17 19 23 24 25 27 28 30 32 33 41 42 44 45 47 48 33 34 35 38 33 34 35 38 39 42 45 46 50 
+3523
3 4 6 10 13 16 17 18 19 23 25 26 28 31 36 40 41 45 46 48 50 
+3524
3 4 5 6 8 11 12 13 14 16 22 23 25 27 29 30 33 34 37 39 40 41 46 47 49 50 
+3525
1 2 3 4 6 8 10 16 17 20 21 24 25 27 29 30 36 37 39 44 46 47 49 50 
+3528
3 4 5 7 8 11 16 18 19 20 22 23 24 25 29 30 32 35 38 39 40 41 42 44 45 46 48 49 
+3536
1 5 10 12 14 10 12 14 18 20 21 23 25 26 30 32 33 34 36 37 38 39 40 42 43 44 45 49 
+3539
3 4 5 6 8 11 12 13 14 16 22 23 25 27 29 30 33 34 37 39 40 41 46 47 49 50 
+3542
1 2 11 12 16 17 20 22 23 25 26 27 29 32 33 35 37 39 41 42 45 46 50 
+3545
1 2 3 4 5 6 8 10 16 17 20 21 24 25 27 29 30 36 37 39 44 46 47 49 50 
+3549
1 4 7 9 10 11 15 17 19 23 24 25 27 28 30 32 33 41 42 44 45 47 48 33 34 35 38 33 34 35 38 39 42 45 46 50 
+3550
3 4 5 8 10 15 17 18 22 25 27 29 32 33 36 44 45 48 49 
+3552
3 4 5 6 8 11 12 13 14 16 22 23 25 27 29 30 33 34 37 39 40 41 46 47 49 
+3555
1 2 4 6 7 8 10 14 15 16 19 20 21 22 23 25 27 29 30 38 42 43 47 48 
+3556
3 4 6 10 13 16 17 18 19 23 25 26 28 31 36 40 41 45 46 48 50 
+3557
1 2 11 12 16 17 20 22 23 25 26 27 29 32 33 35 37 39 41 42 45 46 50 
+3558
3 4 5 6 8 11 12 13 14 16 22 23 25 27 29 30 33 34 37 39 40 41 46 47 49 
+3560
3 4 5 6 8 11 12 13 14 16 22 23 25 27 29 30 33 34 37 39 40 41 46 47 49 
+3562
1 5 10 12 14 10 12 14 18 20 21 23 25 26 30 32 33 34 36 37 38 39 40 42 44 45 49 
+3563
3 4 6 9 10 13 16 17 18 19 23 25 26 28 31 33 36 40 41 45 46 48 50 
+3569
1 5 10 12 14 10 12 14 18 20 21 23 25 26 30 32 33 34 36 37 38 39 40 42 44 45 49 
+3571
2 3 5 7 8 10 12 13 14 17 19 21 23 26 27 28 30 31 32 33 34 35 37 39 40 41 42 45 46 48 
+3572
1 2 3 4 5 6 8 10 16 17 20 21 24 25 27 29 30 36 37 39 44 46 47 49 50 
+3582
1 2 3 4 5 6 8 10 16 17 20 21 24 25 27 29 30 36 37 39 44 46 47 49 
+3588
1 2 3 4 5 6 8 10 16 17 20 21 24 25 27 29 30 36 37 39 44 46 47 49 
+3590
1 4 7 9 10 11 15 17 19 23 24 25 27 28 30 32 33 41 42 44 45 47 48 33 34 35 38 33 34 35 38 39 42 45 46 49 50 
+3593
3 4 5 6 8 11 13 14 16 22 23 25 27 29 30 33 34 37 39 40 41 46 47 49 
+3596
3 4 5 6 8 11 13 14 16 22 23 25 27 29 30 33 34 37 39 40 41 46 47 49 
+3598
3 4 6 9 10 13 16 17 18 19 23 26 28 31 33 36 40 41 45 46 48 50 
+3601
3 4 5 8 10 15 17 18 22 25 27 29 32 33 36 44 45 48 49 
+3604
3 4 5 6 8 11 13 14 16 22 23 25 27 29 30 33 34 37 39 40 41 46 47 49 
+3605
2 3 5 7 8 10 12 13 14 17 19 21 23 26 28 30 31 32 33 34 35 37 38 39 40 41 42 45 46 48 
+3607
1 2 3 4 5 6 8 10 16 17 20 21 24 25 27 29 30 36 37 39 44 46 47 49 
+3608
1 2 11 12 16 17 20 22 23 25 26 27 29 32 33 35 37 39 41 42 46 50 
+3611
1 4 7 9 10 11 15 17 18 19 23 24 25 27 28 30 32 33 41 42 44 45 47 48 33 34 35 38 33 34 35 38 39 42 46 49 50 
+3613
3 4 5 8 10 15 17 18 22 25 27 29 32 33 36 44 45 48 49 
+3614
1 2 4 6 7 8 10 14 15 16 19 20 21 22 23 25 27 28 29 30 31 38 42 43 47 48 
+3622
3 4 6 7 9 10 13 16 17 18 19 23 26 28 31 33 36 40 41 45 46 48 50 
+3633
1 4 7 9 10 11 15 18 19 23 24 25 27 28 30 32 33 41 42 44 45 47 48 33 34 35 38 33 34 35 38 39 42 46 49 50 
+3634
3 4 5 7 8 11 16 17 18 19 20 22 23 24 25 29 30 35 38 39 40 41 44 46 48 49 
+3636
1 2 4 6 7 8 10 14 15 16 19 20 21 22 23 25 27 28 29 30 31 38 42 43 45 47 48 
+3637
1 4 7 9 10 11 15 18 19 23 24 25 27 28 30 32 33 41 42 44 45 47 48 33 34 35 38 33 34 35 38 39 42 46 49 50 
+3639
1 2 6 11 12 16 17 20 22 25 26 27 29 32 33 35 37 39 41 42 46 50 
+3645
3 4 5 6 11 13 14 16 22 23 25 27 29 30 33 34 37 39 40 41 46 47 49 
+3647
2 3 5 7 8 10 12 14 17 19 21 23 26 28 30 31 32 33 34 35 37 38 39 40 41 45 46 48 49 
+3649
1 2 5 7 10 12 14 10 12 14 18 20 21 23 25 26 28 30 32 33 34 36 37 38 39 40 42 44 45 49 
+3654
3 4 5 7 8 11 16 17 18 19 20 22 23 24 25 27 29 30 35 38 39 40 41 44 46 48 
+3655
3 4 5 6 11 13 14 16 22 23 25 27 29 30 33 34 37 39 40 41 46 47 49 
+3657
1 2 3 4 6 7 8 10 14 15 16 19 20 21 22 23 25 27 28 29 30 31 38 42 43 45 47 48 
+3659
1 2 6 11 12 16 17 20 22 25 26 27 29 32 33 35 37 39 41 42 46 50 
+3660
2 5 7 8 10 12 14 17 19 21 23 26 28 30 31 32 33 34 35 37 38 39 40 41 45 46 48 49 
+3661
1 2 5 7 10 12 14 10 12 14 18 20 21 23 25 26 28 29 30 32 33 34 36 37 38 39 40 42 44 45 49 
+3664
3 4 6 7 9 10 13 16 18 19 23 26 28 31 33 36 40 41 45 46 48 49 50 
+3666
1 2 3 4 6 7 8 10 14 15 16 19 20 21 22 23 25 27 28 29 30 31 38 42 43 45 47 48 
+3668
2 5 7 8 10 12 14 17 19 21 23 26 28 30 31 32 33 34 35 37 38 39 40 41 45 46 48 49 
+3669
3 4 6 7 10 13 16 18 19 23 26 28 31 33 36 40 41 45 46 48 49 50 
+3672
2 5 7 8 10 12 14 17 19 21 23 26 28 30 31 32 33 34 35 37 38 39 40 41 45 46 48 49 
+3677
1 2 3 4 6 7 8 10 14 15 16 19 20 21 23 25 27 28 29 30 31 38 42 43 44 45 47 48 
+3680
1 2 5 7 10 12 14 10 12 14 18 20 21 23 25 26 28 29 30 32 33 34 36 37 38 39 40 42 44 45 49 
+3683
3 4 5 8 10 15 17 18 22 25 27 29 32 33 36 43 44 45 48 49 
+3686
3 4 5 6 11 13 14 16 22 23 25 27 29 30 33 34 37 39 40 41 46 47 49 
+3688
3 4 5 6 11 13 14 16 22 23 25 27 29 30 33 34 37 39 40 41 46 47 49 
+3692
1 2 6 11 12 16 17 19 20 22 25 26 27 29 32 33 35 37 39 41 42 44 46 50 
+3696
3 4 6 7 10 13 16 18 19 23 26 28 31 33 36 40 41 45 46 48 49 50 
+3697
3 4 5 6 8 11 13 14 16 22 23 25 27 29 30 33 34 37 39 40 41 46 47 49 
+3700
1 4 7 9 10 11 15 18 19 23 24 25 27 28 30 32 33 41 42 44 45 47 48 34 35 38 39 42 46 49 50 34 35 38 39 42 46 49 50 
+3701
2 5 7 8 10 12 14 17 19 21 23 26 28 30 31 32 33 34 35 37 38 39 40 41 45 46 48 49 
+3703
2 5 7 8 10 12 14 17 19 21 23 26 28 29 30 31 32 33 34 35 37 38 39 40 41 45 46 48 49 
+3708
3 4 6 7 10 13 16 18 19 23 26 28 31 33 36 40 41 45 46 48 49 50 
+3710
1 2 3 4 6 7 8 10 14 15 16 19 20 21 23 25 27 28 29 30 31 38 42 43 44 45 48 
+3711
1 2 3 4 6 7 8 10 14 15 16 19 20 21 23 25 27 28 29 30 31 38 42 43 44 45 48 
+3714
2 3 4 5 6 8 10 16 17 20 21 24 25 27 29 30 36 37 44 46 47 49 
+3719
2 3 4 5 6 8 10 16 17 20 21 24 25 27 29 30 36 37 44 46 47 49 
+3720
1 2 6 11 12 16 17 19 20 22 25 26 27 29 32 33 35 37 39 41 42 44 46 50 
+3722
3 4 5 7 8 10 15 17 18 22 25 27 29 32 33 36 43 44 45 48 49 
+3724
1 2 6 11 12 16 17 19 20 22 25 26 27 29 32 33 35 37 39 41 42 44 46 50 
+3725
3 4 5 6 8 11 13 14 16 22 23 25 27 29 30 33 34 37 39 40 41 46 47 49 
+3730
2 3 4 5 6 8 10 16 17 20 21 24 25 27 29 30 36 37 44 46 47 49 
+3731
2 5 7 8 10 12 14 17 19 21 23 26 28 29 30 31 32 33 35 37 38 39 40 41 45 46 48 49 
+3732
1 2 6 11 12 16 17 19 20 22 25 26 27 29 32 33 35 37 39 41 42 44 46 50 
+3735
3 4 6 7 10 13 16 18 19 23 26 28 31 33 36 40 41 45 46 48 49 50 
+3739
1 2 3 4 6 7 8 10 14 15 16 19 20 21 23 25 27 28 29 30 31 38 42 43 44 45 48 
+3740
3 4 6 7 10 13 16 18 19 23 26 28 31 33 36 40 41 45 46 48 49 50 
+3742
3 4 6 7 10 13 16 18 19 23 26 28 31 33 36 40 41 45 46 48 49 50 
+3746
1 2 7 10 11 10 12 14 18 20 21 23 26 28 29 30 31 32 33 34 36 37 38 40 42 43 44 45 49 
+3747
3 4 5 7 8 11 16 17 18 19 20 22 23 24 25 27 29 30 32 35 38 39 40 41 44 46 48 
+3749
3 4 6 7 10 13 16 18 19 23 26 28 31 33 36 40 41 45 46 48 49 50 
+3751
2 3 4 5 6 8 10 16 17 20 21 24 25 27 29 30 36 37 44 46 47 49 
+3753
3 4 6 7 10 13 16 18 19 23 26 28 31 33 36 40 41 45 46 48 49 50 
+3756
1 2 7 10 11 10 12 14 18 20 21 23 26 28 29 30 31 32 33 34 36 37 38 40 42 43 44 45 49 
+3757
1 2 3 4 6 7 8 14 15 16 19 20 21 23 25 27 28 29 30 31 38 42 43 44 45 48 
+3758
3 4 5 6 8 11 12 13 14 16 22 23 25 27 29 30 32 33 34 37 39 40 41 46 47 49 
+3760
3 4 5 7 8 11 16 17 18 19 20 22 23 24 25 26 27 29 30 32 35 38 39 40 41 44 46 48 
+3762
1 2 3 4 6 7 8 14 15 16 19 20 21 23 27 28 29 30 31 38 42 43 44 45 48 
+3765
1 2 3 4 6 7 8 14 15 16 19 20 21 23 27 28 29 30 31 38 42 43 44 45 48 
+3766
1 2 7 10 11 10 12 14 18 20 21 23 26 28 29 30 31 32 33 34 36 37 38 40 42 43 44 45 49 
+3768
2 5 7 8 10 12 14 17 19 21 23 26 28 29 30 31 32 33 35 37 38 39 40 41 45 46 48 49 
+3781
3 4 5 7 8 10 12 15 17 18 21 22 25 27 29 32 33 36 43 44 45 46 48 49 
+3782
2 5 7 8 10 12 14 17 19 21 23 26 28 29 30 31 32 33 35 37 38 39 40 41 45 46 48 49 
+3783
3 4 5 7 8 10 12 15 17 18 21 22 25 27 29 32 33 36 43 44 45 46 48 49 
+3784
3 4 5 7 8 10 12 15 17 18 21 22 25 27 29 32 33 36 43 44 45 46 48 49 
+3787
3 4 5 8 11 12 13 14 16 22 23 25 27 29 30 32 33 34 37 39 40 41 46 47 49 
+3788
2 5 7 8 10 12 14 17 19 21 23 26 28 29 30 31 32 33 35 37 38 39 40 41 45 46 48 49 
+3792
1 2 3 4 6 14 15 16 19 20 21 23 28 29 30 31 38 42 43 44 45 48 49 
+3793
2 3 4 5 6 8 10 16 17 20 21 24 25 27 29 30 36 37 44 46 47 49 
+3794
1 4 7 9 10 11 15 18 19 23 24 25 27 28 30 32 33 41 42 44 45 47 48 34 35 38 39 42 46 49 50 34 35 38 39 42 46 49 50 
+3795
3 4 5 7 8 11 16 17 18 19 20 22 23 24 25 26 27 29 30 32 35 38 39 40 41 44 46 48 
+3797
2 5 7 8 10 12 14 17 19 21 23 26 28 29 30 31 32 33 35 37 38 39 40 41 45 46 48 49 
+3800
2 3 4 5 6 8 10 16 17 20 21 24 25 27 29 30 36 37 44 46 47 49 
+3802
1 2 6 11 12 16 17 19 20 22 25 26 27 29 32 33 35 37 39 41 42 44 46 50 
+3803
2 3 4 5 6 8 10 16 17 20 21 24 25 27 29 30 36 37 44 46 47 49 
+3805
